accelerate-llvm-ptx> configure (lib + test)
Configuring accelerate-llvm-ptx-1.3.0.0...
accelerate-llvm-ptx> build (lib + test)
Preprocessing library for accelerate-llvm-ptx-1.3.0.0..
Building library for accelerate-llvm-ptx-1.3.0.0..
[40 of 46] Compiling Data.Array.Accelerate.LLVM.PTX.CodeGen.FoldSeg
Preprocessing test suite 'nofib-llvm-ptx' for accelerate-llvm-ptx-1.3.0.0..
Building test suite 'nofib-llvm-ptx' for accelerate-llvm-ptx-1.3.0.0..
Linking .stack-work/dist/x86_64-linux-tinfo6/Cabal-3.2.0.0/build/nofib-llvm-ptx/nofib-llvm-ptx ...
accelerate-llvm-ptx> copy/register
Installing library in /home/dpvanbalen/accelerate-llvm/.stack-work/install/x86_64-linux-tinfo6/5288d062453996674d0b3429a9c1afbbb65056be95b2af68b2f4062ed12cd4c0/8.10.2/lib/x86_64-linux-ghc-8.10.2/accelerate-llvm-ptx-1.3.0.0-JgVQtVDhtR7AaVBUrK238C
Registering library for accelerate-llvm-ptx-1.3.0.0..
accelerate-llvm-ptx> test (suite: nofib-llvm-ptx, args: --num-threads=1)

nofib-llvm-ptx
  sharing
    simple:                   OK
    ordering:                 OK
    sort:                     OK
    blowup:                   OK
    bfs:                      OK
    same level
      1:                      OK
      2:                      OK
    empty top
      1:                      OK
      2:                      OK
    pipe:                     OK
    bound variables:          OK
    big tuple:                OK
    iteration
      simple:                 OK
      outside:                OK
      body and condition:     OK
      awhile:                 OK
      iterate:                OK
      nested:                 OK
      unused:                 OK
    nested data-parallelism
      mvm:                    FAIL (expected)
        src/Data/Array/Accelerate/Test/NoFib/Sharing.hs:70:
        
        *** Internal error in package accelerate ***
        *** Please submit a bug report at https://github.com/AccelerateHS/accelerate/issues
        
        inconsistent valuation at shared 'Exp' tree (sa=3360; env=[3362])
        
        Note that this error usually arises due to the presence of nested data
        parallelism; when a parallel computation attempts to initiate new parallel
        work _which depends on_ a scalar variable given by the first computation.
        
        For example, suppose we wish to sum the columns of a two-dimensional array.
        You might think to do this in the following (incorrect) way: by constructing
        a vector using 'generate' where at each index we 'slice' out the
        corresponding column of the matrix and 'sum' it:
        
        > sum_columns_ndp :: Num a => Acc (Matrix a) -> Acc (Vector a)
        > sum_columns_ndp mat =
        >   let I2 rows cols = shape mat
        >   in  generate (I1 cols)
        >                (\(I1 col) -> the $ sum (slice mat (lift (Z :. All :. col))))
        
        However, since both 'generate' and 'slice' are data-parallel operators, and
        moreover that 'slice' _depends on_ the argument 'col' given to it by the
        'generate' function, this operation requires nested parallelism and is thus
        not (at this time) permitted. The clue that this definition is invalid is
        that in order to create a program which will be accepted by the type checker,
        we had to use the function 'the' to retrieve the result of the parallel
        'sum', effectively concealing that this is a collective operation in order to
        match the type expected by 'generate'.
        
        To solve this particular example, we can make use of the fact that (most)
        collective operations in Accelerate are _rank polymorphic_. The 'sum'
        operation reduces along the innermost dimension of an array of arbitrary
        rank, reducing the dimensionality of the array by one. To reduce the array
        column-wise then, we first need to simply 'transpose' the array:
        
        > sum_columns :: Num a => Acc (Matrix a) -> Acc (Vector a)
        > sum_columns = sum . transpose
        
        If you feel like this is not the cause of your error, or you would like some
        advice locating the problem and perhaps with a workaround, feel free to
        submit an issue at the above URL.
        
        
        CallStack (from HasCallStack):
          internalError: Data.Array.Accelerate.Trafo.Sharing:702:56
          cvt: Data.Array.Accelerate.Trafo.Sharing:760:48
          cvt: Data.Array.Accelerate.Trafo.Sharing:762:55
          cvt: Data.Array.Accelerate.Trafo.Sharing:762:46
          cvt: Data.Array.Accelerate.Trafo.Sharing:694:69
          convertSharingExp: Data.Array.Accelerate.Trafo.Sharing:909:25
          convertSharingFun1: Data.Array.Accelerate.Trafo.Sharing:298:17
          convertSharingAcc: Data.Array.Accelerate.Trafo.Sharing:292:16
          convertSharingAcc: Data.Array.Accelerate.Trafo.Sharing:292:16
          convertSharingAcc: Data.Array.Accelerate.Trafo.Sharing:285:13
          convertSharingAcc: Data.Array.Accelerate.Trafo.Sharing:282:14
          convertSharingAcc: Data.Array.Accelerate.Trafo.Sharing:243:3
          convertOpenAcc: Data.Array.Accelerate.Trafo.Sharing:161:35
          convertAccWith: Data.Array.Accelerate.Trafo.Sharing:158:14
          convertAcc: Data.Array.Accelerate.Test.NoFib.Sharing:69:19(expected failure)
  prelude
    map
      Int64
        DIM0
          neg:                OK (0.11s)
              ✓ neg passed 100 tests.
          abs:                FAIL (0.03s)
              ✗ abs failed at src/Data/Array/Accelerate/Test/NoFib/Prelude/Map.hs:167:3
                after 1 test.
              
                ━━━ Exception (ErrorCall) ━━━
                
                *** Internal error in package accelerate ***
                *** Please submit a bug report at https://github.com/AccelerateHS/accelerate/issues
                
                ptxas - -o /home/dpvanbalen/.cache/accelerate/accelerate-llvm-1.3.0.0/accelerate-llvm-ptx-1.3.0.0/llvm-hs-9.0.1/nvptx64-nvidia-cuda/sm75/rel/morpb97f7ee1b38234ec8f233c8400ff6512f102d4251ddcf4a4d2fad6f35dd2ccc4.sass -arch=sm_75 (exit 255)
                ptxas fatal   : Unresolved extern function 'llabs'
                
                
                CallStack (from HasCallStack):
                  internalError: Data.Array.Accelerate.LLVM.PTX.Compile:185:24
                  compileCUBIN: Data.Array.Accelerate.LLVM.PTX.Compile:123:20
                  compile: Data.Array.Accelerate.LLVM.PTX.Compile:88:22
              
                This failure can be reproduced by running:
                > recheck (Size 0) (Seed 2908635096316881218 6270582010636232227) abs
              
            Use '--hedgehog-replay "Size 0 Seed 2908635096316881218 6270582010636232227"' to reproduce.
          signum:             OK (0.02s)
              ✓ signum passed 100 tests.
          complement:         OK (0.01s)
              ✓ complement passed 100 tests.
          popCount:           OK (0.01s)
              ✓ popCount passed 100 tests.
          countLeadingZeros:  OK (0.01s)
              ✓ countLeadingZeros passed 100 tests.
          countTrailingZeros: OK (0.01s)
              ✓ countTrailingZeros passed 100 tests.
          fromIntegral:       OK (0.01s)
              ✓ fromIntegral passed 100 tests.
        DIM1
          neg:                OK (0.06s)
              ✓ neg passed 100 tests.
          abs:                FAIL (0.03s)
              ✗ abs failed at src/Data/Array/Accelerate/Test/NoFib/Prelude/Map.hs:167:3
                after 1 test.
              
                ━━━ Exception (ErrorCall) ━━━
                
                *** Internal error in package accelerate ***
                *** Please submit a bug report at https://github.com/AccelerateHS/accelerate/issues
                
                ptxas - -o /home/dpvanbalen/.cache/accelerate/accelerate-llvm-1.3.0.0/accelerate-llvm-ptx-1.3.0.0/llvm-hs-9.0.1/nvptx64-nvidia-cuda/sm75/rel/morp8127750ab4a210bbdc50935d802acf5c67d3e3a1f602a599f823270870336a06.sass -arch=sm_75 (exit 255)
                ptxas fatal   : Unresolved extern function 'llabs'
                
                
                CallStack (from HasCallStack):
                  internalError: Data.Array.Accelerate.LLVM.PTX.Compile:185:24
                  compileCUBIN: Data.Array.Accelerate.LLVM.PTX.Compile:123:20
                  compile: Data.Array.Accelerate.LLVM.PTX.Compile:88:22
              
                This failure can be reproduced by running:
                > recheck (Size 0) (Seed 13988383667224966151 15400429474144892487) abs
              
            Use '--hedgehog-replay "Size 0 Seed 13988383667224966151 15400429474144892487"' to reproduce.
          signum:             OK (0.07s)
              ✓ signum passed 100 tests.
          complement:         OK (0.07s)
              ✓ complement passed 100 tests.
          popCount:           OK (0.06s)
              ✓ popCount passed 100 tests.
          countLeadingZeros:  OK (0.07s)
              ✓ countLeadingZeros passed 100 tests.
          countTrailingZeros: OK (0.06s)
              ✓ countTrailingZeros passed 100 tests.
          fromIntegral:       OK (0.06s)
              ✓ fromIntegral passed 100 tests.
        DIM2
          neg:                OK (0.21s)
              ✓ neg passed 100 tests.
          abs:                FAIL (0.03s)
              ✗ abs failed at src/Data/Array/Accelerate/Test/NoFib/Prelude/Map.hs:167:3
                after 1 test.
              
                ━━━ Exception (ErrorCall) ━━━
                
                *** Internal error in package accelerate ***
                *** Please submit a bug report at https://github.com/AccelerateHS/accelerate/issues
                
                ptxas - -o /home/dpvanbalen/.cache/accelerate/accelerate-llvm-1.3.0.0/accelerate-llvm-ptx-1.3.0.0/llvm-hs-9.0.1/nvptx64-nvidia-cuda/sm75/rel/morpc00152f0ae6c8771fe5ef618540e7878a8e8c0b5f756cc8c2dd022931e05d768.sass -arch=sm_75 (exit 255)
                ptxas fatal   : Unresolved extern function 'llabs'
                
                
                CallStack (from HasCallStack):
                  internalError: Data.Array.Accelerate.LLVM.PTX.Compile:185:24
                  compileCUBIN: Data.Array.Accelerate.LLVM.PTX.Compile:123:20
                  compile: Data.Array.Accelerate.LLVM.PTX.Compile:88:22
              
                This failure can be reproduced by running:
                > recheck (Size 0) (Seed 4301912764743769026 1975791440271478383) abs
              
            Use '--hedgehog-replay "Size 0 Seed 4301912764743769026 1975791440271478383"' to reproduce.
          signum:             OK (0.17s)
              ✓ signum passed 100 tests.
          complement:         OK (0.17s)
              ✓ complement passed 100 tests.
          popCount:           OK (0.17s)
              ✓ popCount passed 100 tests.
          countLeadingZeros:  OK (0.20s)
              ✓ countLeadingZeros passed 100 tests.
          countTrailingZeros: OK (0.12s)
              ✓ countTrailingZeros passed 100 tests.
          fromIntegral:       OK (0.16s)
              ✓ fromIntegral passed 100 tests.
      Double
        DIM0
          neg:                OK (0.01s)
              ✓ neg passed 100 tests.
          abs:                OK (0.01s)
              ✓ abs passed 100 tests.
          signum:             OK (0.01s)
              ✓ signum passed 100 tests.
          recip:              OK (0.01s)
              ✓ recip passed 100 tests.
          sin:                OK (0.01s)
              ✓ sin passed 100 tests.
          cos:                OK (0.01s)
              ✓ cos passed 100 tests.
          tan:                OK (0.01s)
              ✓ tan passed 100 tests.
          asin:               OK (0.01s)
              ✓ asin passed 100 tests.
          acos:               OK (0.01s)
              ✓ acos passed 100 tests.
          atan:               OK (0.01s)
              ✓ atan passed 100 tests.
          asinh:              OK (0.01s)
              ✓ asinh passed 100 tests.
          acosh:              OK (0.01s)
              ✓ acosh passed 100 tests.
          atanh:              OK (0.01s)
              ✓ atanh passed 100 tests.
          exp:                OK (0.01s)
              ✓ exp passed 100 tests.
          sqrt:               OK (0.01s)
              ✓ sqrt passed 100 tests.
          log:                OK (0.01s)
              ✓ log passed 100 tests.
          truncate:           OK (0.01s)
              ✓ truncate passed 100 tests.
          round:              OK (0.01s)
              ✓ round passed 100 tests.
          floor:              OK (0.01s)
              ✓ floor passed 100 tests.
          ceiling:            OK (0.01s)
              ✓ ceiling passed 100 tests.
        DIM1
          neg:                OK (0.11s)
              ✓ neg passed 100 tests.
          abs:                OK (0.12s)
              ✓ abs passed 100 tests.
          signum:             OK (0.10s)
              ✓ signum passed 100 tests.
          recip:              OK (0.10s)
              ✓ recip passed 100 tests.
          sin:                OK (0.11s)
              ✓ sin passed 100 tests.
          cos:                OK (0.12s)
              ✓ cos passed 100 tests.
          tan:                OK (0.14s)
              ✓ tan passed 100 tests.
          asin:               OK (0.08s)
              ✓ asin passed 100 tests.
          acos:               OK (0.11s)
              ✓ acos passed 100 tests.
          atan:               OK (0.10s)
              ✓ atan passed 100 tests.
          asinh:              OK (0.11s)
              ✓ asinh passed 100 tests.
          acosh:              OK (0.12s)
              ✓ acosh passed 100 tests.
          atanh:              OK (0.09s)
              ✓ atanh passed 100 tests.
          exp:                OK (0.10s)
              ✓ exp passed 100 tests.
          sqrt:               OK (0.10s)
              ✓ sqrt passed 100 tests.
          log:                OK (0.11s)
              ✓ log passed 100 tests.
          truncate:           OK (0.10s)
              ✓ truncate passed 100 tests.
          round:              OK (0.10s)
              ✓ round passed 100 tests.
          floor:              OK (0.10s)
              ✓ floor passed 100 tests.
          ceiling:            OK (0.10s)
              ✓ ceiling passed 100 tests.
        DIM2
          neg:                OK (0.30s)
              ✓ neg passed 100 tests.
          abs:                OK (0.21s)
              ✓ abs passed 100 tests.
          signum:             OK (0.26s)
              ✓ signum passed 100 tests.
          recip:              OK (0.26s)
              ✓ recip passed 100 tests.
          sin:                OK (0.27s)
              ✓ sin passed 100 tests.
          cos:                OK (0.22s)
              ✓ cos passed 100 tests.
          tan:                OK (0.33s)
              ✓ tan passed 100 tests.
          asin:               OK (0.21s)
              ✓ asin passed 100 tests.
          acos:               OK (0.22s)
              ✓ acos passed 100 tests.
          atan:               OK (0.26s)
              ✓ atan passed 100 tests.
          asinh:              OK (0.22s)
              ✓ asinh passed 100 tests.
          acosh:              OK (0.26s)
              ✓ acosh passed 100 tests.
          atanh:              OK (0.22s)
              ✓ atanh passed 100 tests.
          exp:                OK (0.28s)
              ✓ exp passed 100 tests.
          sqrt:               OK (0.31s)
              ✓ sqrt passed 100 tests.
          log:                OK (0.35s)
              ✓ log passed 100 tests.
          truncate:           OK (0.36s)
              ✓ truncate passed 100 tests.
          round:              OK (0.24s)
              ✓ round passed 100 tests.
          floor:              OK (0.25s)
              ✓ floor passed 100 tests.
          ceiling:            OK (0.24s)
              ✓ ceiling passed 100 tests.
    zipWith
      Int64
        DIM0
          (+):                OK (0.02s)
              ✓ (+) passed 100 tests.
          (-):                OK (0.02s)
              ✓ (-) passed 100 tests.
          (*):                OK (0.02s)
              ✓ (*) passed 100 tests.
          quot:               OK (0.02s)
              ✓ quot passed 100 tests.
          rem:                OK (0.02s)
              ✓ rem passed 100 tests.
          quotRem:            OK (0.02s)
              ✓ quotRem passed 100 tests.
          div:                OK (0.02s)
              ✓ div passed 100 tests.
          mod:                OK (0.02s)
              ✓ mod passed 100 tests.
          divMod:             OK (0.02s)
              ✓ divMod passed 100 tests.
          (.&.):              OK (0.02s)
              ✓ (.&.) passed 100 tests.
          (.|.):              OK (0.02s)
              ✓ (.|.) passed 100 tests.
          xor:                OK (0.02s)
              ✓ xor passed 100 tests.
          shift:              OK (0.02s)
              ✓ shift passed 100 tests.
          shiftL:             OK (0.02s)
              ✓ shiftL passed 100 tests.
          shiftR:             OK (0.02s)
              ✓ shiftR passed 100 tests.
          rotate:             OK (0.02s)
              ✓ rotate passed 100 tests.
          rotateL:            OK (0.02s)
              ✓ rotateL passed 100 tests.
          rotateR:            OK (0.02s)
              ✓ rotateR passed 100 tests.
          (<):                OK (0.02s)
              ✓ (<) passed 100 tests.
          (>):                OK (0.02s)
              ✓ (>) passed 100 tests.
          (<=):               OK (0.02s)
              ✓ (<=) passed 100 tests.
          (>=):               OK (0.02s)
              ✓ (>=) passed 100 tests.
          (==):               OK (0.02s)
              ✓ (==) passed 100 tests.
          (/=):               OK (0.02s)
              ✓ (/=) passed 100 tests.
          min:                OK (0.02s)
              ✓ min passed 100 tests.
          max:                OK (0.02s)
              ✓ max passed 100 tests.
        DIM1
          (+):                OK (0.14s)
              ✓ (+) passed 100 tests.
          (-):                OK (0.14s)
              ✓ (-) passed 100 tests.
          (*):                OK (0.15s)
              ✓ (*) passed 100 tests.
          quot:               OK (0.17s)
              ✓ quot passed 100 tests.
          rem:                OK (0.19s)
              ✓ rem passed 100 tests.
          quotRem:            OK (0.18s)
              ✓ quotRem passed 100 tests.
          div:                OK (0.18s)
              ✓ div passed 100 tests.
          mod:                OK (0.18s)
              ✓ mod passed 100 tests.
          divMod:             OK (0.21s)
              ✓ divMod passed 100 tests.
          (.&.):              OK (0.15s)
              ✓ (.&.) passed 100 tests.
          (.|.):              OK (0.16s)
              ✓ (.|.) passed 100 tests.
          xor:                OK (0.14s)
              ✓ xor passed 100 tests.
          shift:              OK (0.12s)
              ✓ shift passed 100 tests.
          shiftL:             OK (0.12s)
              ✓ shiftL passed 100 tests.
          shiftR:             OK (0.13s)
              ✓ shiftR passed 100 tests.
          rotate:             OK (0.12s)
              ✓ rotate passed 100 tests.
          rotateL:            OK (0.14s)
              ✓ rotateL passed 100 tests.
          rotateR:            OK (0.12s)
              ✓ rotateR passed 100 tests.
          (<):                OK (0.17s)
              ✓ (<) passed 100 tests.
          (>):                OK (0.14s)
              ✓ (>) passed 100 tests.
          (<=):               OK (0.14s)
              ✓ (<=) passed 100 tests.
          (>=):               OK (0.13s)
              ✓ (>=) passed 100 tests.
          (==):               OK (0.14s)
              ✓ (==) passed 100 tests.
          (/=):               OK (0.13s)
              ✓ (/=) passed 100 tests.
          min:                OK (0.12s)
              ✓ min passed 100 tests.
          max:                OK (0.12s)
              ✓ max passed 100 tests.
        DIM2
          (+):                OK (0.29s)
              ✓ (+) passed 100 tests.
          (-):                OK (0.26s)
              ✓ (-) passed 100 tests.
          (*):                OK (0.30s)
              ✓ (*) passed 100 tests.
          quot:               OK (0.40s)
              ✓ quot passed 100 tests.
          rem:                OK (0.40s)
              ✓ rem passed 100 tests.
          quotRem:            OK (0.38s)
              ✓ quotRem passed 100 tests.
          div:                OK (0.27s)
              ✓ div passed 100 tests.
          mod:                OK (0.31s)
              ✓ mod passed 100 tests.
          divMod:             OK (0.34s)
              ✓ divMod passed 100 tests.
          (.&.):              OK (0.27s)
              ✓ (.&.) passed 100 tests.
          (.|.):              OK (0.26s)
              ✓ (.|.) passed 100 tests.
          xor:                OK (0.32s)
              ✓ xor passed 100 tests.
          shift:              OK (0.26s)
              ✓ shift passed 100 tests.
          shiftL:             OK (0.22s)
              ✓ shiftL passed 100 tests.
          shiftR:             OK (0.28s)
              ✓ shiftR passed 100 tests.
          rotate:             OK (0.28s)
              ✓ rotate passed 100 tests.
          rotateL:            OK (0.30s)
              ✓ rotateL passed 100 tests.
          rotateR:            OK (0.25s)
              ✓ rotateR passed 100 tests.
          (<):                OK (0.34s)
              ✓ (<) passed 100 tests.
          (>):                OK (0.30s)
              ✓ (>) passed 100 tests.
          (<=):               OK (0.31s)
              ✓ (<=) passed 100 tests.
          (>=):               OK (0.29s)
              ✓ (>=) passed 100 tests.
          (==):               OK (0.33s)
              ✓ (==) passed 100 tests.
          (/=):               OK (0.28s)
              ✓ (/=) passed 100 tests.
          min:                OK (0.31s)
              ✓ min passed 100 tests.
          max:                OK (0.25s)
              ✓ max passed 100 tests.
      Double
        DIM0
          (+):                OK (0.02s)
              ✓ (+) passed 100 tests.
          (-):                OK (0.02s)
              ✓ (-) passed 100 tests.
          (*):                OK (0.02s)
              ✓ (*) passed 100 tests.
          (/):                OK (0.02s)
              ✓ (/) passed 100 tests.
          (**):               OK (0.02s)
              ✓ (**) passed 100 tests.
          atan2:              OK (0.02s)
              ✓ atan2 passed 100 tests.
          logBase:            OK (0.02s)
              ✓ logBase passed 100 tests.
          (<):                OK (0.02s)
              ✓ (<) passed 100 tests.
          (>):                OK (0.02s)
              ✓ (>) passed 100 tests.
          (<=):               OK (0.02s)
              ✓ (<=) passed 100 tests.
          (>=):               OK (0.02s)
              ✓ (>=) passed 100 tests.
          (==):               OK (0.02s)
              ✓ (==) passed 100 tests.
          (/=):               OK (0.02s)
              ✓ (/=) passed 100 tests.
          min:                OK (0.02s)
              ✓ min passed 100 tests.
          max:                OK (0.01s)
              ✓ max passed 100 tests.
        DIM1
          (+):                OK (0.20s)
              ✓ (+) passed 100 tests.
          (-):                OK (0.18s)
              ✓ (-) passed 100 tests.
          (*):                OK (0.18s)
              ✓ (*) passed 100 tests.
          (/):                OK (0.22s)
              ✓ (/) passed 100 tests.
          (**):               OK (0.18s)
              ✓ (**) passed 100 tests.
          atan2:              OK (0.17s)
              ✓ atan2 passed 100 tests.
          logBase:            OK (0.23s)
              ✓ logBase passed 100 tests.
          (<):                OK (0.20s)
              ✓ (<) passed 100 tests.
          (>):                OK (0.19s)
              ✓ (>) passed 100 tests.
          (<=):               OK (0.20s)
              ✓ (<=) passed 100 tests.
          (>=):               OK (0.22s)
              ✓ (>=) passed 100 tests.
          (==):               OK (0.20s)
              ✓ (==) passed 100 tests.
          (/=):               OK (0.20s)
              ✓ (/=) passed 100 tests.
          min:                OK (0.20s)
              ✓ min passed 100 tests.
          max:                OK (0.20s)
              ✓ max passed 100 tests.
        DIM2
          (+):                OK (0.46s)
              ✓ (+) passed 100 tests.
          (-):                OK (0.36s)
              ✓ (-) passed 100 tests.
          (*):                OK (0.49s)
              ✓ (*) passed 100 tests.
          (/):                OK (0.45s)
              ✓ (/) passed 100 tests.
          (**):               OK (0.39s)
              ✓ (**) passed 100 tests.
          atan2:              OK (0.42s)
              ✓ atan2 passed 100 tests.
          logBase:            OK (0.55s)
              ✓ logBase passed 100 tests.
          (<):                OK (0.44s)
              ✓ (<) passed 100 tests.
          (>):                OK (0.51s)
              ✓ (>) passed 100 tests.
          (<=):               OK (0.44s)
              ✓ (<=) passed 100 tests.
          (>=):               OK (0.39s)
              ✓ (>=) passed 100 tests.
          (==):               OK (0.49s)
              ✓ (==) passed 100 tests.
          (/=):               OK (0.37s)
              ✓ (/=) passed 100 tests.
          min:                OK (0.36s)
              ✓ min passed 100 tests.
          max:                OK (0.44s)
              ✓ max passed 100 tests.
    simd
      Int64
        extract
          V2:                 OK (0.16s)
              ✓ V2 passed 100 tests.
          V3:                 OK (0.27s)
              ✓ V3 passed 100 tests.
          V4:                 OK (0.36s)
              ✓ V4 passed 100 tests.
        inject
          V2:                 OK (0.11s)
              ✓ V2 passed 100 tests.
          V3:                 OK (0.19s)
              ✓ V3 passed 100 tests.
          V4:                 OK (0.27s)
              ✓ V4 passed 100 tests.
      Double
        extract
          V2:                 OK (0.22s)
              ✓ V2 passed 100 tests.
          V3:                 OK (0.36s)
              ✓ V3 passed 100 tests.
          V4:                 OK (0.48s)
              ✓ V4 passed 100 tests.
        inject
          V2:                 OK (0.18s)
              ✓ V2 passed 100 tests.
          V3:                 OK (0.29s)
              ✓ V3 passed 100 tests.
          V4:                 OK (0.37s)
              ✓ V4 passed 100 tests.
    fold
      Int64
        DIM1
          sum:                OK (0.06s)
              ✓ sum passed 100 tests.
          non-neutral sum:    OK (0.06s)
              ✓ non-neutral sum passed 100 tests.
          non-commutative:    OK (0.07s)
              ✓ non-commutative passed 100 tests.
          minimum:            OK (0.06s)
              ✓ minimum passed 100 tests.
          maximum:            OK (0.06s)
              ✓ maximum passed 100 tests.
        DIM2
          sum:                OK (0.16s)
              ✓ sum passed 100 tests.
          non-neutral sum:    OK (0.12s)
              ✓ non-neutral sum passed 100 tests.
          non-commutative:    OK (0.12s)
              ✓ non-commutative passed 100 tests.
          minimum:            OK (0.13s)
              ✓ minimum passed 100 tests.
          maximum:            OK (0.13s)
              ✓ maximum passed 100 tests.
        DIM3
          sum:                OK (0.41s)
              ✓ sum passed 100 tests.
          non-neutral sum:    OK (0.29s)
              ✓ non-neutral sum passed 100 tests.
          non-commutative:    OK (0.22s)
              ✓ non-commutative passed 100 tests.
          minimum:            OK (0.24s)
              ✓ minimum passed 100 tests.
          maximum:            OK (0.20s)
              ✓ maximum passed 100 tests.
      Double
        DIM1
          sum:                OK (0.10s)
              ✓ sum passed 100 tests.
          non-neutral sum:    OK (0.09s)
              ✓ non-neutral sum passed 100 tests.
          non-commutative:    OK (0.10s)
              ✓ non-commutative passed 100 tests.
          minimum:            OK (0.10s)
              ✓ minimum passed 100 tests.
          maximum:            OK (0.09s)
              ✓ maximum passed 100 tests.
        DIM2
          sum:                OK (0.17s)
              ✓ sum passed 100 tests.
          non-neutral sum:    OK (0.20s)
              ✓ non-neutral sum passed 100 tests.
          non-commutative:    OK (0.21s)
              ✓ non-commutative passed 100 tests.
          minimum:            OK (0.18s)
              ✓ minimum passed 100 tests.
          maximum:            OK (0.26s)
              ✓ maximum passed 100 tests.
        DIM3
          sum:                OK (0.33s)
              ✓ sum passed 100 tests.
          non-neutral sum:    OK (0.40s)
              ✓ non-neutral sum passed 100 tests.
          non-commutative:    OK (0.48s)
              ✓ non-commutative passed 100 tests.
          minimum:            OK (0.54s)
              ✓ minimum passed 100 tests.
          maximum:            OK (0.31s)
              ✓ maximum passed 100 tests.
    foldSeg
      Int64
        DIM1
          sum:                OK (0.19s)
              ✓ sum passed 100 tests.
          non-neutral sum:    OK (0.20s)
              ✓ non-neutral sum passed 100 tests.
          minimum:            OK (0.20s)
              ✓ minimum passed 100 tests.
          maximum:            OK (0.18s)
              ✓ maximum passed 100 tests.
        DIM2
          sum:                OK (1.69s)
              ✓ sum passed 100 tests.
          non-neutral sum:    OK (2.80s)
              ✓ non-neutral sum passed 100 tests.
          minimum:            OK (2.40s)
              ✓ minimum passed 100 tests.
          maximum:            OK (2.15s)
              ✓ maximum passed 100 tests.
        DIM3
          sum:                OK (3.58s)
              ✓ sum passed 100 tests.
          non-neutral sum:    OK (2.66s)
              ✓ non-neutral sum passed 100 tests.
          minimum:            OK (2.41s)
              ✓ minimum passed 100 tests.
          maximum:            OK (6.08s)
              ✓ maximum passed 100 tests.
      Double
        DIM1
          sum:                OK (0.27s)
              ✓ sum passed 100 tests.
          non-neutral sum:    OK (0.27s)
              ✓ non-neutral sum passed 100 tests.
          minimum:            OK (0.28s)
              ✓ minimum passed 100 tests.
          maximum:            OK (0.34s)
              ✓ maximum passed 100 tests.
        DIM2
          sum:                OK (2.12s)
              ✓ sum passed 100 tests.
          non-neutral sum:    OK (2.05s)
              ✓ non-neutral sum passed 100 tests.
          minimum:            OK (2.30s)
              ✓ minimum passed 100 tests.
          maximum:            OK (2.67s)
              ✓ maximum passed 100 tests.
        DIM3
          sum:                OK (4.33s)
              ✓ sum passed 100 tests.
          non-neutral sum:    OK (5.39s)
              ✓ non-neutral sum passed 100 tests.
          minimum:            OK (4.36s)
              ✓ minimum passed 100 tests.
          maximum:            OK (3.92s)
              ✓ maximum passed 100 tests.
    backpermute
      Int64
        DIM1
          take:               OK (0.06s)
              ✓ take passed 100 tests.
          drop:               OK (0.07s)
              ✓ drop passed 100 tests.
          gather->DIM1:       OK (0.11s)
              ✓ gather->DIM1 passed 100 tests.
          gather->DIM2:       OK (0.19s)
              ✓ gather->DIM2 passed 100 tests.
          gather->DIM3:       OK (0.31s)
              ✓ gather->DIM3 passed 100 tests.
        DIM2
          take:               OK (0.11s)
              ✓ take passed 100 tests.
          drop:               OK (0.14s)
              ✓ drop passed 100 tests.
          gather->DIM1:       OK (0.18s)
              ✓ gather->DIM1 passed 100 tests.
          gather->DIM2:       OK (0.28s)
              ✓ gather->DIM2 passed 100 tests.
          gather->DIM3:       OK (0.48s)
              ✓ gather->DIM3 passed 100 tests.
        DIM3
          take:               OK (0.27s)
              ✓ take passed 100 tests.
          drop:               OK (0.43s)
              ✓ drop passed 100 tests.
          gather->DIM1:       OK (0.37s)
              ✓ gather->DIM1 passed 100 tests.
          gather->DIM2:       OK (0.48s)
              ✓ gather->DIM2 passed 100 tests.
          gather->DIM3:       OK (0.60s)
              ✓ gather->DIM3 passed 100 tests.
      Double
        DIM1
          take:               OK (0.09s)
              ✓ take passed 100 tests.
          drop:               OK (0.09s)
              ✓ drop passed 100 tests.
          gather->DIM1:       OK (0.15s)
              ✓ gather->DIM1 passed 100 tests.
          gather->DIM2:       OK (0.19s)
              ✓ gather->DIM2 passed 100 tests.
          gather->DIM3:       OK (0.34s)
              ✓ gather->DIM3 passed 100 tests.
        DIM2
          take:               OK (0.18s)
              ✓ take passed 100 tests.
          drop:               OK (0.18s)
              ✓ drop passed 100 tests.
          gather->DIM1:       OK (0.26s)
              ✓ gather->DIM1 passed 100 tests.
          gather->DIM2:       OK (0.38s)
              ✓ gather->DIM2 passed 100 tests.
          gather->DIM3:       OK (0.51s)
              ✓ gather->DIM3 passed 100 tests.
        DIM3
          take:               OK (0.51s)
              ✓ take passed 100 tests.
          drop:               OK (0.30s)
              ✓ drop passed 100 tests.
          gather->DIM1:       OK (0.44s)
              ✓ gather->DIM1 passed 100 tests.
          gather->DIM2:       OK (0.56s)
              ✓ gather->DIM2 passed 100 tests.
          gather->DIM3:       OK (0.80s)
              ✓ gather->DIM3 passed 100 tests.
    permute
      Int64
        DIM1
          scatter->DIM1:      OK (0.21s)
              ✓ scatter->DIM1 passed 100 tests.
          scatter->DIM2:      OK (0.32s)
              ✓ scatter->DIM2 passed 100 tests.
          scatter->DIM3:      OK (0.55s)
              ✓ scatter->DIM3 passed 100 tests.
          accumulate->DIM1:   OK (0.17s)
              ✓ accumulate->DIM1 passed 100 tests.
          accumulate->DIM2:   OK (0.17s)
              ✓ accumulate->DIM2 passed 100 tests.
          accumulate->DIM3:   OK (0.17s)
              ✓ accumulate->DIM3 passed 100 tests.
        DIM2
          scatter->DIM1:      OK (0.47s)
              ✓ scatter->DIM1 passed 100 tests.
          scatter->DIM2:      OK (0.59s)
              ✓ scatter->DIM2 passed 100 tests.
          scatter->DIM3:      OK (0.68s)
              ✓ scatter->DIM3 passed 100 tests.
          accumulate->DIM1:   OK (0.34s)
              ✓ accumulate->DIM1 passed 100 tests.
          accumulate->DIM2:   OK (0.34s)
              ✓ accumulate->DIM2 passed 100 tests.
          accumulate->DIM3:   OK (0.33s)
              ✓ accumulate->DIM3 passed 100 tests.
        DIM3
          scatter->DIM1:      OK (0.68s)
              ✓ scatter->DIM1 passed 100 tests.
          scatter->DIM2:      OK (0.87s)
              ✓ scatter->DIM2 passed 100 tests.
          scatter->DIM3:      OK (1.21s)
              ✓ scatter->DIM3 passed 100 tests.
          accumulate->DIM1:   OK (0.78s)
              ✓ accumulate->DIM1 passed 100 tests.
          accumulate->DIM2:   OK (0.90s)
              ✓ accumulate->DIM2 passed 100 tests.
          accumulate->DIM3:   OK (0.87s)
              ✓ accumulate->DIM3 passed 100 tests.
      Double
        DIM1
          scatter->DIM1:      OK (0.25s)
              ✓ scatter->DIM1 passed 100 tests.
          scatter->DIM2:      OK (0.34s)
              ✓ scatter->DIM2 passed 100 tests.
          scatter->DIM3:      OK (0.58s)
              ✓ scatter->DIM3 passed 100 tests.
          accumulate->DIM1:   OK (0.19s)
              ✓ accumulate->DIM1 passed 100 tests.
          accumulate->DIM2:   OK (0.18s)
              ✓ accumulate->DIM2 passed 100 tests.
          accumulate->DIM3:   OK (0.22s)
              ✓ accumulate->DIM3 passed 100 tests.
        DIM2
          scatter->DIM1:      OK (0.53s)
              ✓ scatter->DIM1 passed 100 tests.
          scatter->DIM2:      OK (0.58s)
              ✓ scatter->DIM2 passed 100 tests.
          scatter->DIM3:      OK (0.82s)
              ✓ scatter->DIM3 passed 100 tests.
          accumulate->DIM1:   OK (0.43s)
              ✓ accumulate->DIM1 passed 100 tests.
          accumulate->DIM2:   OK (0.42s)
              ✓ accumulate->DIM2 passed 100 tests.
          accumulate->DIM3:   OK (0.43s)
              ✓ accumulate->DIM3 passed 100 tests.
        DIM3
          scatter->DIM1:      OK (1.05s)
              ✓ scatter->DIM1 passed 100 tests.
          scatter->DIM2:      OK (1.55s)
              ✓ scatter->DIM2 passed 100 tests.
          scatter->DIM3:      OK (1.12s)
              ✓ scatter->DIM3 passed 100 tests.
          accumulate->DIM1:   OK (0.98s)
              ✓ accumulate->DIM1 passed 100 tests.
          accumulate->DIM2:   OK (1.03s)
              ✓ accumulate->DIM2 passed 100 tests.
          accumulate->DIM3:   OK (0.74s)
              ✓ accumulate->DIM3 passed 100 tests.
    scanl
      Int64
        DIM1
          sum:                FAIL (0.02s)
              ✗ sum failed at src/Data/Array/Accelerate/Test/NoFib/Prelude/Scan.hs:487:51
                after 2 tests and 58 shrinks.
              
                forAll0 =
                  Vector (Z :. 2) [ 0 , 1 ]
                
                forAll1 =
                  Z :. 2
                
                forAll2 =
                  0
              
                ━━━ Failed (- lhs) (+ rhs) ━━━
                - Vector (Z :. 3) [ 0 , 0 , 2 ]
                + Vector (Z :. 3) [ 0 , 0 , 1 ]
              
                This failure can be reproduced by running:
                > recheck (Size 1) (Seed 18306614053654548599 586463380947152829) sum
              
            Use '--hedgehog-replay "Size 1 Seed 18306614053654548599 586463380947152829"' to reproduce.
          non-neutral sum:    FAIL (0.02s)
              ✗ non-neutral sum failed at src/Data/Array/Accelerate/Test/NoFib/Prelude/Scan.hs:487:51
                after 3 tests and 60 shrinks.
              
                forAll0 =
                  Vector (Z :. 2) [ 0 , 1 ]
                
                forAll1 =
                  Z :. 2
                
                forAll2 =
                  0
              
                ━━━ Failed (- lhs) (+ rhs) ━━━
                - Vector (Z :. 3) [ 0 , 0 , 2 ]
                + Vector (Z :. 3) [ 0 , 0 , 1 ]
              
                This failure can be reproduced by running:
                > recheck (Size 2) (Seed 13236294070726920751 3342323480603085141) non-neutral sum
              
            Use '--hedgehog-replay "Size 2 Seed 13236294070726920751 3342323480603085141"' to reproduce.
          non-commutative:    FAIL
              ✗ non-commutative failed at src/Data/Array/Accelerate/Test/NoFib/Prelude/Scan.hs:564:56
                after 1 test, 3 shrinks and 2 discards.
              
                forAll0 =
                  Z :. 2
              
                ━━━ Failed (- lhs) (+ rhs) ━━━
                - Vector (Z :. 3) [ ( -1 , -1 ) , ( 0 , 0 ) , ( -2 , -2 ) ]
                + Vector (Z :. 3) [ ( -1 , -1 ) , ( 0 , 0 ) , ( 0 , 1 ) ]
              
                This failure can be reproduced by running:
                > recheck (Size 2) (Seed 6089416538938601779 2599508628539653869) non-commutative
              
            Use '--hedgehog-replay "Size 2 Seed 6089416538938601779 2599508628539653869"' to reproduce.
        DIM2
          sum:                FAIL (0.02s)
              ✗ sum failed at src/Data/Array/Accelerate/Test/NoFib/Prelude/Scan.hs:487:51
                after 6 tests and 62 shrinks.
              
                forAll0 =
                  Matrix (Z :. 1 :. 2) [ 0 , -1 ]
                
                forAll1 =
                  Z :. 1 :. 2
                
                forAll2 =
                  0
              
                ━━━ Failed (- lhs) (+ rhs) ━━━
                - Matrix (Z :. 1 :. 3) [ 0 , 0 , -2 ]
                + Matrix (Z :. 1 :. 3) [ 0 , 0 , -1 ]
              
                This failure can be reproduced by running:
                > recheck (Size 5) (Seed 1200480137469436442 8631145514807669525) sum
              
            Use '--hedgehog-replay "Size 5 Seed 1200480137469436442 8631145514807669525"' to reproduce.
          non-neutral sum:    FAIL (0.02s)
              ✗ non-neutral sum failed at src/Data/Array/Accelerate/Test/NoFib/Prelude/Scan.hs:487:51
                after 5 tests and 62 shrinks.
              
                forAll0 =
                  Matrix (Z :. 1 :. 2) [ 0 , -1 ]
                
                forAll1 =
                  Z :. 1 :. 2
                
                forAll2 =
                  0
              
                ━━━ Failed (- lhs) (+ rhs) ━━━
                - Matrix (Z :. 1 :. 3) [ 0 , 0 , -2 ]
                + Matrix (Z :. 1 :. 3) [ 0 , 0 , -1 ]
              
                This failure can be reproduced by running:
                > recheck (Size 4) (Seed 1539369296937392482 16625857572428226645) non-neutral sum
              
            Use '--hedgehog-replay "Size 4 Seed 1539369296937392482 16625857572428226645"' to reproduce.
          non-commutative:    FAIL
              ✗ non-commutative failed at src/Data/Array/Accelerate/Test/NoFib/Prelude/Scan.hs:564:56
                after 3 tests, 1 shrink and 1 discard.
              
                forAll0 =
                  Z :. 1 :. 2
              
                ━━━ Failed (- lhs) (+ rhs) ━━━
                - Matrix (Z :. 1 :. 3) [ ( -1 , -1 ) , ( 0 , 0 ) , ( -2 , -2 ) ]
                + Matrix (Z :. 1 :. 3) [ ( -1 , -1 ) , ( 0 , 0 ) , ( 0 , 1 ) ]
              
                This failure can be reproduced by running:
                > recheck (Size 3) (Seed 7175657023560814010 370347961969250677) non-commutative
              
            Use '--hedgehog-replay "Size 3 Seed 7175657023560814010 370347961969250677"' to reproduce.
        DIM3
          sum:                FAIL (0.02s)
              ✗ sum failed at src/Data/Array/Accelerate/Test/NoFib/Prelude/Scan.hs:487:51
                after 14 tests and 63 shrinks.
              
                forAll0 =
                  Array (Z :. 1 :. 1 :. 2) [ 0 , -1 ]
                
                forAll1 =
                  Z :. 1 :. 1 :. 2
                
                forAll2 =
                  0
              
                ━━━ Failed (- lhs) (+ rhs) ━━━
                - Array (Z :. 1 :. 1 :. 3) [ 0 , 0 , -2 ]
                + Array (Z :. 1 :. 1 :. 3) [ 0 , 0 , -1 ]
              
                This failure can be reproduced by running:
                > recheck (Size 13) (Seed 9837015128256592937 13767457990253792053) sum
              
            Use '--hedgehog-replay "Size 13 Seed 9837015128256592937 13767457990253792053"' to reproduce.
          non-neutral sum:    FAIL (0.02s)
              ✗ non-neutral sum failed at src/Data/Array/Accelerate/Test/NoFib/Prelude/Scan.hs:487:51
                after 8 tests and 59 shrinks.
              
                forAll0 =
                  Array (Z :. 1 :. 1 :. 2) [ 0 , -1 ]
                
                forAll1 =
                  Z :. 1 :. 1 :. 2
                
                forAll2 =
                  0
              
                ━━━ Failed (- lhs) (+ rhs) ━━━
                - Array (Z :. 1 :. 1 :. 3) [ 0 , 0 , -2 ]
                + Array (Z :. 1 :. 1 :. 3) [ 0 , 0 , -1 ]
              
                This failure can be reproduced by running:
                > recheck (Size 7) (Seed 424376575994948943 10934135829341950543) non-neutral sum
              
            Use '--hedgehog-replay "Size 7 Seed 424376575994948943 10934135829341950543"' to reproduce.
          non-commutative:    FAIL
              ✗ non-commutative failed at src/Data/Array/Accelerate/Test/NoFib/Prelude/Scan.hs:564:56
                after 9 tests, 2 shrinks and 5 discards.
              
                forAll0 =
                  Z :. 1 :. 1 :. 2
              
                ━━━ Failed (- lhs) (+ rhs) ━━━
                - Array (Z :. 1 :. 1 :. 3) [ ( -1 , -1 ) , ( 0 , 0 ) , ( -2 , -2 ) ]
                + Array (Z :. 1 :. 1 :. 3) [ ( -1 , -1 ) , ( 0 , 0 ) , ( 0 , 1 ) ]
              
                This failure can be reproduced by running:
                > recheck (Size 13) (Seed 10187161405419283650 15354817680983906899) non-commutative
              
            Use '--hedgehog-replay "Size 13 Seed 10187161405419283650 15354817680983906899"' to reproduce.
      Double
        DIM1
          sum:                FAIL (0.11s)
              ✗ sum failed at src/Data/Array/Accelerate/Test/NoFib/Prelude/Scan.hs:487:51
                after 2 tests and 47 shrinks.
              
                forAll0 =
                  Vector (Z :. 2) [ 0.0 , -5.0e-5 ]
                
                forAll1 =
                  Z :. 2
                
                forAll2 =
                  0.0
              
                ━━━ Failed (- lhs) (+ rhs) ━━━
                - Vector (Z :. 3) [ 0.0 , 0.0 , -1.0e-4 ]
                + Vector (Z :. 3) [ 0.0 , 0.0 , -5.0e-5 ]
              
                This failure can be reproduced by running:
                > recheck (Size 1) (Seed 4020163337709763860 8476693999110732787) sum
              
            Use '--hedgehog-replay "Size 1 Seed 4020163337709763860 8476693999110732787"' to reproduce.
          non-neutral sum:    FAIL (0.12s)
              ✗ non-neutral sum failed at src/Data/Array/Accelerate/Test/NoFib/Prelude/Scan.hs:487:51
                after 3 tests and 51 shrinks.
              
                forAll0 =
                  Vector (Z :. 2) [ 0.0 , -5.0e-5 ]
                
                forAll1 =
                  Z :. 2
                
                forAll2 =
                  0.0
              
                ━━━ Failed (- lhs) (+ rhs) ━━━
                - Vector (Z :. 3) [ 0.0 , 0.0 , -1.0e-4 ]
                + Vector (Z :. 3) [ 0.0 , 0.0 , -5.0e-5 ]
              
                This failure can be reproduced by running:
                > recheck (Size 2) (Seed 12215134503202917478 17163938353732982351) non-neutral sum
              
            Use '--hedgehog-replay "Size 2 Seed 12215134503202917478 17163938353732982351"' to reproduce.
          non-commutative:    FAIL
              ✗ non-commutative failed at src/Data/Array/Accelerate/Test/NoFib/Prelude/Scan.hs:564:56
                after 1 test, 3 shrinks and 1 discard.
              
                forAll0 =
                  Z :. 2
              
                ━━━ Failed (- lhs) (+ rhs) ━━━
                  Vector
                    Z :. 3
                -   [ ( -1.0 , -1.0 ) , ( 0.0 , 0.0 ) , ( -2.0 , -2.0 ) ]
                +   [ ( -1.0 , -1.0 ) , ( 0.0 , 0.0 ) , ( 0.0 , 1.0 ) ]
              
                This failure can be reproduced by running:
                > recheck (Size 1) (Seed 14436940427787489952 7038494666483878133) non-commutative
              
            Use '--hedgehog-replay "Size 1 Seed 14436940427787489952 7038494666483878133"' to reproduce.
        DIM2
          sum:                FAIL (0.10s)
              ✗ sum failed at src/Data/Array/Accelerate/Test/NoFib/Prelude/Scan.hs:487:51
                after 6 tests and 46 shrinks.
              
                forAll0 =
                  Matrix (Z :. 1 :. 2) [ 0.0 , -5.0e-5 ]
                
                forAll1 =
                  Z :. 1 :. 2
                
                forAll2 =
                  0.0
              
                ━━━ Failed (- lhs) (+ rhs) ━━━
                - Matrix (Z :. 1 :. 3) [ 0.0 , 0.0 , -1.0e-4 ]
                + Matrix (Z :. 1 :. 3) [ 0.0 , 0.0 , -5.0e-5 ]
              
                This failure can be reproduced by running:
                > recheck (Size 5) (Seed 18438579259855325989 9302074483422048607) sum
              
            Use '--hedgehog-replay "Size 5 Seed 18438579259855325989 9302074483422048607"' to reproduce.
          non-neutral sum:    FAIL (0.09s)
              ✗ non-neutral sum failed at src/Data/Array/Accelerate/Test/NoFib/Prelude/Scan.hs:487:51
                after 5 tests and 44 shrinks.
              
                forAll0 =
                  Matrix (Z :. 1 :. 2) [ 0.0 , -5.0e-5 ]
                
                forAll1 =
                  Z :. 1 :. 2
                
                forAll2 =
                  0.0
              
                ━━━ Failed (- lhs) (+ rhs) ━━━
                - Matrix (Z :. 1 :. 3) [ 0.0 , 0.0 , -1.0e-4 ]
                + Matrix (Z :. 1 :. 3) [ 0.0 , 0.0 , -5.0e-5 ]
              
                This failure can be reproduced by running:
                > recheck (Size 4) (Seed 1882937492425182398 10894628039079017635) non-neutral sum
              
            Use '--hedgehog-replay "Size 4 Seed 1882937492425182398 10894628039079017635"' to reproduce.
          non-commutative:    FAIL
              ✗ non-commutative failed at src/Data/Array/Accelerate/Test/NoFib/Prelude/Scan.hs:564:56
                after 4 tests, 2 shrinks and 2 discards.
              
                forAll0 =
                  Z :. 1 :. 2
              
                ━━━ Failed (- lhs) (+ rhs) ━━━
                  Matrix
                    Z :. 1 :. 3
                -   [ ( -1.0 , -1.0 ) , ( 0.0 , 0.0 ) , ( -2.0 , -2.0 ) ]
                +   [ ( -1.0 , -1.0 ) , ( 0.0 , 0.0 ) , ( 0.0 , 1.0 ) ]
              
                This failure can be reproduced by running:
                > recheck (Size 5) (Seed 7812707457367302556 4055776988716979763) non-commutative
              
            Use '--hedgehog-replay "Size 5 Seed 7812707457367302556 4055776988716979763"' to reproduce.
        DIM3
          sum:                FAIL (0.09s)
              ✗ sum failed at src/Data/Array/Accelerate/Test/NoFib/Prelude/Scan.hs:487:51
                after 9 tests and 44 shrinks.
              
                forAll0 =
                  Array (Z :. 1 :. 1 :. 2) [ 0.0 , 5.0e-5 ]
                
                forAll1 =
                  Z :. 1 :. 1 :. 2
                
                forAll2 =
                  0.0
              
                ━━━ Failed (- lhs) (+ rhs) ━━━
                - Array (Z :. 1 :. 1 :. 3) [ 0.0 , 0.0 , 1.0e-4 ]
                + Array (Z :. 1 :. 1 :. 3) [ 0.0 , 0.0 , 5.0e-5 ]
              
                This failure can be reproduced by running:
                > recheck (Size 8) (Seed 17696644878414253707 7485823290753923967) sum
              
            Use '--hedgehog-replay "Size 8 Seed 17696644878414253707 7485823290753923967"' to reproduce.
          non-neutral sum:    FAIL (0.08s)
              ✗ non-neutral sum failed at src/Data/Array/Accelerate/Test/NoFib/Prelude/Scan.hs:487:51
                after 14 tests and 44 shrinks.
              
                forAll0 =
                  Array (Z :. 1 :. 1 :. 2) [ 0.0 , -5.0e-5 ]
                
                forAll1 =
                  Z :. 1 :. 1 :. 2
                
                forAll2 =
                  0.0
              
                ━━━ Failed (- lhs) (+ rhs) ━━━
                - Array (Z :. 1 :. 1 :. 3) [ 0.0 , 0.0 , -1.0e-4 ]
                + Array (Z :. 1 :. 1 :. 3) [ 0.0 , 0.0 , -5.0e-5 ]
              
                This failure can be reproduced by running:
                > recheck (Size 13) (Seed 2333934998951107624 6168133620147640827) non-neutral sum
              
            Use '--hedgehog-replay "Size 13 Seed 2333934998951107624 6168133620147640827"' to reproduce.
          non-commutative:    FAIL
              ✗ non-commutative failed at src/Data/Array/Accelerate/Test/NoFib/Prelude/Scan.hs:564:56
                after 5 tests, 2 shrinks and 4 discards.
              
                forAll0 =
                  Z :. 1 :. 1 :. 2
              
                ━━━ Failed (- lhs) (+ rhs) ━━━
                  Array
                    Z :. 1 :. 1 :. 3
                -   [ ( -1.0 , -1.0 ) , ( 0.0 , 0.0 ) , ( -2.0 , -2.0 ) ]
                +   [ ( -1.0 , -1.0 ) , ( 0.0 , 0.0 ) , ( 0.0 , 1.0 ) ]
              
                This failure can be reproduced by running:
                > recheck (Size 8) (Seed 3690641659812560014 4389910435908216571) non-commutative
              
            Use '--hedgehog-replay "Size 8 Seed 3690641659812560014 4389910435908216571"' to reproduce.
    scanl1
      Int64
        DIM1
          sum:                FAIL (0.02s)
              ✗ sum failed at src/Data/Array/Accelerate/Test/NoFib/Prelude/Scan.hs:499:38
                after 1 test, 60 shrinks and 2 discards.
              
                forAll0 =
                  Vector (Z :. 2) [ 0 , -1 ]
                
                forAll1 =
                  Z :. 2
              
                ━━━ Failed (- lhs) (+ rhs) ━━━
                - Vector (Z :. 2) [ 0 , -2 ]
                + Vector (Z :. 2) [ 0 , -1 ]
              
                This failure can be reproduced by running:
                > recheck (Size 2) (Seed 15778967484185350280 16007579356956817751) sum
              
            Use '--hedgehog-replay "Size 2 Seed 15778967484185350280 16007579356956817751"' to reproduce.
          non-commutative:    FAIL
              ✗ non-commutative failed at src/Data/Array/Accelerate/Test/NoFib/Prelude/Scan.hs:576:42
                after 1 test and 1 discard.
              
                forAll0 =
                  Z :. 2
              
                ━━━ Failed (- lhs) (+ rhs) ━━━
                - Vector (Z :. 2) [ ( 0 , 0 ) , ( -2 , -2 ) ]
                + Vector (Z :. 2) [ ( 0 , 0 ) , ( 0 , 1 ) ]
              
                This failure can be reproduced by running:
                > recheck (Size 1) (Seed 11636193141192555890 1512495238243571457) non-commutative
              
            Use '--hedgehog-replay "Size 1 Seed 11636193141192555890 1512495238243571457"' to reproduce.
        DIM2
          sum:                FAIL (0.02s)
              ✗ sum failed at src/Data/Array/Accelerate/Test/NoFib/Prelude/Scan.hs:499:38
                after 4 tests, 60 shrinks and 1 discard.
              
                forAll0 =
                  Matrix (Z :. 1 :. 2) [ 0 , 1 ]
                
                forAll1 =
                  Z :. 1 :. 2
              
                ━━━ Failed (- lhs) (+ rhs) ━━━
                - Matrix (Z :. 1 :. 2) [ 0 , 2 ]
                + Matrix (Z :. 1 :. 2) [ 0 , 1 ]
              
                This failure can be reproduced by running:
                > recheck (Size 4) (Seed 7192331918601969130 4901181557317401249) sum
              
            Use '--hedgehog-replay "Size 4 Seed 7192331918601969130 4901181557317401249"' to reproduce.
          non-commutative:    FAIL
              ✗ non-commutative failed at src/Data/Array/Accelerate/Test/NoFib/Prelude/Scan.hs:576:42
                after 1 test and 4 discards.
              
                forAll0 =
                  Z :. 1 :. 2
              
                ━━━ Failed (- lhs) (+ rhs) ━━━
                - Matrix (Z :. 1 :. 2) [ ( 0 , 0 ) , ( -2 , -2 ) ]
                + Matrix (Z :. 1 :. 2) [ ( 0 , 0 ) , ( 0 , 1 ) ]
              
                This failure can be reproduced by running:
                > recheck (Size 4) (Seed 9644066848360798741 14481626183047626733) non-commutative
              
            Use '--hedgehog-replay "Size 4 Seed 9644066848360798741 14481626183047626733"' to reproduce.
        DIM3
          sum:                FAIL (0.02s)
              ✗ sum failed at src/Data/Array/Accelerate/Test/NoFib/Prelude/Scan.hs:499:38
                after 8 tests, 63 shrinks and 3 discards.
              
                forAll0 =
                  Array (Z :. 1 :. 1 :. 2) [ 0 , 1 ]
                
                forAll1 =
                  Z :. 1 :. 1 :. 2
              
                ━━━ Failed (- lhs) (+ rhs) ━━━
                - Array (Z :. 1 :. 1 :. 2) [ 0 , 2 ]
                + Array (Z :. 1 :. 1 :. 2) [ 0 , 1 ]
              
                This failure can be reproduced by running:
                > recheck (Size 10) (Seed 6262231511023189933 18217261611859566673) sum
              
            Use '--hedgehog-replay "Size 10 Seed 6262231511023189933 18217261611859566673"' to reproduce.
          non-commutative:    FAIL
              ✗ non-commutative failed at src/Data/Array/Accelerate/Test/NoFib/Prelude/Scan.hs:576:42
                after 1 test, 1 shrink and 9 discards.
              
                forAll0 =
                  Z :. 1 :. 1 :. 2
              
                ━━━ Failed (- lhs) (+ rhs) ━━━
                - Array (Z :. 1 :. 1 :. 2) [ ( 0 , 0 ) , ( -2 , -2 ) ]
                + Array (Z :. 1 :. 1 :. 2) [ ( 0 , 0 ) , ( 0 , 1 ) ]
              
                This failure can be reproduced by running:
                > recheck (Size 9) (Seed 10972353751782948194 17601804166823203539) non-commutative
              
            Use '--hedgehog-replay "Size 9 Seed 10972353751782948194 17601804166823203539"' to reproduce.
      Double
        DIM1
          sum:                FAIL (0.11s)
              ✗ sum failed at src/Data/Array/Accelerate/Test/NoFib/Prelude/Scan.hs:499:38
                after 2 tests, 50 shrinks and 1 discard.
              
                forAll0 =
                  Vector (Z :. 2) [ 0.0 , 5.0e-5 ]
                
                forAll1 =
                  Z :. 2
              
                ━━━ Failed (- lhs) (+ rhs) ━━━
                - Vector (Z :. 2) [ 0.0 , 1.0e-4 ]
                + Vector (Z :. 2) [ 0.0 , 5.0e-5 ]
              
                This failure can be reproduced by running:
                > recheck (Size 2) (Seed 11806944383447279949 8775863737459482645) sum
              
            Use '--hedgehog-replay "Size 2 Seed 11806944383447279949 8775863737459482645"' to reproduce.
          non-commutative:    FAIL
              ✗ non-commutative failed at src/Data/Array/Accelerate/Test/NoFib/Prelude/Scan.hs:576:42
                after 1 test, 2 shrinks and 1 discard.
              
                forAll0 =
                  Z :. 2
              
                ━━━ Failed (- lhs) (+ rhs) ━━━
                - Vector (Z :. 2) [ ( 0.0 , 0.0 ) , ( -2.0 , -2.0 ) ]
                + Vector (Z :. 2) [ ( 0.0 , 0.0 ) , ( 0.0 , 1.0 ) ]
              
                This failure can be reproduced by running:
                > recheck (Size 1) (Seed 15981935586024904658 2506635719705885589) non-commutative
              
            Use '--hedgehog-replay "Size 1 Seed 15981935586024904658 2506635719705885589"' to reproduce.
        DIM2
          sum:                FAIL (0.09s)
              ✗ sum failed at src/Data/Array/Accelerate/Test/NoFib/Prelude/Scan.hs:499:38
                after 1 test, 44 shrinks and 3 discards.
              
                forAll0 =
                  Matrix (Z :. 1 :. 2) [ 0.0 , 5.0e-5 ]
                
                forAll1 =
                  Z :. 1 :. 2
              
                ━━━ Failed (- lhs) (+ rhs) ━━━
                - Matrix (Z :. 1 :. 2) [ 0.0 , 1.0e-4 ]
                + Matrix (Z :. 1 :. 2) [ 0.0 , 5.0e-5 ]
              
                This failure can be reproduced by running:
                > recheck (Size 3) (Seed 15032527207198382602 15551080718251626089) sum
              
            Use '--hedgehog-replay "Size 3 Seed 15032527207198382602 15551080718251626089"' to reproduce.
          non-commutative:    FAIL
              ✗ non-commutative failed at src/Data/Array/Accelerate/Test/NoFib/Prelude/Scan.hs:576:42
                after 1 test, 1 shrink and 3 discards.
              
                forAll0 =
                  Z :. 1 :. 2
              
                ━━━ Failed (- lhs) (+ rhs) ━━━
                - Matrix (Z :. 1 :. 2) [ ( 0.0 , 0.0 ) , ( -2.0 , -2.0 ) ]
                + Matrix (Z :. 1 :. 2) [ ( 0.0 , 0.0 ) , ( 0.0 , 1.0 ) ]
              
                This failure can be reproduced by running:
                > recheck (Size 3) (Seed 4382102226268080942 9557457685915544645) non-commutative
              
            Use '--hedgehog-replay "Size 3 Seed 4382102226268080942 9557457685915544645"' to reproduce.
        DIM3
          sum:                FAIL (0.11s)
              ✗ sum failed at src/Data/Array/Accelerate/Test/NoFib/Prelude/Scan.hs:499:38
                after 7 tests, 52 shrinks and 3 discards.
              
                forAll0 =
                  Array (Z :. 1 :. 1 :. 2) [ 0.0 , -5.0e-5 ]
                
                forAll1 =
                  Z :. 1 :. 1 :. 2
              
                ━━━ Failed (- lhs) (+ rhs) ━━━
                - Array (Z :. 1 :. 1 :. 2) [ 0.0 , -1.0e-4 ]
                + Array (Z :. 1 :. 1 :. 2) [ 0.0 , -5.0e-5 ]
              
                This failure can be reproduced by running:
                > recheck (Size 9) (Seed 14504942070458553984 17405372401067793681) sum
              
            Use '--hedgehog-replay "Size 9 Seed 14504942070458553984 17405372401067793681"' to reproduce.
          non-commutative:    FAIL
              ✗ non-commutative failed at src/Data/Array/Accelerate/Test/NoFib/Prelude/Scan.hs:576:42
                after 1 test, 2 shrinks and 14 discards.
              
                forAll0 =
                  Z :. 1 :. 1 :. 2
              
                ━━━ Failed (- lhs) (+ rhs) ━━━
                - Array (Z :. 1 :. 1 :. 2) [ ( 0.0 , 0.0 ) , ( -2.0 , -2.0 ) ]
                + Array (Z :. 1 :. 1 :. 2) [ ( 0.0 , 0.0 ) , ( 0.0 , 1.0 ) ]
              
                This failure can be reproduced by running:
                > recheck (Size 14) (Seed 3205581859899435689 5079181495362102719) non-commutative
              
            Use '--hedgehog-replay "Size 14 Seed 3205581859899435689 5079181495362102719"' to reproduce.
    scanl'
      Int64
        DIM1
          sum:                FAIL (0.02s)
              ✗ sum failed at src/Data/Array/Accelerate/Test/NoFib/Prelude/Scan.hs:513:52
                after 2 tests and 59 shrinks.
              
                forAll0 =
                  Vector (Z :. 2) [ 0 , 1 ]
                
                forAll1 =
                  Z :. 2
                
                forAll2 =
                  0
              
                ━━━ Failed (- lhs) (+ rhs) ━━━
                - ( Vector (Z :. 2) [ 0 , 0 ] , Scalar Z [ 2 ] )
                + ( Vector (Z :. 2) [ 0 , 0 ] , Scalar Z [ 1 ] )
              
                This failure can be reproduced by running:
                > recheck (Size 1) (Seed 1370924225898868005 337183755965346621) sum
              
            Use '--hedgehog-replay "Size 1 Seed 1370924225898868005 337183755965346621"' to reproduce.
          non-neutral sum:    FAIL (0.03s)
              ✗ non-neutral sum failed at src/Data/Array/Accelerate/Test/NoFib/Prelude/Scan.hs:513:52
                after 2 tests and 59 shrinks.
              
                forAll0 =
                  Vector (Z :. 2) [ 0 , 1 ]
                
                forAll1 =
                  Z :. 2
                
                forAll2 =
                  0
              
                ━━━ Failed (- lhs) (+ rhs) ━━━
                - ( Vector (Z :. 2) [ 0 , 0 ] , Scalar Z [ 2 ] )
                + ( Vector (Z :. 2) [ 0 , 0 ] , Scalar Z [ 1 ] )
              
                This failure can be reproduced by running:
                > recheck (Size 1) (Seed 4902690074853235358 12691293891925529009) non-neutral sum
              
            Use '--hedgehog-replay "Size 1 Seed 4902690074853235358 12691293891925529009"' to reproduce.
          non-commutative:    FAIL
              ✗ non-commutative failed at src/Data/Array/Accelerate/Test/NoFib/Prelude/Scan.hs:588:57
                after 2 tests, 1 shrink and 1 discard.
              
                forAll0 =
                  Z :. 2
              
                ━━━ Failed (- lhs) (+ rhs) ━━━
                  (
                    Vector (Z :. 2) [ ( -1 , -1 ) , ( 0 , 0 ) ]
                - , Scalar Z [ ( -2 , -2 ) ]
                + , Scalar Z [ ( 0 , 1 ) ]
                  )
              
                This failure can be reproduced by running:
                > recheck (Size 2) (Seed 7066572892698599515 12972384262399379751) non-commutative
              
            Use '--hedgehog-replay "Size 2 Seed 7066572892698599515 12972384262399379751"' to reproduce.
        DIM2
          sum:                FAIL (0.03s)
              ✗ sum failed at src/Data/Array/Accelerate/Test/NoFib/Prelude/Scan.hs:513:52
                after 5 tests and 61 shrinks.
              
                forAll0 =
                  Matrix (Z :. 1 :. 2) [ 0 , 1 ]
                
                forAll1 =
                  Z :. 1 :. 2
                
                forAll2 =
                  0
              
                ━━━ Failed (- lhs) (+ rhs) ━━━
                - ( Matrix (Z :. 1 :. 2) [ 0 , 0 ] , Vector (Z :. 1) [ 2 ] )
                + ( Matrix (Z :. 1 :. 2) [ 0 , 0 ] , Vector (Z :. 1) [ 1 ] )
              
                This failure can be reproduced by running:
                > recheck (Size 4) (Seed 792172180303437728 6397565121872429219) sum
              
            Use '--hedgehog-replay "Size 4 Seed 792172180303437728 6397565121872429219"' to reproduce.
          non-neutral sum:    FAIL (0.02s)
              ✗ non-neutral sum failed at src/Data/Array/Accelerate/Test/NoFib/Prelude/Scan.hs:513:52
                after 4 tests and 60 shrinks.
              
                forAll0 =
                  Matrix (Z :. 1 :. 2) [ 0 , 1 ]
                
                forAll1 =
                  Z :. 1 :. 2
                
                forAll2 =
                  0
              
                ━━━ Failed (- lhs) (+ rhs) ━━━
                - ( Matrix (Z :. 1 :. 2) [ 0 , 0 ] , Vector (Z :. 1) [ 2 ] )
                + ( Matrix (Z :. 1 :. 2) [ 0 , 0 ] , Vector (Z :. 1) [ 1 ] )
              
                This failure can be reproduced by running:
                > recheck (Size 3) (Seed 2118476690671573591 10658503943970059753) non-neutral sum
              
            Use '--hedgehog-replay "Size 3 Seed 2118476690671573591 10658503943970059753"' to reproduce.
          non-commutative:    FAIL
              ✗ non-commutative failed at src/Data/Array/Accelerate/Test/NoFib/Prelude/Scan.hs:588:57
                after 3 tests and 2 discards.
              
                forAll0 =
                  Z :. 1 :. 2
              
                ━━━ Failed (- lhs) (+ rhs) ━━━
                  (
                    Matrix (Z :. 1 :. 2) [ ( -1 , -1 ) , ( 0 , 0 ) ]
                - , Vector (Z :. 1) [ ( -2 , -2 ) ]
                + , Vector (Z :. 1) [ ( 0 , 1 ) ]
                  )
              
                This failure can be reproduced by running:
                > recheck (Size 4) (Seed 8009431701009690666 10575058370704376759) non-commutative
              
            Use '--hedgehog-replay "Size 4 Seed 8009431701009690666 10575058370704376759"' to reproduce.
        DIM3
          sum:                FAIL (0.03s)
              ✗ sum failed at src/Data/Array/Accelerate/Test/NoFib/Prelude/Scan.hs:513:52
                after 15 tests and 63 shrinks.
              
                forAll0 =
                  Array (Z :. 1 :. 1 :. 2) [ 0 , 1 ]
                
                forAll1 =
                  Z :. 1 :. 1 :. 2
                
                forAll2 =
                  0
              
                ━━━ Failed (- lhs) (+ rhs) ━━━
                - ( Array (Z :. 1 :. 1 :. 2) [ 0 , 0 ] , Matrix (Z :. 1 :. 1) [ 2 ] )
                + ( Array (Z :. 1 :. 1 :. 2) [ 0 , 0 ] , Matrix (Z :. 1 :. 1) [ 1 ] )
              
                This failure can be reproduced by running:
                > recheck (Size 14) (Seed 17792414036335427379 10560036760783182911) sum
              
            Use '--hedgehog-replay "Size 14 Seed 17792414036335427379 10560036760783182911"' to reproduce.
          non-neutral sum:    FAIL (0.02s)
              ✗ non-neutral sum failed at src/Data/Array/Accelerate/Test/NoFib/Prelude/Scan.hs:513:52
                after 9 tests and 54 shrinks.
              
                forAll0 =
                  Array (Z :. 1 :. 1 :. 2) [ 0 , 1 ]
                
                forAll1 =
                  Z :. 1 :. 1 :. 2
                
                forAll2 =
                  0
              
                ━━━ Failed (- lhs) (+ rhs) ━━━
                - ( Array (Z :. 1 :. 1 :. 2) [ 0 , 0 ] , Matrix (Z :. 1 :. 1) [ 2 ] )
                + ( Array (Z :. 1 :. 1 :. 2) [ 0 , 0 ] , Matrix (Z :. 1 :. 1) [ 1 ] )
              
                This failure can be reproduced by running:
                > recheck (Size 8) (Seed 1004092222719214267 10589112675935096201) non-neutral sum
              
            Use '--hedgehog-replay "Size 8 Seed 1004092222719214267 10589112675935096201"' to reproduce.
          non-commutative:    FAIL
              ✗ non-commutative failed at src/Data/Array/Accelerate/Test/NoFib/Prelude/Scan.hs:588:57
                after 6 tests, 3 shrinks and 3 discards.
              
                forAll0 =
                  Z :. 1 :. 1 :. 2
              
                ━━━ Failed (- lhs) (+ rhs) ━━━
                  (
                    Array (Z :. 1 :. 1 :. 2) [ ( -1 , -1 ) , ( 0 , 0 ) ]
                - , Matrix (Z :. 1 :. 1) [ ( -2 , -2 ) ]
                + , Matrix (Z :. 1 :. 1) [ ( 0 , 1 ) ]
                  )
              
                This failure can be reproduced by running:
                > recheck (Size 8) (Seed 11107272367717317699 7561505400215069349) non-commutative
              
            Use '--hedgehog-replay "Size 8 Seed 11107272367717317699 7561505400215069349"' to reproduce.
      Double
        DIM1
          sum:                FAIL (0.12s)
              ✗ sum failed at src/Data/Array/Accelerate/Test/NoFib/Prelude/Scan.hs:513:52
                after 2 tests and 37 shrinks.
              
                forAll0 =
                  Vector (Z :. 2) [ 0.0 , 5.0e-5 ]
                
                forAll1 =
                  Z :. 2
                
                forAll2 =
                  0.0
              
                ━━━ Failed (- lhs) (+ rhs) ━━━
                - ( Vector (Z :. 2) [ 0.0 , 0.0 ] , Scalar Z [ 1.0e-4 ] )
                + ( Vector (Z :. 2) [ 0.0 , 0.0 ] , Scalar Z [ 5.0e-5 ] )
              
                This failure can be reproduced by running:
                > recheck (Size 1) (Seed 16508772996952938128 6187873228470536841) sum
              
            Use '--hedgehog-replay "Size 1 Seed 16508772996952938128 6187873228470536841"' to reproduce.
          non-neutral sum:    FAIL (0.11s)
              ✗ non-neutral sum failed at src/Data/Array/Accelerate/Test/NoFib/Prelude/Scan.hs:513:52
                after 2 tests and 40 shrinks.
              
                forAll0 =
                  Vector (Z :. 2) [ 0.0 , 5.0e-5 ]
                
                forAll1 =
                  Z :. 2
                
                forAll2 =
                  0.0
              
                ━━━ Failed (- lhs) (+ rhs) ━━━
                - ( Vector (Z :. 2) [ 0.0 , 0.0 ] , Scalar Z [ 1.0e-4 ] )
                + ( Vector (Z :. 2) [ 0.0 , 0.0 ] , Scalar Z [ 5.0e-5 ] )
              
                This failure can be reproduced by running:
                > recheck (Size 1) (Seed 1669173951966763736 14180103197238694901) non-neutral sum
              
            Use '--hedgehog-replay "Size 1 Seed 1669173951966763736 14180103197238694901"' to reproduce.
          non-commutative:    FAIL
              ✗ non-commutative failed at src/Data/Array/Accelerate/Test/NoFib/Prelude/Scan.hs:588:57
                after 1 test, 3 shrinks and 1 discard.
              
                forAll0 =
                  Z :. 2
              
                ━━━ Failed (- lhs) (+ rhs) ━━━
                  (
                    Vector (Z :. 2) [ ( -1.0 , -1.0 ) , ( 0.0 , 0.0 ) ]
                - , Scalar Z [ ( -2.0 , -2.0 ) ]
                + , Scalar Z [ ( 0.0 , 1.0 ) ]
                  )
              
                This failure can be reproduced by running:
                > recheck (Size 1) (Seed 6049031778840928760 3026729351097039017) non-commutative
              
            Use '--hedgehog-replay "Size 1 Seed 6049031778840928760 3026729351097039017"' to reproduce.
        DIM2
          sum:                FAIL (0.17s)
              ✗ sum failed at src/Data/Array/Accelerate/Test/NoFib/Prelude/Scan.hs:513:52
                after 4 tests and 46 shrinks.
              
                forAll0 =
                  Matrix (Z :. 1 :. 2) [ 0.0 , -5.0e-5 ]
                
                forAll1 =
                  Z :. 1 :. 2
                
                forAll2 =
                  0.0
              
                ━━━ Failed (- lhs) (+ rhs) ━━━
                  (
                    Matrix (Z :. 1 :. 2) [ 0.0 , 0.0 ]
                - , Vector (Z :. 1) [ -1.0e-4 ]
                + , Vector (Z :. 1) [ -5.0e-5 ]
                  )
              
                This failure can be reproduced by running:
                > recheck (Size 3) (Seed 12627136908268691472 15167387682184561653) sum
              
            Use '--hedgehog-replay "Size 3 Seed 12627136908268691472 15167387682184561653"' to reproduce.
          non-neutral sum:    FAIL (0.12s)
              ✗ non-neutral sum failed at src/Data/Array/Accelerate/Test/NoFib/Prelude/Scan.hs:513:52
                after 5 tests and 41 shrinks.
              
                forAll0 =
                  Matrix (Z :. 1 :. 2) [ 0.0 , 5.0e-5 ]
                
                forAll1 =
                  Z :. 1 :. 2
                
                forAll2 =
                  0.0
              
                ━━━ Failed (- lhs) (+ rhs) ━━━
                - ( Matrix (Z :. 1 :. 2) [ 0.0 , 0.0 ] , Vector (Z :. 1) [ 1.0e-4 ] )
                + ( Matrix (Z :. 1 :. 2) [ 0.0 , 0.0 ] , Vector (Z :. 1) [ 5.0e-5 ] )
              
                This failure can be reproduced by running:
                > recheck (Size 4) (Seed 3396815095359533410 15858916436149273565) non-neutral sum
              
            Use '--hedgehog-replay "Size 4 Seed 3396815095359533410 15858916436149273565"' to reproduce.
          non-commutative:    FAIL
              ✗ non-commutative failed at src/Data/Array/Accelerate/Test/NoFib/Prelude/Scan.hs:588:57
                after 3 tests, 2 shrinks and 4 discards.
              
                forAll0 =
                  Z :. 1 :. 2
              
                ━━━ Failed (- lhs) (+ rhs) ━━━
                  (
                    Matrix (Z :. 1 :. 2) [ ( -1.0 , -1.0 ) , ( 0.0 , 0.0 ) ]
                - , Vector (Z :. 1) [ ( -2.0 , -2.0 ) ]
                + , Vector (Z :. 1) [ ( 0.0 , 1.0 ) ]
                  )
              
                This failure can be reproduced by running:
                > recheck (Size 6) (Seed 5553734920604290363 324933168184070689) non-commutative
              
            Use '--hedgehog-replay "Size 6 Seed 5553734920604290363 324933168184070689"' to reproduce.
        DIM3
          sum:                FAIL (0.12s)
              ✗ sum failed at src/Data/Array/Accelerate/Test/NoFib/Prelude/Scan.hs:513:52
                after 8 tests and 42 shrinks.
              
                forAll0 =
                  Array (Z :. 1 :. 1 :. 2) [ 0.0 , -5.0e-5 ]
                
                forAll1 =
                  Z :. 1 :. 1 :. 2
                
                forAll2 =
                  0.0
              
                ━━━ Failed (- lhs) (+ rhs) ━━━
                  (
                    Array (Z :. 1 :. 1 :. 2) [ 0.0 , 0.0 ]
                - , Matrix (Z :. 1 :. 1) [ -1.0e-4 ]
                + , Matrix (Z :. 1 :. 1) [ -5.0e-5 ]
                  )
              
                This failure can be reproduced by running:
                > recheck (Size 7) (Seed 5297331215781568330 6946785056818040441) sum
              
            Use '--hedgehog-replay "Size 7 Seed 5297331215781568330 6946785056818040441"' to reproduce.
          non-neutral sum:    FAIL (0.14s)
              ✗ non-neutral sum failed at src/Data/Array/Accelerate/Test/NoFib/Prelude/Scan.hs:513:52
                after 8 tests and 48 shrinks.
              
                forAll0 =
                  Array (Z :. 1 :. 1 :. 2) [ 0.0 , 5.0e-5 ]
                
                forAll1 =
                  Z :. 1 :. 1 :. 2
                
                forAll2 =
                  0.0
              
                ━━━ Failed (- lhs) (+ rhs) ━━━
                  (
                    Array (Z :. 1 :. 1 :. 2) [ 0.0 , 0.0 ]
                - , Matrix (Z :. 1 :. 1) [ 1.0e-4 ]
                + , Matrix (Z :. 1 :. 1) [ 5.0e-5 ]
                  )
              
                This failure can be reproduced by running:
                > recheck (Size 7) (Seed 5860884927199345744 17203475279365503231) non-neutral sum
              
            Use '--hedgehog-replay "Size 7 Seed 5860884927199345744 17203475279365503231"' to reproduce.
          non-commutative:    FAIL
              ✗ non-commutative failed at src/Data/Array/Accelerate/Test/NoFib/Prelude/Scan.hs:588:57
                after 9 tests, 3 shrinks and 5 discards.
              
                forAll0 =
                  Z :. 1 :. 1 :. 2
              
                ━━━ Failed (- lhs) (+ rhs) ━━━
                  (
                    Array (Z :. 1 :. 1 :. 2) [ ( -1.0 , -1.0 ) , ( 0.0 , 0.0 ) ]
                - , Matrix (Z :. 1 :. 1) [ ( -2.0 , -2.0 ) ]
                + , Matrix (Z :. 1 :. 1) [ ( 0.0 , 1.0 ) ]
                  )
              
                This failure can be reproduced by running:
                > recheck (Size 13) (Seed 8590552585805899715 4078427773276954327) non-commutative
              
            Use '--hedgehog-replay "Size 13 Seed 8590552585805899715 4078427773276954327"' to reproduce.
    scanr
      Int64
        DIM1
          sum:                FAIL (0.02s)
              ✗ sum failed at src/Data/Array/Accelerate/Test/NoFib/Prelude/Scan.hs:526:51
                after 2 tests and 57 shrinks.
              
                forAll0 =
                  Vector (Z :. 2) [ 0 , -1 ]
                
                forAll1 =
                  Z :. 2
                
                forAll2 =
                  0
              
                ━━━ Failed (- lhs) (+ rhs) ━━━
                - Vector (Z :. 3) [ 0 , -1 , 0 ]
                + Vector (Z :. 3) [ -1 , -1 , 0 ]
              
                This failure can be reproduced by running:
                > recheck (Size 1) (Seed 4347169315037368352 1466969916290220265) sum
              
            Use '--hedgehog-replay "Size 1 Seed 4347169315037368352 1466969916290220265"' to reproduce.
          non-neutral sum:    FAIL (0.02s)
              ✗ non-neutral sum failed at src/Data/Array/Accelerate/Test/NoFib/Prelude/Scan.hs:526:51
                after 2 tests and 60 shrinks.
              
                forAll0 =
                  Vector (Z :. 2) [ 0 , -1 ]
                
                forAll1 =
                  Z :. 2
                
                forAll2 =
                  0
              
                ━━━ Failed (- lhs) (+ rhs) ━━━
                - Vector (Z :. 3) [ 0 , -1 , 0 ]
                + Vector (Z :. 3) [ -1 , -1 , 0 ]
              
                This failure can be reproduced by running:
                > recheck (Size 1) (Seed 5448546116798388858 11065673933076537623) non-neutral sum
              
            Use '--hedgehog-replay "Size 1 Seed 5448546116798388858 11065673933076537623"' to reproduce.
          non-commutative:    FAIL
              ✗ non-commutative failed at src/Data/Array/Accelerate/Test/NoFib/Prelude/Scan.hs:600:56
                after 1 test, 1 shrink and 1 discard.
              
                forAll0 =
                  Z :. 2
              
                ━━━ Failed (- lhs) (+ rhs) ━━━
                - Vector (Z :. 3) [ ( -2 , -2 ) , ( 1 , 1 ) , ( -1 , -1 ) ]
                + Vector (Z :. 3) [ ( 0 , 1 ) , ( 1 , 1 ) , ( -1 , -1 ) ]
              
                This failure can be reproduced by running:
                > recheck (Size 1) (Seed 13669286731692935499 17367500163216999029) non-commutative
              
            Use '--hedgehog-replay "Size 1 Seed 13669286731692935499 17367500163216999029"' to reproduce.
        DIM2
          sum:                FAIL (0.02s)
              ✗ sum failed at src/Data/Array/Accelerate/Test/NoFib/Prelude/Scan.hs:526:51
                after 5 tests and 57 shrinks.
              
                forAll0 =
                  Matrix (Z :. 1 :. 2) [ 0 , -1 ]
                
                forAll1 =
                  Z :. 1 :. 2
                
                forAll2 =
                  0
              
                ━━━ Failed (- lhs) (+ rhs) ━━━
                - Matrix (Z :. 1 :. 3) [ 0 , -1 , 0 ]
                + Matrix (Z :. 1 :. 3) [ -1 , -1 , 0 ]
              
                This failure can be reproduced by running:
                > recheck (Size 4) (Seed 5520990771584376421 518931408250830363) sum
              
            Use '--hedgehog-replay "Size 4 Seed 5520990771584376421 518931408250830363"' to reproduce.
          non-neutral sum:    FAIL (0.02s)
              ✗ non-neutral sum failed at src/Data/Array/Accelerate/Test/NoFib/Prelude/Scan.hs:526:51
                after 4 tests and 57 shrinks.
              
                forAll0 =
                  Matrix (Z :. 1 :. 2) [ 0 , 1 ]
                
                forAll1 =
                  Z :. 1 :. 2
                
                forAll2 =
                  0
              
                ━━━ Failed (- lhs) (+ rhs) ━━━
                - Matrix (Z :. 1 :. 3) [ 0 , 1 , 0 ]
                + Matrix (Z :. 1 :. 3) [ 1 , 1 , 0 ]
              
                This failure can be reproduced by running:
                > recheck (Size 3) (Seed 4902224627499665406 3872562741400577563) non-neutral sum
              
            Use '--hedgehog-replay "Size 3 Seed 4902224627499665406 3872562741400577563"' to reproduce.
          non-commutative:    FAIL
              ✗ non-commutative failed at src/Data/Array/Accelerate/Test/NoFib/Prelude/Scan.hs:600:56
                after 2 tests, 1 shrink and 2 discards.
              
                forAll0 =
                  Z :. 1 :. 2
              
                ━━━ Failed (- lhs) (+ rhs) ━━━
                - Matrix (Z :. 1 :. 3) [ ( -2 , -2 ) , ( 1 , 1 ) , ( -1 , -1 ) ]
                + Matrix (Z :. 1 :. 3) [ ( 0 , 1 ) , ( 1 , 1 ) , ( -1 , -1 ) ]
              
                This failure can be reproduced by running:
                > recheck (Size 3) (Seed 17526998317039267123 12493875132807373805) non-commutative
              
            Use '--hedgehog-replay "Size 3 Seed 17526998317039267123 12493875132807373805"' to reproduce.
        DIM3
          sum:                FAIL (0.03s)
              ✗ sum failed at src/Data/Array/Accelerate/Test/NoFib/Prelude/Scan.hs:526:51
                after 17 tests and 64 shrinks.
              
                forAll0 =
                  Array (Z :. 1 :. 1 :. 2) [ 0 , 1 ]
                
                forAll1 =
                  Z :. 1 :. 1 :. 2
                
                forAll2 =
                  0
              
                ━━━ Failed (- lhs) (+ rhs) ━━━
                - Array (Z :. 1 :. 1 :. 3) [ 0 , 1 , 0 ]
                + Array (Z :. 1 :. 1 :. 3) [ 1 , 1 , 0 ]
              
                This failure can be reproduced by running:
                > recheck (Size 16) (Seed 12277925059611887238 1211244385478626619) sum
              
            Use '--hedgehog-replay "Size 16 Seed 12277925059611887238 1211244385478626619"' to reproduce.
          non-neutral sum:    FAIL (0.02s)
              ✗ non-neutral sum failed at src/Data/Array/Accelerate/Test/NoFib/Prelude/Scan.hs:526:51
                after 9 tests and 61 shrinks.
              
                forAll0 =
                  Array (Z :. 1 :. 1 :. 2) [ 0 , -1 ]
                
                forAll1 =
                  Z :. 1 :. 1 :. 2
                
                forAll2 =
                  0
              
                ━━━ Failed (- lhs) (+ rhs) ━━━
                - Array (Z :. 1 :. 1 :. 3) [ 0 , -1 , 0 ]
                + Array (Z :. 1 :. 1 :. 3) [ -1 , -1 , 0 ]
              
                This failure can be reproduced by running:
                > recheck (Size 8) (Seed 14633475046669450721 8990132745329732337) non-neutral sum
              
            Use '--hedgehog-replay "Size 8 Seed 14633475046669450721 8990132745329732337"' to reproduce.
          non-commutative:    FAIL
              ✗ non-commutative failed at src/Data/Array/Accelerate/Test/NoFib/Prelude/Scan.hs:600:56
                after 9 tests, 3 shrinks and 5 discards.
              
                forAll0 =
                  Z :. 1 :. 1 :. 2
              
                ━━━ Failed (- lhs) (+ rhs) ━━━
                - Array (Z :. 1 :. 1 :. 3) [ ( -2 , -2 ) , ( 1 , 1 ) , ( -1 , -1 ) ]
                + Array (Z :. 1 :. 1 :. 3) [ ( 0 , 1 ) , ( 1 , 1 ) , ( -1 , -1 ) ]
              
                This failure can be reproduced by running:
                > recheck (Size 13) (Seed 7243576950133158683 16643517159883919575) non-commutative
              
            Use '--hedgehog-replay "Size 13 Seed 7243576950133158683 16643517159883919575"' to reproduce.
      Double
        DIM1
          sum:                FAIL (0.09s)
              ✗ sum failed at src/Data/Array/Accelerate/Test/NoFib/Prelude/Scan.hs:526:51
                after 2 tests and 41 shrinks.
              
                forAll0 =
                  Vector (Z :. 2) [ 0.0 , 5.0e-5 ]
                
                forAll1 =
                  Z :. 2
                
                forAll2 =
                  0.0
              
                ━━━ Failed (- lhs) (+ rhs) ━━━
                - Vector (Z :. 3) [ 0.0 , 5.0e-5 , 0.0 ]
                + Vector (Z :. 3) [ 5.0e-5 , 5.0e-5 , 0.0 ]
              
                This failure can be reproduced by running:
                > recheck (Size 1) (Seed 14975351847505737155 11885561061519266639) sum
              
            Use '--hedgehog-replay "Size 1 Seed 14975351847505737155 11885561061519266639"' to reproduce.
          non-neutral sum:    FAIL (0.11s)
              ✗ non-neutral sum failed at src/Data/Array/Accelerate/Test/NoFib/Prelude/Scan.hs:526:51
                after 2 tests and 45 shrinks.
              
                forAll0 =
                  Vector (Z :. 2) [ 0.0 , -5.0e-5 ]
                
                forAll1 =
                  Z :. 2
                
                forAll2 =
                  0.0
              
                ━━━ Failed (- lhs) (+ rhs) ━━━
                - Vector (Z :. 3) [ 0.0 , -5.0e-5 , 0.0 ]
                + Vector (Z :. 3) [ -5.0e-5 , -5.0e-5 , 0.0 ]
              
                This failure can be reproduced by running:
                > recheck (Size 1) (Seed 6212370030696998641 14757609344000551167) non-neutral sum
              
            Use '--hedgehog-replay "Size 1 Seed 6212370030696998641 14757609344000551167"' to reproduce.
          non-commutative:    FAIL
              ✗ non-commutative failed at src/Data/Array/Accelerate/Test/NoFib/Prelude/Scan.hs:600:56
                after 1 test, 2 shrinks and 1 discard.
              
                forAll0 =
                  Z :. 2
              
                ━━━ Failed (- lhs) (+ rhs) ━━━
                  Vector
                    Z :. 3
                -   [ ( -2.0 , -2.0 ) , ( 1.0 , 1.0 ) , ( -1.0 , -1.0 ) ]
                +   [ ( 0.0 , 1.0 ) , ( 1.0 , 1.0 ) , ( -1.0 , -1.0 ) ]
              
                This failure can be reproduced by running:
                > recheck (Size 1) (Seed 3678297239031577311 6616982900504723103) non-commutative
              
            Use '--hedgehog-replay "Size 1 Seed 3678297239031577311 6616982900504723103"' to reproduce.
        DIM2
          sum:                FAIL (0.10s)
              ✗ sum failed at src/Data/Array/Accelerate/Test/NoFib/Prelude/Scan.hs:526:51
                after 5 tests and 45 shrinks.
              
                forAll0 =
                  Matrix (Z :. 1 :. 2) [ 0.0 , -5.0e-5 ]
                
                forAll1 =
                  Z :. 1 :. 2
                
                forAll2 =
                  0.0
              
                ━━━ Failed (- lhs) (+ rhs) ━━━
                - Matrix (Z :. 1 :. 3) [ 0.0 , -5.0e-5 , 0.0 ]
                + Matrix (Z :. 1 :. 3) [ -5.0e-5 , -5.0e-5 , 0.0 ]
              
                This failure can be reproduced by running:
                > recheck (Size 4) (Seed 3434706306956952432 16302348144243945011) sum
              
            Use '--hedgehog-replay "Size 4 Seed 3434706306956952432 16302348144243945011"' to reproduce.
          non-neutral sum:    FAIL (0.12s)
              ✗ non-neutral sum failed at src/Data/Array/Accelerate/Test/NoFib/Prelude/Scan.hs:526:51
                after 4 tests and 51 shrinks.
              
                forAll0 =
                  Matrix (Z :. 1 :. 2) [ 0.0 , -5.0e-5 ]
                
                forAll1 =
                  Z :. 1 :. 2
                
                forAll2 =
                  0.0
              
                ━━━ Failed (- lhs) (+ rhs) ━━━
                - Matrix (Z :. 1 :. 3) [ 0.0 , -5.0e-5 , 0.0 ]
                + Matrix (Z :. 1 :. 3) [ -5.0e-5 , -5.0e-5 , 0.0 ]
              
                This failure can be reproduced by running:
                > recheck (Size 3) (Seed 9332830197672192581 14820792808244796649) non-neutral sum
              
            Use '--hedgehog-replay "Size 3 Seed 9332830197672192581 14820792808244796649"' to reproduce.
          non-commutative:    FAIL
              ✗ non-commutative failed at src/Data/Array/Accelerate/Test/NoFib/Prelude/Scan.hs:600:56
                after 1 test, 1 shrink and 3 discards.
              
                forAll0 =
                  Z :. 1 :. 2
              
                ━━━ Failed (- lhs) (+ rhs) ━━━
                  Matrix
                    Z :. 1 :. 3
                -   [ ( -2.0 , -2.0 ) , ( 1.0 , 1.0 ) , ( -1.0 , -1.0 ) ]
                +   [ ( 0.0 , 1.0 ) , ( 1.0 , 1.0 ) , ( -1.0 , -1.0 ) ]
              
                This failure can be reproduced by running:
                > recheck (Size 3) (Seed 7911450984214560752 8096741294628039881) non-commutative
              
            Use '--hedgehog-replay "Size 3 Seed 7911450984214560752 8096741294628039881"' to reproduce.
        DIM3
          sum:                FAIL (0.12s)
              ✗ sum failed at src/Data/Array/Accelerate/Test/NoFib/Prelude/Scan.hs:526:51
                after 10 tests and 46 shrinks.
              
                forAll0 =
                  Array (Z :. 1 :. 1 :. 2) [ 0.0 , -5.0e-5 ]
                
                forAll1 =
                  Z :. 1 :. 1 :. 2
                
                forAll2 =
                  0.0
              
                ━━━ Failed (- lhs) (+ rhs) ━━━
                - Array (Z :. 1 :. 1 :. 3) [ 0.0 , -5.0e-5 , 0.0 ]
                + Array (Z :. 1 :. 1 :. 3) [ -5.0e-5 , -5.0e-5 , 0.0 ]
              
                This failure can be reproduced by running:
                > recheck (Size 9) (Seed 2276665840212532785 2142232999207739761) sum
              
            Use '--hedgehog-replay "Size 9 Seed 2276665840212532785 2142232999207739761"' to reproduce.
          non-neutral sum:    FAIL (0.09s)
              ✗ non-neutral sum failed at src/Data/Array/Accelerate/Test/NoFib/Prelude/Scan.hs:526:51
                after 9 tests and 42 shrinks.
              
                forAll0 =
                  Array (Z :. 1 :. 1 :. 2) [ 0.0 , -5.0e-5 ]
                
                forAll1 =
                  Z :. 1 :. 1 :. 2
                
                forAll2 =
                  0.0
              
                ━━━ Failed (- lhs) (+ rhs) ━━━
                - Array (Z :. 1 :. 1 :. 3) [ 0.0 , -5.0e-5 , 0.0 ]
                + Array (Z :. 1 :. 1 :. 3) [ -5.0e-5 , -5.0e-5 , 0.0 ]
              
                This failure can be reproduced by running:
                > recheck (Size 8) (Seed 13541579693950138923 18423719582712616109) non-neutral sum
              
            Use '--hedgehog-replay "Size 8 Seed 13541579693950138923 18423719582712616109"' to reproduce.
          non-commutative:    FAIL
              ✗ non-commutative failed at src/Data/Array/Accelerate/Test/NoFib/Prelude/Scan.hs:600:56
                after 13 tests, 6 shrinks and 5 discards.
              
                forAll0 =
                  Z :. 1 :. 1 :. 2
              
                ━━━ Failed (- lhs) (+ rhs) ━━━
                  Array
                    Z :. 1 :. 1 :. 3
                -   [ ( -2.0 , -2.0 ) , ( 1.0 , 1.0 ) , ( -1.0 , -1.0 ) ]
                +   [ ( 0.0 , 1.0 ) , ( 1.0 , 1.0 ) , ( -1.0 , -1.0 ) ]
              
                This failure can be reproduced by running:
                > recheck (Size 17) (Seed 14829154991247210859 441471406677157815) non-commutative
              
            Use '--hedgehog-replay "Size 17 Seed 14829154991247210859 441471406677157815"' to reproduce.
    scanr1
      Int64
        DIM1
          sum:                FAIL (0.02s)
              ✗ sum failed at src/Data/Array/Accelerate/Test/NoFib/Prelude/Scan.hs:538:38
                after 2 tests, 56 shrinks and 1 discard.
              
                forAll0 =
                  Vector (Z :. 2) [ 0 , 1 ]
                
                forAll1 =
                  Z :. 2
              
                ━━━ Failed (- lhs) (+ rhs) ━━━
                - Vector (Z :. 2) [ 0 , 1 ]
                + Vector (Z :. 2) [ 1 , 1 ]
              
                This failure can be reproduced by running:
                > recheck (Size 2) (Seed 488346687954997231 17788430032486285075) sum
              
            Use '--hedgehog-replay "Size 2 Seed 488346687954997231 17788430032486285075"' to reproduce.
          non-commutative:    FAIL
              ✗ non-commutative failed at src/Data/Array/Accelerate/Test/NoFib/Prelude/Scan.hs:612:42
                after 1 test, 3 shrinks and 1 discard.
              
                forAll0 =
                  Z :. 2
              
                ━━━ Failed (- lhs) (+ rhs) ━━━
                - Vector (Z :. 2) [ ( -2 , -2 ) , ( 1 , 1 ) ]
                + Vector (Z :. 2) [ ( 0 , 1 ) , ( 1 , 1 ) ]
              
                This failure can be reproduced by running:
                > recheck (Size 1) (Seed 6130640355284988900 8216335037013255945) non-commutative
              
            Use '--hedgehog-replay "Size 1 Seed 6130640355284988900 8216335037013255945"' to reproduce.
        DIM2
          sum:                FAIL (0.02s)
              ✗ sum failed at src/Data/Array/Accelerate/Test/NoFib/Prelude/Scan.hs:538:38
                after 3 tests, 59 shrinks and 3 discards.
              
                forAll0 =
                  Matrix (Z :. 1 :. 2) [ 0 , 1 ]
                
                forAll1 =
                  Z :. 1 :. 2
              
                ━━━ Failed (- lhs) (+ rhs) ━━━
                - Matrix (Z :. 1 :. 2) [ 0 , 1 ]
                + Matrix (Z :. 1 :. 2) [ 1 , 1 ]
              
                This failure can be reproduced by running:
                > recheck (Size 5) (Seed 420383108384706230 3601495125680888473) sum
              
            Use '--hedgehog-replay "Size 5 Seed 420383108384706230 3601495125680888473"' to reproduce.
          non-commutative:    FAIL
              ✗ non-commutative failed at src/Data/Array/Accelerate/Test/NoFib/Prelude/Scan.hs:612:42
                after 2 tests, 1 shrink and 2 discards.
              
                forAll0 =
                  Z :. 1 :. 2
              
                ━━━ Failed (- lhs) (+ rhs) ━━━
                - Matrix (Z :. 1 :. 2) [ ( -2 , -2 ) , ( 1 , 1 ) ]
                + Matrix (Z :. 1 :. 2) [ ( 0 , 1 ) , ( 1 , 1 ) ]
              
                This failure can be reproduced by running:
                > recheck (Size 3) (Seed 4443700713789894851 18330598122257541947) non-commutative
              
            Use '--hedgehog-replay "Size 3 Seed 4443700713789894851 18330598122257541947"' to reproduce.
        DIM3
          sum:                FAIL (0.02s)
              ✗ sum failed at src/Data/Array/Accelerate/Test/NoFib/Prelude/Scan.hs:538:38
                after 10 tests, 66 shrinks and 4 discards.
              
                forAll0 =
                  Array (Z :. 1 :. 1 :. 2) [ 0 , -1 ]
                
                forAll1 =
                  Z :. 1 :. 1 :. 2
              
                ━━━ Failed (- lhs) (+ rhs) ━━━
                - Array (Z :. 1 :. 1 :. 2) [ 0 , -1 ]
                + Array (Z :. 1 :. 1 :. 2) [ -1 , -1 ]
              
                This failure can be reproduced by running:
                > recheck (Size 13) (Seed 17875672929244603529 9689805306646717639) sum
              
            Use '--hedgehog-replay "Size 13 Seed 17875672929244603529 9689805306646717639"' to reproduce.
          non-commutative:    FAIL
              ✗ non-commutative failed at src/Data/Array/Accelerate/Test/NoFib/Prelude/Scan.hs:612:42
                after 5 tests, 3 shrinks and 5 discards.
              
                forAll0 =
                  Z :. 1 :. 1 :. 2
              
                ━━━ Failed (- lhs) (+ rhs) ━━━
                - Array (Z :. 1 :. 1 :. 2) [ ( -2 , -2 ) , ( 1 , 1 ) ]
                + Array (Z :. 1 :. 1 :. 2) [ ( 0 , 1 ) , ( 1 , 1 ) ]
              
                This failure can be reproduced by running:
                > recheck (Size 9) (Seed 2667350255460799051 4009706280913349163) non-commutative
              
            Use '--hedgehog-replay "Size 9 Seed 2667350255460799051 4009706280913349163"' to reproduce.
      Double
        DIM1
          sum:                FAIL (0.06s)
              ✗ sum failed at src/Data/Array/Accelerate/Test/NoFib/Prelude/Scan.hs:538:38
                after 1 test, 31 shrinks and 1 discard.
              
                forAll0 =
                  Vector (Z :. 2) [ 0.0 , 5.0e-5 ]
                
                forAll1 =
                  Z :. 2
              
                ━━━ Failed (- lhs) (+ rhs) ━━━
                - Vector (Z :. 2) [ 0.0 , 5.0e-5 ]
                + Vector (Z :. 2) [ 5.0e-5 , 5.0e-5 ]
              
                This failure can be reproduced by running:
                > recheck (Size 1) (Seed 15257776822050772784 9906780608520746927) sum
              
            Use '--hedgehog-replay "Size 1 Seed 15257776822050772784 9906780608520746927"' to reproduce.
          non-commutative:    FAIL
              ✗ non-commutative failed at src/Data/Array/Accelerate/Test/NoFib/Prelude/Scan.hs:612:42
                after 1 test, 1 shrink and 1 discard.
              
                forAll0 =
                  Z :. 2
              
                ━━━ Failed (- lhs) (+ rhs) ━━━
                - Vector (Z :. 2) [ ( -2.0 , -2.0 ) , ( 1.0 , 1.0 ) ]
                + Vector (Z :. 2) [ ( 0.0 , 1.0 ) , ( 1.0 , 1.0 ) ]
              
                This failure can be reproduced by running:
                > recheck (Size 1) (Seed 11628094333137392052 8873978849150430617) non-commutative
              
            Use '--hedgehog-replay "Size 1 Seed 11628094333137392052 8873978849150430617"' to reproduce.
        DIM2
          sum:                FAIL (0.09s)
              ✗ sum failed at src/Data/Array/Accelerate/Test/NoFib/Prelude/Scan.hs:538:38
                after 3 tests, 45 shrinks and 3 discards.
              
                forAll0 =
                  Matrix (Z :. 1 :. 2) [ 0.0 , -5.0e-5 ]
                
                forAll1 =
                  Z :. 1 :. 2
              
                ━━━ Failed (- lhs) (+ rhs) ━━━
                - Matrix (Z :. 1 :. 2) [ 0.0 , -5.0e-5 ]
                + Matrix (Z :. 1 :. 2) [ -5.0e-5 , -5.0e-5 ]
              
                This failure can be reproduced by running:
                > recheck (Size 5) (Seed 5518221574727663390 6415646883152920939) sum
              
            Use '--hedgehog-replay "Size 5 Seed 5518221574727663390 6415646883152920939"' to reproduce.
          non-commutative:    FAIL
              ✗ non-commutative failed at src/Data/Array/Accelerate/Test/NoFib/Prelude/Scan.hs:612:42
                after 5 tests, 2 shrinks and 1 discard.
              
                forAll0 =
                  Z :. 1 :. 2
              
                ━━━ Failed (- lhs) (+ rhs) ━━━
                - Matrix (Z :. 1 :. 2) [ ( -2.0 , -2.0 ) , ( 1.0 , 1.0 ) ]
                + Matrix (Z :. 1 :. 2) [ ( 0.0 , 1.0 ) , ( 1.0 , 1.0 ) ]
              
                This failure can be reproduced by running:
                > recheck (Size 5) (Seed 12396498342357805721 12909793030885342131) non-commutative
              
            Use '--hedgehog-replay "Size 5 Seed 12396498342357805721 12909793030885342131"' to reproduce.
        DIM3
          sum:                FAIL (0.09s)
              ✗ sum failed at src/Data/Array/Accelerate/Test/NoFib/Prelude/Scan.hs:538:38
                after 11 tests, 51 shrinks and 8 discards.
              
                forAll0 =
                  Array (Z :. 1 :. 1 :. 2) [ 0.0 , -5.0e-5 ]
                
                forAll1 =
                  Z :. 1 :. 1 :. 2
              
                ━━━ Failed (- lhs) (+ rhs) ━━━
                - Array (Z :. 1 :. 1 :. 2) [ 0.0 , -5.0e-5 ]
                + Array (Z :. 1 :. 1 :. 2) [ -5.0e-5 , -5.0e-5 ]
              
                This failure can be reproduced by running:
                > recheck (Size 18) (Seed 13901498755308075101 9207585708723532611) sum
              
            Use '--hedgehog-replay "Size 18 Seed 13901498755308075101 9207585708723532611"' to reproduce.
          non-commutative:    FAIL
              ✗ non-commutative failed at src/Data/Array/Accelerate/Test/NoFib/Prelude/Scan.hs:612:42
                after 5 tests and 3 discards.
              
                forAll0 =
                  Z :. 1 :. 1 :. 2
              
                ━━━ Failed (- lhs) (+ rhs) ━━━
                - Array (Z :. 1 :. 1 :. 2) [ ( -2.0 , -2.0 ) , ( 1.0 , 1.0 ) ]
                + Array (Z :. 1 :. 1 :. 2) [ ( 0.0 , 1.0 ) , ( 1.0 , 1.0 ) ]
              
                This failure can be reproduced by running:
                > recheck (Size 7) (Seed 15960769368451238396 1263266291929085389) non-commutative
              
            Use '--hedgehog-replay "Size 7 Seed 15960769368451238396 1263266291929085389"' to reproduce.
    scanr'
      Int64
        DIM1
          sum:                FAIL (0.03s)
              ✗ sum failed at src/Data/Array/Accelerate/Test/NoFib/Prelude/Scan.hs:552:52
                after 4 tests and 61 shrinks.
              
                forAll0 =
                  Vector (Z :. 2) [ 0 , 1 ]
                
                forAll1 =
                  Z :. 2
                
                forAll2 =
                  0
              
                ━━━ Failed (- lhs) (+ rhs) ━━━
                - ( Vector (Z :. 2) [ 1 , 0 ] , Scalar Z [ 0 ] )
                + ( Vector (Z :. 2) [ 1 , 0 ] , Scalar Z [ 1 ] )
              
                This failure can be reproduced by running:
                > recheck (Size 3) (Seed 7632326738550970526 8968443150825556247) sum
              
            Use '--hedgehog-replay "Size 3 Seed 7632326738550970526 8968443150825556247"' to reproduce.
          non-neutral sum:    FAIL (0.02s)
              ✗ non-neutral sum failed at src/Data/Array/Accelerate/Test/NoFib/Prelude/Scan.hs:552:52
                after 2 tests and 60 shrinks.
              
                forAll0 =
                  Vector (Z :. 2) [ 0 , -1 ]
                
                forAll1 =
                  Z :. 2
                
                forAll2 =
                  0
              
                ━━━ Failed (- lhs) (+ rhs) ━━━
                - ( Vector (Z :. 2) [ -1 , 0 ] , Scalar Z [ 0 ] )
                + ( Vector (Z :. 2) [ -1 , 0 ] , Scalar Z [ -1 ] )
              
                This failure can be reproduced by running:
                > recheck (Size 1) (Seed 17678038662028221392 9899600728725647903) non-neutral sum
              
            Use '--hedgehog-replay "Size 1 Seed 17678038662028221392 9899600728725647903"' to reproduce.
          non-commutative:    FAIL
              ✗ non-commutative failed at src/Data/Array/Accelerate/Test/NoFib/Prelude/Scan.hs:624:57
                after 1 test and 1 discard.
              
                forAll0 =
                  Z :. 2
              
                ━━━ Failed (- lhs) (+ rhs) ━━━
                  (
                    Vector (Z :. 2) [ ( 1 , 1 ) , ( -1 , -1 ) ]
                - , Scalar Z [ ( -2 , -2 ) ]
                + , Scalar Z [ ( 0 , 1 ) ]
                  )
              
                This failure can be reproduced by running:
                > recheck (Size 1) (Seed 12353946553859280386 10135518401395267825) non-commutative
              
            Use '--hedgehog-replay "Size 1 Seed 12353946553859280386 10135518401395267825"' to reproduce.
        DIM2
          sum:                FAIL (0.04s)
              ✗ sum failed at src/Data/Array/Accelerate/Test/NoFib/Prelude/Scan.hs:552:52
                after 7 tests and 62 shrinks.
              
                forAll0 =
                  Matrix (Z :. 1 :. 2) [ 0 , 1 ]
                
                forAll1 =
                  Z :. 1 :. 2
                
                forAll2 =
                  0
              
                ━━━ Failed (- lhs) (+ rhs) ━━━
                - ( Matrix (Z :. 1 :. 2) [ 1 , 0 ] , Vector (Z :. 1) [ 0 ] )
                + ( Matrix (Z :. 1 :. 2) [ 1 , 0 ] , Vector (Z :. 1) [ 1 ] )
              
                This failure can be reproduced by running:
                > recheck (Size 6) (Seed 17458485166752232883 10877537720620111771) sum
              
            Use '--hedgehog-replay "Size 6 Seed 17458485166752232883 10877537720620111771"' to reproduce.
          non-neutral sum:    FAIL (0.03s)
              ✗ non-neutral sum failed at src/Data/Array/Accelerate/Test/NoFib/Prelude/Scan.hs:552:52
                after 7 tests and 61 shrinks.
              
                forAll0 =
                  Matrix (Z :. 1 :. 2) [ 0 , 1 ]
                
                forAll1 =
                  Z :. 1 :. 2
                
                forAll2 =
                  0
              
                ━━━ Failed (- lhs) (+ rhs) ━━━
                - ( Matrix (Z :. 1 :. 2) [ 1 , 0 ] , Vector (Z :. 1) [ 0 ] )
                + ( Matrix (Z :. 1 :. 2) [ 1 , 0 ] , Vector (Z :. 1) [ 1 ] )
              
                This failure can be reproduced by running:
                > recheck (Size 6) (Seed 9090235683575564670 18095533013342932853) non-neutral sum
              
            Use '--hedgehog-replay "Size 6 Seed 9090235683575564670 18095533013342932853"' to reproduce.
          non-commutative:    FAIL
              ✗ non-commutative failed at src/Data/Array/Accelerate/Test/NoFib/Prelude/Scan.hs:624:57
                after 2 tests, 2 shrinks and 4 discards.
              
                forAll0 =
                  Z :. 1 :. 2
              
                ━━━ Failed (- lhs) (+ rhs) ━━━
                  (
                    Matrix (Z :. 1 :. 2) [ ( 1 , 1 ) , ( -1 , -1 ) ]
                - , Vector (Z :. 1) [ ( -2 , -2 ) ]
                + , Vector (Z :. 1) [ ( 0 , 1 ) ]
                  )
              
                This failure can be reproduced by running:
                > recheck (Size 5) (Seed 17514948176118931527 5800191354276361951) non-commutative
              
            Use '--hedgehog-replay "Size 5 Seed 17514948176118931527 5800191354276361951"' to reproduce.
        DIM3
          sum:                FAIL (0.03s)
              ✗ sum failed at src/Data/Array/Accelerate/Test/NoFib/Prelude/Scan.hs:552:52
                after 11 tests and 60 shrinks.
              
                forAll0 =
                  Array (Z :. 1 :. 1 :. 2) [ 0 , -1 ]
                
                forAll1 =
                  Z :. 1 :. 1 :. 2
                
                forAll2 =
                  0
              
                ━━━ Failed (- lhs) (+ rhs) ━━━
                  (
                    Array (Z :. 1 :. 1 :. 2) [ -1 , 0 ]
                - , Matrix (Z :. 1 :. 1) [ 0 ]
                + , Matrix (Z :. 1 :. 1) [ -1 ]
                  )
              
                This failure can be reproduced by running:
                > recheck (Size 10) (Seed 13812809205649231317 4286131889146457979) sum
              
            Use '--hedgehog-replay "Size 10 Seed 13812809205649231317 4286131889146457979"' to reproduce.
          non-neutral sum:    FAIL (0.03s)
              ✗ non-neutral sum failed at src/Data/Array/Accelerate/Test/NoFib/Prelude/Scan.hs:552:52
                after 15 tests and 66 shrinks.
              
                forAll0 =
                  Array (Z :. 1 :. 1 :. 2) [ 0 , -1 ]
                
                forAll1 =
                  Z :. 1 :. 1 :. 2
                
                forAll2 =
                  0
              
                ━━━ Failed (- lhs) (+ rhs) ━━━
                  (
                    Array (Z :. 1 :. 1 :. 2) [ -1 , 0 ]
                - , Matrix (Z :. 1 :. 1) [ 0 ]
                + , Matrix (Z :. 1 :. 1) [ -1 ]
                  )
              
                This failure can be reproduced by running:
                > recheck (Size 14) (Seed 16074967457607862941 16046185959591900001) non-neutral sum
              
            Use '--hedgehog-replay "Size 14 Seed 16074967457607862941 16046185959591900001"' to reproduce.
          non-commutative:    FAIL
              ✗ non-commutative failed at src/Data/Array/Accelerate/Test/NoFib/Prelude/Scan.hs:624:57
                after 5 tests, 2 shrinks and 3 discards.
              
                forAll0 =
                  Z :. 1 :. 1 :. 2
              
                ━━━ Failed (- lhs) (+ rhs) ━━━
                  (
                    Array (Z :. 1 :. 1 :. 2) [ ( 1 , 1 ) , ( -1 , -1 ) ]
                - , Matrix (Z :. 1 :. 1) [ ( -2 , -2 ) ]
                + , Matrix (Z :. 1 :. 1) [ ( 0 , 1 ) ]
                  )
              
                This failure can be reproduced by running:
                > recheck (Size 7) (Seed 682723401110953798 2315681415515252387) non-commutative
              
            Use '--hedgehog-replay "Size 7 Seed 682723401110953798 2315681415515252387"' to reproduce.
      Double
        DIM1
          sum:                FAIL (0.11s)
              ✗ sum failed at src/Data/Array/Accelerate/Test/NoFib/Prelude/Scan.hs:552:52
                after 2 tests and 44 shrinks.
              
                forAll0 =
                  Vector (Z :. 2) [ 0.0 , 5.0e-5 ]
                
                forAll1 =
                  Z :. 2
                
                forAll2 =
                  0.0
              
                ━━━ Failed (- lhs) (+ rhs) ━━━
                - ( Vector (Z :. 2) [ 5.0e-5 , 0.0 ] , Scalar Z [ 0.0 ] )
                + ( Vector (Z :. 2) [ 5.0e-5 , 0.0 ] , Scalar Z [ 5.0e-5 ] )
              
                This failure can be reproduced by running:
                > recheck (Size 1) (Seed 662376691427516131 2432711850117821265) sum
              
            Use '--hedgehog-replay "Size 1 Seed 662376691427516131 2432711850117821265"' to reproduce.
          non-neutral sum:    FAIL (0.14s)
              ✗ non-neutral sum failed at src/Data/Array/Accelerate/Test/NoFib/Prelude/Scan.hs:552:52
                after 3 tests and 47 shrinks.
              
                forAll0 =
                  Vector (Z :. 2) [ 0.0 , -5.0e-5 ]
                
                forAll1 =
                  Z :. 2
                
                forAll2 =
                  0.0
              
                ━━━ Failed (- lhs) (+ rhs) ━━━
                - ( Vector (Z :. 2) [ -5.0e-5 , 0.0 ] , Scalar Z [ 0.0 ] )
                + ( Vector (Z :. 2) [ -5.0e-5 , 0.0 ] , Scalar Z [ -5.0e-5 ] )
              
                This failure can be reproduced by running:
                > recheck (Size 2) (Seed 12334752623349531194 18260954630861485949) non-neutral sum
              
            Use '--hedgehog-replay "Size 2 Seed 12334752623349531194 18260954630861485949"' to reproduce.
          non-commutative:    FAIL
              ✗ non-commutative failed at src/Data/Array/Accelerate/Test/NoFib/Prelude/Scan.hs:624:57
                after 1 test, 3 shrinks and 1 discard.
              
                forAll0 =
                  Z :. 2
              
                ━━━ Failed (- lhs) (+ rhs) ━━━
                  (
                    Vector (Z :. 2) [ ( 1.0 , 1.0 ) , ( -1.0 , -1.0 ) ]
                - , Scalar Z [ ( -2.0 , -2.0 ) ]
                + , Scalar Z [ ( 0.0 , 1.0 ) ]
                  )
              
                This failure can be reproduced by running:
                > recheck (Size 1) (Seed 4312121545195925439 5305958453554480525) non-commutative
              
            Use '--hedgehog-replay "Size 1 Seed 4312121545195925439 5305958453554480525"' to reproduce.
        DIM2
          sum:                FAIL (0.14s)
              ✗ sum failed at src/Data/Array/Accelerate/Test/NoFib/Prelude/Scan.hs:552:52
                after 5 tests and 48 shrinks.
              
                forAll0 =
                  Matrix (Z :. 1 :. 2) [ 0.0 , -5.0e-5 ]
                
                forAll1 =
                  Z :. 1 :. 2
                
                forAll2 =
                  0.0
              
                ━━━ Failed (- lhs) (+ rhs) ━━━
                  (
                    Matrix (Z :. 1 :. 2) [ -5.0e-5 , 0.0 ]
                - , Vector (Z :. 1) [ 0.0 ]
                + , Vector (Z :. 1) [ -5.0e-5 ]
                  )
              
                This failure can be reproduced by running:
                > recheck (Size 4) (Seed 11700087655634849744 11890586487010729165) sum
              
            Use '--hedgehog-replay "Size 4 Seed 11700087655634849744 11890586487010729165"' to reproduce.
          non-neutral sum:    FAIL (0.12s)
              ✗ non-neutral sum failed at src/Data/Array/Accelerate/Test/NoFib/Prelude/Scan.hs:552:52
                after 4 tests and 45 shrinks.
              
                forAll0 =
                  Matrix (Z :. 1 :. 2) [ 0.0 , 5.0e-5 ]
                
                forAll1 =
                  Z :. 1 :. 2
                
                forAll2 =
                  0.0
              
                ━━━ Failed (- lhs) (+ rhs) ━━━
                  (
                    Matrix (Z :. 1 :. 2) [ 5.0e-5 , 0.0 ]
                - , Vector (Z :. 1) [ 0.0 ]
                + , Vector (Z :. 1) [ 5.0e-5 ]
                  )
              
                This failure can be reproduced by running:
                > recheck (Size 3) (Seed 4693424860406381669 17319404390331494489) non-neutral sum
              
            Use '--hedgehog-replay "Size 3 Seed 4693424860406381669 17319404390331494489"' to reproduce.
          non-commutative:    FAIL
              ✗ non-commutative failed at src/Data/Array/Accelerate/Test/NoFib/Prelude/Scan.hs:624:57
                after 3 tests, 1 shrink and 1 discard.
              
                forAll0 =
                  Z :. 1 :. 2
              
                ━━━ Failed (- lhs) (+ rhs) ━━━
                  (
                    Matrix (Z :. 1 :. 2) [ ( 1.0 , 1.0 ) , ( -1.0 , -1.0 ) ]
                - , Vector (Z :. 1) [ ( -2.0 , -2.0 ) ]
                + , Vector (Z :. 1) [ ( 0.0 , 1.0 ) ]
                  )
              
                This failure can be reproduced by running:
                > recheck (Size 3) (Seed 1962008716001575472 11469752839525335857) non-commutative
              
            Use '--hedgehog-replay "Size 3 Seed 1962008716001575472 11469752839525335857"' to reproduce.
        DIM3
          sum:                FAIL (0.18s)
              ✗ sum failed at src/Data/Array/Accelerate/Test/NoFib/Prelude/Scan.hs:552:52
                after 8 tests and 54 shrinks.
              
                forAll0 =
                  Array (Z :. 1 :. 1 :. 2) [ 0.0 , -5.0e-5 ]
                
                forAll1 =
                  Z :. 1 :. 1 :. 2
                
                forAll2 =
                  0.0
              
                ━━━ Failed (- lhs) (+ rhs) ━━━
                  (
                    Array (Z :. 1 :. 1 :. 2) [ -5.0e-5 , 0.0 ]
                - , Matrix (Z :. 1 :. 1) [ 0.0 ]
                + , Matrix (Z :. 1 :. 1) [ -5.0e-5 ]
                  )
              
                This failure can be reproduced by running:
                > recheck (Size 7) (Seed 14313201273071926358 4641772034038559473) sum
              
            Use '--hedgehog-replay "Size 7 Seed 14313201273071926358 4641772034038559473"' to reproduce.
          non-neutral sum:    FAIL (0.15s)
              ✗ non-neutral sum failed at src/Data/Array/Accelerate/Test/NoFib/Prelude/Scan.hs:552:52
                after 10 tests and 51 shrinks.
              
                forAll0 =
                  Array (Z :. 1 :. 1 :. 2) [ 0.0 , 5.0e-5 ]
                
                forAll1 =
                  Z :. 1 :. 1 :. 2
                
                forAll2 =
                  0.0
              
                ━━━ Failed (- lhs) (+ rhs) ━━━
                  (
                    Array (Z :. 1 :. 1 :. 2) [ 5.0e-5 , 0.0 ]
                - , Matrix (Z :. 1 :. 1) [ 0.0 ]
                + , Matrix (Z :. 1 :. 1) [ 5.0e-5 ]
                  )
              
                This failure can be reproduced by running:
                > recheck (Size 9) (Seed 15821370729454535418 14054064139869824183) non-neutral sum
              
            Use '--hedgehog-replay "Size 9 Seed 15821370729454535418 14054064139869824183"' to reproduce.
          non-commutative:    FAIL
              ✗ non-commutative failed at src/Data/Array/Accelerate/Test/NoFib/Prelude/Scan.hs:624:57
                after 10 tests, 5 shrinks and 5 discards.
              
                forAll0 =
                  Z :. 1 :. 1 :. 2
              
                ━━━ Failed (- lhs) (+ rhs) ━━━
                  (
                    Array (Z :. 1 :. 1 :. 2) [ ( 1.0 , 1.0 ) , ( -1.0 , -1.0 ) ]
                - , Matrix (Z :. 1 :. 1) [ ( -2.0 , -2.0 ) ]
                + , Matrix (Z :. 1 :. 1) [ ( 0.0 , 1.0 ) ]
                  )
              
                This failure can be reproduced by running:
                > recheck (Size 14) (Seed 2308370162006867181 6440910464340960445) non-commutative
              
            Use '--hedgehog-replay "Size 14 Seed 2308370162006867181 6440910464340960445"' to reproduce.
    scanlSeg
      Int64
        DIM1
          sum:                FAIL (0.12s)
              ✗ sum failed at src/Data/Array/Accelerate/Test/NoFib/Prelude/Scan.hs:641:54
                after 4 tests and 62 shrinks.
              
                forAll0 =
                  Vector (Z :. 1) [ 1 ]
                
                forAll1 =
                  Vector (Z :. 1) [ 1 ]
                
                forAll2 =
                  1
                
                forAll3 =
                  Z :. 1
                
                forAll4 =
                  0
              
                ━━━ Failed (- lhs) (+ rhs) ━━━
                - Vector (Z :. 2) [ 0 , 2 ]
                + Vector (Z :. 2) [ 0 , 1 ]
              
                This failure can be reproduced by running:
                > recheck (Size 3) (Seed 13844244467414100409 17734578419952489261) sum
              
            Use '--hedgehog-replay "Size 3 Seed 13844244467414100409 17734578419952489261"' to reproduce.
          non-neutral sum:    FAIL (0.13s)
              ✗ non-neutral sum failed at src/Data/Array/Accelerate/Test/NoFib/Prelude/Scan.hs:641:54
                after 3 tests and 62 shrinks.
              
                forAll0 =
                  Vector (Z :. 1) [ 1 ]
                
                forAll1 =
                  Vector (Z :. 1) [ 1 ]
                
                forAll2 =
                  1
                
                forAll3 =
                  Z :. 1
                
                forAll4 =
                  0
              
                ━━━ Failed (- lhs) (+ rhs) ━━━
                - Vector (Z :. 2) [ 0 , 2 ]
                + Vector (Z :. 2) [ 0 , 1 ]
              
                This failure can be reproduced by running:
                > recheck (Size 2) (Seed 14917064780905335393 5523724037431432597) non-neutral sum
              
            Use '--hedgehog-replay "Size 2 Seed 14917064780905335393 5523724037431432597"' to reproduce.
        DIM2
          sum:                FAIL (0.11s)
              ✗ sum failed at src/Data/Array/Accelerate/Test/NoFib/Prelude/Scan.hs:641:54
                after 5 tests and 57 shrinks.
              
                forAll0 =
                  Matrix (Z :. 1 :. 1) [ 1 ]
                
                forAll1 =
                  Vector (Z :. 1) [ 1 ]
                
                forAll2 =
                  1
                
                forAll3 =
                  Z :. 1 :. 1
                
                forAll4 =
                  0
              
                ━━━ Failed (- lhs) (+ rhs) ━━━
                - Matrix (Z :. 1 :. 2) [ 0 , 2 ]
                + Matrix (Z :. 1 :. 2) [ 0 , 1 ]
              
                This failure can be reproduced by running:
                > recheck (Size 4) (Seed 9047416176689192272 11619218278612684711) sum
              
            Use '--hedgehog-replay "Size 4 Seed 9047416176689192272 11619218278612684711"' to reproduce.
          non-neutral sum:    FAIL (0.13s)
              ✗ non-neutral sum failed at src/Data/Array/Accelerate/Test/NoFib/Prelude/Scan.hs:641:54
                after 5 tests and 62 shrinks.
              
                forAll0 =
                  Matrix (Z :. 1 :. 1) [ -1 ]
                
                forAll1 =
                  Vector (Z :. 1) [ 1 ]
                
                forAll2 =
                  1
                
                forAll3 =
                  Z :. 1 :. 1
                
                forAll4 =
                  0
              
                ━━━ Failed (- lhs) (+ rhs) ━━━
                - Matrix (Z :. 1 :. 2) [ 0 , -2 ]
                + Matrix (Z :. 1 :. 2) [ 0 , -1 ]
              
                This failure can be reproduced by running:
                > recheck (Size 4) (Seed 8905799125884258206 5686081367020675987) non-neutral sum
              
            Use '--hedgehog-replay "Size 4 Seed 8905799125884258206 5686081367020675987"' to reproduce.
        DIM3
          sum:                FAIL (0.14s)
              ✗ sum failed at src/Data/Array/Accelerate/Test/NoFib/Prelude/Scan.hs:641:54
                after 14 tests and 64 shrinks.
              
                forAll0 =
                  Array (Z :. 1 :. 1 :. 1) [ -1 ]
                
                forAll1 =
                  Vector (Z :. 1) [ 1 ]
                
                forAll2 =
                  1
                
                forAll3 =
                  Z :. 1 :. 1 :. 1
                
                forAll4 =
                  0
              
                ━━━ Failed (- lhs) (+ rhs) ━━━
                - Array (Z :. 1 :. 1 :. 2) [ 0 , -2 ]
                + Array (Z :. 1 :. 1 :. 2) [ 0 , -1 ]
              
                This failure can be reproduced by running:
                > recheck (Size 13) (Seed 2571435286389079726 2854926910680047983) sum
              
            Use '--hedgehog-replay "Size 13 Seed 2571435286389079726 2854926910680047983"' to reproduce.
          non-neutral sum:    FAIL (0.14s)
              ✗ non-neutral sum failed at src/Data/Array/Accelerate/Test/NoFib/Prelude/Scan.hs:641:54
                after 8 tests and 63 shrinks.
              
                forAll0 =
                  Array (Z :. 1 :. 1 :. 1) [ -1 ]
                
                forAll1 =
                  Vector (Z :. 1) [ 1 ]
                
                forAll2 =
                  1
                
                forAll3 =
                  Z :. 1 :. 1 :. 1
                
                forAll4 =
                  0
              
                ━━━ Failed (- lhs) (+ rhs) ━━━
                - Array (Z :. 1 :. 1 :. 2) [ 0 , -2 ]
                + Array (Z :. 1 :. 1 :. 2) [ 0 , -1 ]
              
                This failure can be reproduced by running:
                > recheck (Size 7) (Seed 3719100073086937651 13712363196635789681) non-neutral sum
              
            Use '--hedgehog-replay "Size 7 Seed 3719100073086937651 13712363196635789681"' to reproduce.
      Double
        DIM1
          sum:                FAIL (0.86s)
              ✗ sum failed at src/Data/Array/Accelerate/Test/NoFib/Prelude/Scan.hs:641:54
                after 4 tests and 57 shrinks.
              
                forAll0 =
                  Vector (Z :. 1) [ 5.0e-5 ]
                
                forAll1 =
                  Vector (Z :. 1) [ 1 ]
                
                forAll2 =
                  1
                
                forAll3 =
                  Z :. 1
                
                forAll4 =
                  0.0
              
                ━━━ Failed (- lhs) (+ rhs) ━━━
                - Vector (Z :. 2) [ 0.0 , 1.0e-4 ]
                + Vector (Z :. 2) [ 0.0 , 5.0e-5 ]
              
                This failure can be reproduced by running:
                > recheck (Size 3) (Seed 6781144064242714312 1410299965171514743) sum
              
            Use '--hedgehog-replay "Size 3 Seed 6781144064242714312 1410299965171514743"' to reproduce.
          non-neutral sum:    FAIL (0.61s)
              ✗ non-neutral sum failed at src/Data/Array/Accelerate/Test/NoFib/Prelude/Scan.hs:641:54
                after 5 tests and 48 shrinks.
              
                forAll0 =
                  Vector (Z :. 1) [ -5.0e-5 ]
                
                forAll1 =
                  Vector (Z :. 1) [ 1 ]
                
                forAll2 =
                  1
                
                forAll3 =
                  Z :. 1
                
                forAll4 =
                  0.0
              
                ━━━ Failed (- lhs) (+ rhs) ━━━
                - Vector (Z :. 2) [ 0.0 , -1.0e-4 ]
                + Vector (Z :. 2) [ 0.0 , -5.0e-5 ]
              
                This failure can be reproduced by running:
                > recheck (Size 4) (Seed 17352400496745755485 13236702395110668009) non-neutral sum
              
            Use '--hedgehog-replay "Size 4 Seed 17352400496745755485 13236702395110668009"' to reproduce.
        DIM2
          sum:                FAIL (0.60s)
              ✗ sum failed at src/Data/Array/Accelerate/Test/NoFib/Prelude/Scan.hs:641:54
                after 10 tests and 46 shrinks.
              
                forAll0 =
                  Matrix (Z :. 1 :. 1) [ 5.0e-5 ]
                
                forAll1 =
                  Vector (Z :. 1) [ 1 ]
                
                forAll2 =
                  1
                
                forAll3 =
                  Z :. 1 :. 1
                
                forAll4 =
                  0.0
              
                ━━━ Failed (- lhs) (+ rhs) ━━━
                - Matrix (Z :. 1 :. 2) [ 0.0 , 1.0e-4 ]
                + Matrix (Z :. 1 :. 2) [ 0.0 , 5.0e-5 ]
              
                This failure can be reproduced by running:
                > recheck (Size 9) (Seed 16312489593702331635 12372034880126076373) sum
              
            Use '--hedgehog-replay "Size 9 Seed 16312489593702331635 12372034880126076373"' to reproduce.
          non-neutral sum:    FAIL (0.65s)
              ✗ non-neutral sum failed at src/Data/Array/Accelerate/Test/NoFib/Prelude/Scan.hs:641:54
                after 8 tests and 52 shrinks.
              
                forAll0 =
                  Matrix (Z :. 1 :. 1) [ -5.0e-5 ]
                
                forAll1 =
                  Vector (Z :. 1) [ 1 ]
                
                forAll2 =
                  1
                
                forAll3 =
                  Z :. 1 :. 1
                
                forAll4 =
                  0.0
              
                ━━━ Failed (- lhs) (+ rhs) ━━━
                - Matrix (Z :. 1 :. 2) [ 0.0 , -1.0e-4 ]
                + Matrix (Z :. 1 :. 2) [ 0.0 , -5.0e-5 ]
              
                This failure can be reproduced by running:
                > recheck (Size 7) (Seed 12525145726389906324 2784434008378422331) non-neutral sum
              
            Use '--hedgehog-replay "Size 7 Seed 12525145726389906324 2784434008378422331"' to reproduce.
        DIM3
          sum:                FAIL (0.69s)
              ✗ sum failed at src/Data/Array/Accelerate/Test/NoFib/Prelude/Scan.hs:641:54
                after 13 tests and 48 shrinks.
              
                forAll0 =
                  Array (Z :. 1 :. 1 :. 1) [ 5.0e-5 ]
                
                forAll1 =
                  Vector (Z :. 1) [ 1 ]
                
                forAll2 =
                  1
                
                forAll3 =
                  Z :. 1 :. 1 :. 1
                
                forAll4 =
                  0.0
              
                ━━━ Failed (- lhs) (+ rhs) ━━━
                - Array (Z :. 1 :. 1 :. 2) [ 0.0 , 1.0e-4 ]
                + Array (Z :. 1 :. 1 :. 2) [ 0.0 , 5.0e-5 ]
              
                This failure can be reproduced by running:
                > recheck (Size 12) (Seed 2279844350378428115 10859121284183980197) sum
              
            Use '--hedgehog-replay "Size 12 Seed 2279844350378428115 10859121284183980197"' to reproduce.
          non-neutral sum:    FAIL (0.74s)
              ✗ non-neutral sum failed at src/Data/Array/Accelerate/Test/NoFib/Prelude/Scan.hs:641:54
                after 9 tests and 49 shrinks.
              
                forAll0 =
                  Array (Z :. 1 :. 1 :. 1) [ 5.0e-5 ]
                
                forAll1 =
                  Vector (Z :. 1) [ 1 ]
                
                forAll2 =
                  1
                
                forAll3 =
                  Z :. 1 :. 1 :. 1
                
                forAll4 =
                  0.0
              
                ━━━ Failed (- lhs) (+ rhs) ━━━
                - Array (Z :. 1 :. 1 :. 2) [ 0.0 , 1.0e-4 ]
                + Array (Z :. 1 :. 1 :. 2) [ 0.0 , 5.0e-5 ]
              
                This failure can be reproduced by running:
                > recheck (Size 8) (Seed 11598853282997598438 17167462921288936867) non-neutral sum
              
            Use '--hedgehog-replay "Size 8 Seed 11598853282997598438 17167462921288936867"' to reproduce.
    scanl1Seg
      Int64
        DIM1
          sum:                FAIL (0.06s)
              ✗ sum failed at src/Data/Array/Accelerate/Test/NoFib/Prelude/Scan.hs:656:41
                after 2 tests, 66 shrinks and 1 discard.
              
                forAll0 =
                  Vector (Z :. 2) [ 0 , -1 ]
                
                forAll1 =
                  Vector (Z :. 1) [ 2 ]
                
                forAll2 =
                  1
                
                forAll3 =
                  Z :. 1
              
                ━━━ Failed (- lhs) (+ rhs) ━━━
                - Vector (Z :. 2) [ 0 , -2 ]
                + Vector (Z :. 2) [ 0 , -1 ]
              
                This failure can be reproduced by running:
                > recheck (Size 2) (Seed 7818467455220340832 17058665108057613371) sum
              
            Use '--hedgehog-replay "Size 2 Seed 7818467455220340832 17058665108057613371"' to reproduce.
        DIM2
          sum:                FAIL (0.06s)
              ✗ sum failed at src/Data/Array/Accelerate/Test/NoFib/Prelude/Scan.hs:656:41
                after 2 tests, 64 shrinks and 4 discards.
              
                forAll0 =
                  Matrix (Z :. 1 :. 2) [ 0 , 1 ]
                
                forAll1 =
                  Vector (Z :. 1) [ 2 ]
                
                forAll2 =
                  1
                
                forAll3 =
                  Z :. 1 :. 1
              
                ━━━ Failed (- lhs) (+ rhs) ━━━
                - Matrix (Z :. 1 :. 2) [ 0 , 2 ]
                + Matrix (Z :. 1 :. 2) [ 0 , 1 ]
              
                This failure can be reproduced by running:
                > recheck (Size 5) (Seed 1881452338278773960 8886039084957195825) sum
              
            Use '--hedgehog-replay "Size 5 Seed 1881452338278773960 8886039084957195825"' to reproduce.
        DIM3
          sum:                FAIL (0.06s)
              ✗ sum failed at src/Data/Array/Accelerate/Test/NoFib/Prelude/Scan.hs:656:41
                after 1 test, 65 shrinks and 8 discards.
              
                forAll0 =
                  Array (Z :. 1 :. 1 :. 2) [ 0 , -1 ]
                
                forAll1 =
                  Vector (Z :. 1) [ 2 ]
                
                forAll2 =
                  1
                
                forAll3 =
                  Z :. 1 :. 1 :. 1
              
                ━━━ Failed (- lhs) (+ rhs) ━━━
                - Array (Z :. 1 :. 1 :. 2) [ 0 , -2 ]
                + Array (Z :. 1 :. 1 :. 2) [ 0 , -1 ]
              
                This failure can be reproduced by running:
                > recheck (Size 8) (Seed 11649031707098063946 13987130646835799643) sum
              
            Use '--hedgehog-replay "Size 8 Seed 11649031707098063946 13987130646835799643"' to reproduce.
      Double
        DIM1
          sum:                FAIL (0.32s)
              ✗ sum failed at src/Data/Array/Accelerate/Test/NoFib/Prelude/Scan.hs:656:41
                after 1 test, 41 shrinks and 1 discard.
              
                forAll0 =
                  Vector (Z :. 2) [ 0.0 , -5.0e-5 ]
                
                forAll1 =
                  Vector (Z :. 1) [ 2 ]
                
                forAll2 =
                  1
                
                forAll3 =
                  Z :. 1
              
                ━━━ Failed (- lhs) (+ rhs) ━━━
                - Vector (Z :. 2) [ 0.0 , -1.0e-4 ]
                + Vector (Z :. 2) [ 0.0 , -5.0e-5 ]
              
                This failure can be reproduced by running:
                > recheck (Size 1) (Seed 1925399999789964031 16779451265675146931) sum
              
            Use '--hedgehog-replay "Size 1 Seed 1925399999789964031 16779451265675146931"' to reproduce.
        DIM2
          sum:                FAIL (0.35s)
              ✗ sum failed at src/Data/Array/Accelerate/Test/NoFib/Prelude/Scan.hs:656:41
                after 1 test, 52 shrinks and 5 discards.
              
                forAll0 =
                  Matrix (Z :. 1 :. 3) [ 0.0 , 0.0 , 1.6666666666666667e-5 ]
                
                forAll1 =
                  Vector (Z :. 2) [ 1 , 2 ]
                
                forAll2 =
                  2
                
                forAll3 =
                  Z :. 1 :. 2
              
                ━━━ Failed (- lhs) (+ rhs) ━━━
                - Matrix (Z :. 1 :. 3) [ 0.0 , 0.0 , 6.666666666666667e-5 ]
                + Matrix (Z :. 1 :. 3) [ 0.0 , 0.0 , 1.6666666666666667e-5 ]
              
                This failure can be reproduced by running:
                > recheck (Size 5) (Seed 18106719178143368444 8921437657096624047) sum
              
            Use '--hedgehog-replay "Size 5 Seed 18106719178143368444 8921437657096624047"' to reproduce.
        DIM3
          sum:                FAIL (0.46s)
              ✗ sum failed at src/Data/Array/Accelerate/Test/NoFib/Prelude/Scan.hs:656:41
                after 1 test, 60 shrinks and 8 discards.
              
                forAll0 =
                  Array (Z :. 1 :. 1 :. 3) [ 0.0 , 0.0 , 1.6666666666666667e-5 ]
                
                forAll1 =
                  Vector (Z :. 2) [ 1 , 2 ]
                
                forAll2 =
                  2
                
                forAll3 =
                  Z :. 1 :. 1 :. 2
              
                ━━━ Failed (- lhs) (+ rhs) ━━━
                - Array (Z :. 1 :. 1 :. 3) [ 0.0 , 0.0 , 6.666666666666667e-5 ]
                + Array (Z :. 1 :. 1 :. 3) [ 0.0 , 0.0 , 1.6666666666666667e-5 ]
              
                This failure can be reproduced by running:
                > recheck (Size 8) (Seed 4256525670023442615 4191651929252466161) sum
              
            Use '--hedgehog-replay "Size 8 Seed 4256525670023442615 4191651929252466161"' to reproduce.
    scanl'Seg
      Int64
        DIM1
          sum:                FAIL (0.18s)
              ✗ sum failed at src/Data/Array/Accelerate/Test/NoFib/Prelude/Scan.hs:673:55
                after 5 tests and 66 shrinks.
              
                forAll0 =
                  Vector (Z :. 1) [ 1 ]
                
                forAll1 =
                  Vector (Z :. 1) [ 1 ]
                
                forAll2 =
                  1
                
                forAll3 =
                  Z :. 1
                
                forAll4 =
                  0
              
                ━━━ Failed (- lhs) (+ rhs) ━━━
                - ( Vector (Z :. 1) [ 0 ] , Vector (Z :. 1) [ 2 ] )
                + ( Vector (Z :. 1) [ 0 ] , Vector (Z :. 1) [ 1 ] )
              
                This failure can be reproduced by running:
                > recheck (Size 4) (Seed 4333568306919099036 17749533022339090283) sum
              
            Use '--hedgehog-replay "Size 4 Seed 4333568306919099036 17749533022339090283"' to reproduce.
          non-neutral sum:    FAIL (0.18s)
              ✗ non-neutral sum failed at src/Data/Array/Accelerate/Test/NoFib/Prelude/Scan.hs:673:55
                after 4 tests and 62 shrinks.
              
                forAll0 =
                  Vector (Z :. 1) [ -1 ]
                
                forAll1 =
                  Vector (Z :. 1) [ 1 ]
                
                forAll2 =
                  1
                
                forAll3 =
                  Z :. 1
                
                forAll4 =
                  0
              
                ━━━ Failed (- lhs) (+ rhs) ━━━
                - ( Vector (Z :. 1) [ 0 ] , Vector (Z :. 1) [ -2 ] )
                + ( Vector (Z :. 1) [ 0 ] , Vector (Z :. 1) [ -1 ] )
              
                This failure can be reproduced by running:
                > recheck (Size 3) (Seed 4681372659890875652 11978005821962490901) non-neutral sum
              
            Use '--hedgehog-replay "Size 3 Seed 4681372659890875652 11978005821962490901"' to reproduce.
        DIM2
          sum:                FAIL (0.17s)
              ✗ sum failed at src/Data/Array/Accelerate/Test/NoFib/Prelude/Scan.hs:673:55
                after 8 tests and 57 shrinks.
              
                forAll0 =
                  Matrix (Z :. 1 :. 1) [ 1 ]
                
                forAll1 =
                  Vector (Z :. 1) [ 1 ]
                
                forAll2 =
                  1
                
                forAll3 =
                  Z :. 1 :. 1
                
                forAll4 =
                  0
              
                ━━━ Failed (- lhs) (+ rhs) ━━━
                - ( Matrix (Z :. 1 :. 1) [ 0 ] , Matrix (Z :. 1 :. 1) [ 2 ] )
                + ( Matrix (Z :. 1 :. 1) [ 0 ] , Matrix (Z :. 1 :. 1) [ 1 ] )
              
                This failure can be reproduced by running:
                > recheck (Size 7) (Seed 12965759134850293154 7159823441627929761) sum
              
            Use '--hedgehog-replay "Size 7 Seed 12965759134850293154 7159823441627929761"' to reproduce.
          non-neutral sum:    FAIL (0.20s)
              ✗ non-neutral sum failed at src/Data/Array/Accelerate/Test/NoFib/Prelude/Scan.hs:673:55
                after 8 tests and 68 shrinks.
              
                forAll0 =
                  Matrix (Z :. 1 :. 1) [ 1 ]
                
                forAll1 =
                  Vector (Z :. 1) [ 1 ]
                
                forAll2 =
                  1
                
                forAll3 =
                  Z :. 1 :. 1
                
                forAll4 =
                  0
              
                ━━━ Failed (- lhs) (+ rhs) ━━━
                - ( Matrix (Z :. 1 :. 1) [ 0 ] , Matrix (Z :. 1 :. 1) [ 2 ] )
                + ( Matrix (Z :. 1 :. 1) [ 0 ] , Matrix (Z :. 1 :. 1) [ 1 ] )
              
                This failure can be reproduced by running:
                > recheck (Size 7) (Seed 6778265984316538044 9981092717483649081) non-neutral sum
              
            Use '--hedgehog-replay "Size 7 Seed 6778265984316538044 9981092717483649081"' to reproduce.
        DIM3
          sum:                FAIL (0.19s)
              ✗ sum failed at src/Data/Array/Accelerate/Test/NoFib/Prelude/Scan.hs:673:55
                after 10 tests and 63 shrinks.
              
                forAll0 =
                  Array (Z :. 1 :. 1 :. 1) [ -1 ]
                
                forAll1 =
                  Vector (Z :. 1) [ 1 ]
                
                forAll2 =
                  1
                
                forAll3 =
                  Z :. 1 :. 1 :. 1
                
                forAll4 =
                  0
              
                ━━━ Failed (- lhs) (+ rhs) ━━━
                  (
                    Array (Z :. 1 :. 1 :. 1) [ 0 ]
                - , Array (Z :. 1 :. 1 :. 1) [ -2 ]
                + , Array (Z :. 1 :. 1 :. 1) [ -1 ]
                  )
              
                This failure can be reproduced by running:
                > recheck (Size 9) (Seed 9078339549014660309 15125687671395252335) sum
              
            Use '--hedgehog-replay "Size 9 Seed 9078339549014660309 15125687671395252335"' to reproduce.
          non-neutral sum:    FAIL (0.20s)
              ✗ non-neutral sum failed at src/Data/Array/Accelerate/Test/NoFib/Prelude/Scan.hs:673:55
                after 17 tests and 65 shrinks.
              
                forAll0 =
                  Array (Z :. 1 :. 1 :. 1) [ -1 ]
                
                forAll1 =
                  Vector (Z :. 1) [ 1 ]
                
                forAll2 =
                  1
                
                forAll3 =
                  Z :. 1 :. 1 :. 1
                
                forAll4 =
                  0
              
                ━━━ Failed (- lhs) (+ rhs) ━━━
                  (
                    Array (Z :. 1 :. 1 :. 1) [ 0 ]
                - , Array (Z :. 1 :. 1 :. 1) [ -2 ]
                + , Array (Z :. 1 :. 1 :. 1) [ -1 ]
                  )
              
                This failure can be reproduced by running:
                > recheck (Size 16) (Seed 6804007021513009714 566871063453478803) non-neutral sum
              
            Use '--hedgehog-replay "Size 16 Seed 6804007021513009714 566871063453478803"' to reproduce.
      Double
        DIM1
          sum:                FAIL (0.02s)
              ✗ sum failed at src/Data/Array/Accelerate/Test/NoFib/Prelude/Scan.hs:673:55
                after 6 tests and 2 shrinks.
              
                forAll0 =
                  Vector (Z :. 0) []
                
                forAll1 =
                  Vector (Z :. 0) []
                
                forAll2 =
                  0
                
                forAll3 =
                  Z :. 0
                
                forAll4 =
                  0.0
              
                ━━━ Exception (ErrorCall) ━━━
                
                *** Internal error in package accelerate ***
                *** Please submit a bug report at https://github.com/AccelerateHS/accelerate/issues
                
                CUDA Exception: an illegal memory access was encountered
                
                CallStack (from HasCallStack):
                  internalError: Data.Array.Accelerate.LLVM.PTX.State:53:9
              
                This failure can be reproduced by running:
                > recheck (Size 5) (Seed 5248233741120545534 8174532365256162917) sum
              
            Use '--hedgehog-replay "Size 5 Seed 5248233741120545534 8174532365256162917"' to reproduce.
          non-neutral sum:    FAIL (0.02s)
              ✗ non-neutral sum failed at src/Data/Array/Accelerate/Test/NoFib/Prelude/Scan.hs:666:3
                after 1 test.
              
                ━━━ Exception (ErrorCall) ━━━
                
                *** Internal error in package accelerate ***
                *** Please submit a bug report at https://github.com/AccelerateHS/accelerate/issues
                
                CUDA Exception: an illegal memory access was encountered
                8
                
                
                CallStack (from HasCallStack):
                  internalError: Data.Array.Accelerate.LLVM.PTX.State:53:9
              
                This failure can be reproduced by running:
                > recheck (Size 0) (Seed 12365920620054872289 8137774135182795737) non-neutral sum
              
            Use '--hedgehog-replay "Size 0 Seed 12365920620054872289 8137774135182795737"' to reproduce.
        DIM2
          sum:                FAIL (0.01s)
              ✗ sum failed at src/Data/Array/Accelerate/Test/NoFib/Prelude/Scan.hs:666:3
                after 1 test.
              
                ━━━ Exception (ErrorCall) ━━━
                
                *** Internal error in package accelerate ***
                *** Please submit a bug report at https://github.com/AccelerateHS/accelerate/issues
                
                CUDA Exception: an illegal memory access was encountered
                `&
                
                
                CallStack (from HasCallStack):
                  internalError: Data.Array.Accelerate.LLVM.PTX.State:53:9
              
                This failure can be reproduced by running:
                > recheck (Size 0) (Seed 3570879589352213906 17549934312527930909) sum
              
            Use '--hedgehog-replay "Size 0 Seed 3570879589352213906 17549934312527930909"' to reproduce.
          non-neutral sum:    FAIL (0.02s)
              ✗ non-neutral sum failed at src/Data/Array/Accelerate/Test/NoFib/Prelude/Scan.hs:666:3
                after 1 test.
              
                ━━━ Exception (ErrorCall) ━━━
                
                *** Internal error in package accelerate ***
                *** Please submit a bug report at https://github.com/AccelerateHS/accelerate/issues
                
                CUDA Exception: an illegal memory access was encountered
                YB
                
                
                CallStack (from HasCallStack):
                  internalError: Data.Array.Accelerate.LLVM.PTX.State:53:9
              
                This failure can be reproduced by running:
                > recheck (Size 0) (Seed 12150040042728073764 4089114831519992979) non-neutral sum
              
            Use '--hedgehog-replay "Size 0 Seed 12150040042728073764 4089114831519992979"' to reproduce.
        DIM3
          sum:                FAIL (0.02s)
              ✗ sum failed at src/Data/Array/Accelerate/Test/NoFib/Prelude/Scan.hs:666:3
                after 1 test.
              
                ━━━ Exception (ErrorCall) ━━━
                
                *** Internal error in package accelerate ***
                *** Please submit a bug report at https://github.com/AccelerateHS/accelerate/issues
                
                CUDA Exception: an illegal memory access was encountered
                i~B
                
                
                CallStack (from HasCallStack):
                  internalError: Data.Array.Accelerate.LLVM.PTX.State:53:9
              
                This failure can be reproduced by running:
                > recheck (Size 0) (Seed 9237053028798485837 17374887557479607005) sum
              
            Use '--hedgehog-replay "Size 0 Seed 9237053028798485837 17374887557479607005"' to reproduce.
          non-neutral sum:    FAIL (0.02s)
              ✗ non-neutral sum failed at src/Data/Array/Accelerate/Test/NoFib/Prelude/Scan.hs:666:3
                after 1 test.
              
                ━━━ Exception (ErrorCall) ━━━
                
                *** Internal error in package accelerate ***
                *** Please submit a bug report at https://github.com/AccelerateHS/accelerate/issues
                
                CUDA Exception: an illegal memory access was encountered
                HN
                
                
                CallStack (from HasCallStack):
                  internalError: Data.Array.Accelerate.LLVM.PTX.State:53:9
              
                This failure can be reproduced by running:
                > recheck (Size 0) (Seed 11234331838667040866 15415963354304268385) non-neutral sum
              
            Use '--hedgehog-replay "Size 0 Seed 11234331838667040866 15415963354304268385"' to reproduce.
    scanrSeg
      Int64
        DIM1
          sum:                FAIL
              ✗ sum failed at src/Data/Array/Accelerate/Test/NoFib/Prelude/Scan.hs:683:3
                after 1 test.
              
                ━━━ Exception (ErrorCall) ━━━
                
                *** Internal error in package accelerate ***
                *** Please submit a bug report at https://github.com/AccelerateHS/accelerate/issues
                
                CUDA Exception: an illegal memory access was encountered
                xPB
                
                
                CallStack (from HasCallStack):
                  internalError: Data.Array.Accelerate.LLVM.PTX.State:53:9
              
                This failure can be reproduced by running:
                > recheck (Size 0) (Seed 15294407613708816981 9614502237785750011) sum
              
            Use '--hedgehog-replay "Size 0 Seed 15294407613708816981 9614502237785750011"' to reproduce.
          non-neutral sum:    FAIL
              ✗ non-neutral sum failed at src/Data/Array/Accelerate/Test/NoFib/Prelude/Scan.hs:683:3
                after 1 test.
              
                ━━━ Exception (ErrorCall) ━━━
                
                *** Internal error in package accelerate ***
                *** Please submit a bug report at https://github.com/AccelerateHS/accelerate/issues
                
                CUDA Exception: an illegal memory access was encountered
                Ҿ
                
                
                CallStack (from HasCallStack):
                  internalError: Data.Array.Accelerate.LLVM.PTX.State:53:9
              
                This failure can be reproduced by running:
                > recheck (Size 0) (Seed 1077120111430778828 8188286570149845573) non-neutral sum
              
            Use '--hedgehog-replay "Size 0 Seed 1077120111430778828 8188286570149845573"' to reproduce.
        DIM2
          sum:                FAIL
              ✗ sum failed at src/Data/Array/Accelerate/Test/NoFib/Prelude/Scan.hs:683:3
                after 1 test.
              
                ━━━ Exception (ErrorCall) ━━━
                
                *** Internal error in package accelerate ***
                *** Please submit a bug report at https://github.com/AccelerateHS/accelerate/issues
                
                CUDA Exception: an illegal memory access was encountered
                
                
                
                CallStack (from HasCallStack):
                  internalError: Data.Array.Accelerate.LLVM.PTX.State:53:9
              
                This failure can be reproduced by running:
                > recheck (Size 0) (Seed 7369218203014567223 4793507499110020987) sum
              
            Use '--hedgehog-replay "Size 0 Seed 7369218203014567223 4793507499110020987"' to reproduce.
          non-neutral sum:    FAIL
              ✗ non-neutral sum failed at src/Data/Array/Accelerate/Test/NoFib/Prelude/Scan.hs:683:3
                after 1 test.
              
                ━━━ Exception (ErrorCall) ━━━
                
                *** Internal error in package accelerate ***
                *** Please submit a bug report at https://github.com/AccelerateHS/accelerate/issues
                
                CUDA Exception: an illegal memory access was encountered
                r
                
                
                CallStack (from HasCallStack):
                  internalError: Data.Array.Accelerate.LLVM.PTX.State:53:9
              
                This failure can be reproduced by running:
                > recheck (Size 0) (Seed 12502074493973223213 5650382781871627833) non-neutral sum
              
            Use '--hedgehog-replay "Size 0 Seed 12502074493973223213 5650382781871627833"' to reproduce.
        DIM3
          sum:                FAIL
              ✗ sum failed at src/Data/Array/Accelerate/Test/NoFib/Prelude/Scan.hs:683:3
                after 1 test.
              
                ━━━ Exception (ErrorCall) ━━━
                
                *** Internal error in package accelerate ***
                *** Please submit a bug report at https://github.com/AccelerateHS/accelerate/issues
                
                CUDA Exception: an illegal memory access was encountered
                hB
                
                
                CallStack (from HasCallStack):
                  internalError: Data.Array.Accelerate.LLVM.PTX.State:53:9
              
                This failure can be reproduced by running:
                > recheck (Size 0) (Seed 14072154644882775824 13824490547323972617) sum
              
            Use '--hedgehog-replay "Size 0 Seed 14072154644882775824 13824490547323972617"' to reproduce.
          non-neutral sum:    FAIL (0.01s)
              ✗ non-neutral sum failed at src/Data/Array/Accelerate/Test/NoFib/Prelude/Scan.hs:683:3
                after 1 test.
              
                ━━━ Exception (ErrorCall) ━━━
                
                *** Internal error in package accelerate ***
                *** Please submit a bug report at https://github.com/AccelerateHS/accelerate/issues
                
                CUDA Exception: an illegal memory access was encountered
                b
                
                
                CallStack (from HasCallStack):
                  internalError: Data.Array.Accelerate.LLVM.PTX.State:53:9
              
                This failure can be reproduced by running:
                > recheck (Size 0) (Seed 8234099499630710270 17393479881320518535) non-neutral sum
              
            Use '--hedgehog-replay "Size 0 Seed 8234099499630710270 17393479881320518535"' to reproduce.
      Double
        DIM1
          sum:                FAIL
              ✗ sum failed at src/Data/Array/Accelerate/Test/NoFib/Prelude/Scan.hs:683:3
                after 1 test.
              
                ━━━ Exception (ErrorCall) ━━━
                
                *** Internal error in package accelerate ***
                *** Please submit a bug report at https://github.com/AccelerateHS/accelerate/issues
                
                CUDA Exception: an illegal memory access was encountered
                
                
                
                CallStack (from HasCallStack):
                  internalError: Data.Array.Accelerate.LLVM.PTX.State:53:9
              
                This failure can be reproduced by running:
                > recheck (Size 0) (Seed 8174185549172987366 16263406291854558395) sum
              
            Use '--hedgehog-replay "Size 0 Seed 8174185549172987366 16263406291854558395"' to reproduce.
          non-neutral sum:    FAIL
              ✗ non-neutral sum failed at src/Data/Array/Accelerate/Test/NoFib/Prelude/Scan.hs:683:3
                after 1 test.
              
                ━━━ Exception (ErrorCall) ━━━
                
                *** Internal error in package accelerate ***
                *** Please submit a bug report at https://github.com/AccelerateHS/accelerate/issues
                
                CUDA Exception: an illegal memory access was encountered
                `
                
                
                CallStack (from HasCallStack):
                  internalError: Data.Array.Accelerate.LLVM.PTX.State:53:9
              
                This failure can be reproduced by running:
                > recheck (Size 0) (Seed 6241513924257071326 17076374356069885597) non-neutral sum
              
            Use '--hedgehog-replay "Size 0 Seed 6241513924257071326 17076374356069885597"' to reproduce.
        DIM2
          sum:                FAIL
              ✗ sum failed at src/Data/Array/Accelerate/Test/NoFib/Prelude/Scan.hs:683:3
                after 1 test.
              
                ━━━ Exception (ErrorCall) ━━━
                
                *** Internal error in package accelerate ***
                *** Please submit a bug report at https://github.com/AccelerateHS/accelerate/issues
                
                CUDA Exception: an illegal memory access was encountered
                B
                
                
                CallStack (from HasCallStack):
                  internalError: Data.Array.Accelerate.LLVM.PTX.State:53:9
              
                This failure can be reproduced by running:
                > recheck (Size 0) (Seed 4029263925020225446 13685475263366273927) sum
              
            Use '--hedgehog-replay "Size 0 Seed 4029263925020225446 13685475263366273927"' to reproduce.
          non-neutral sum:    FAIL (0.01s)
              ✗ non-neutral sum failed at src/Data/Array/Accelerate/Test/NoFib/Prelude/Scan.hs:683:3
                after 1 test.
              
                ━━━ Exception (ErrorCall) ━━━
                
                *** Internal error in package accelerate ***
                *** Please submit a bug report at https://github.com/AccelerateHS/accelerate/issues
                
                CUDA Exception: an illegal memory access was encountered
                ^
                
                
                CallStack (from HasCallStack):
                  internalError: Data.Array.Accelerate.LLVM.PTX.State:53:9
              
                This failure can be reproduced by running:
                > recheck (Size 0) (Seed 6135983439076900882 11025173007202624893) non-neutral sum
              
            Use '--hedgehog-replay "Size 0 Seed 6135983439076900882 11025173007202624893"' to reproduce.
        DIM3
          sum:                FAIL
              ✗ sum failed at src/Data/Array/Accelerate/Test/NoFib/Prelude/Scan.hs:683:3
                after 1 test.
              
                ━━━ Exception (ErrorCall) ━━━
                
                *** Internal error in package accelerate ***
                *** Please submit a bug report at https://github.com/AccelerateHS/accelerate/issues
                
                CUDA Exception: an illegal memory access was encountered
                
                
                
                CallStack (from HasCallStack):
                  internalError: Data.Array.Accelerate.LLVM.PTX.State:53:9
              
                This failure can be reproduced by running:
                > recheck (Size 0) (Seed 6567448347009358711 8851943995076400111) sum
              
            Use '--hedgehog-replay "Size 0 Seed 6567448347009358711 8851943995076400111"' to reproduce.
          non-neutral sum:    FAIL
              ✗ non-neutral sum failed at src/Data/Array/Accelerate/Test/NoFib/Prelude/Scan.hs:683:3
                after 1 test.
              
                ━━━ Exception (ErrorCall) ━━━
                
                *** Internal error in package accelerate ***
                *** Please submit a bug report at https://github.com/AccelerateHS/accelerate/issues
                
                CUDA Exception: an illegal memory access was encountered
                Jߛ
                
                
                CallStack (from HasCallStack):
                  internalError: Data.Array.Accelerate.LLVM.PTX.State:53:9
              
                This failure can be reproduced by running:
                > recheck (Size 0) (Seed 3125924968499079569 15386768125027808857) non-neutral sum
              
            Use '--hedgehog-replay "Size 0 Seed 3125924968499079569 15386768125027808857"' to reproduce.
    scanr1Seg
      Int64
        DIM1
          sum:                FAIL
              ✗ sum failed at src/Data/Array/Accelerate/Test/NoFib/Prelude/Scan.hs:699:3
                after 1 test and 1 discard.
              
                ━━━ Exception (ErrorCall) ━━━
                
                *** Internal error in package accelerate ***
                *** Please submit a bug report at https://github.com/AccelerateHS/accelerate/issues
                
                CUDA Exception: an illegal memory access was encountered
                x}
                
                
                CallStack (from HasCallStack):
                  internalError: Data.Array.Accelerate.LLVM.PTX.State:53:9
              
                This failure can be reproduced by running:
                > recheck (Size 1) (Seed 11667303848814737150 11057769739853225541) sum
              
            Use '--hedgehog-replay "Size 1 Seed 11667303848814737150 11057769739853225541"' to reproduce.
        DIM2
          sum:                FAIL
              ✗ sum failed at src/Data/Array/Accelerate/Test/NoFib/Prelude/Scan.hs:699:3
                after 1 test and 4 discards.
              
                ━━━ Exception (ErrorCall) ━━━
                
                *** Internal error in package accelerate ***
                *** Please submit a bug report at https://github.com/AccelerateHS/accelerate/issues
                
                CUDA Exception: an illegal memory access was encountered
                
                
                
                CallStack (from HasCallStack):
                  internalError: Data.Array.Accelerate.LLVM.PTX.State:53:9
              
                This failure can be reproduced by running:
                > recheck (Size 4) (Seed 5717702013434730707 9822462690841192773) sum
              
            Use '--hedgehog-replay "Size 4 Seed 5717702013434730707 9822462690841192773"' to reproduce.
        DIM3
          sum:                FAIL
              ✗ sum failed at src/Data/Array/Accelerate/Test/NoFib/Prelude/Scan.hs:699:3
                after 1 test and 8 discards.
              
                ━━━ Exception (ErrorCall) ━━━
                
                *** Internal error in package accelerate ***
                *** Please submit a bug report at https://github.com/AccelerateHS/accelerate/issues
                
                CUDA Exception: an illegal memory access was encountered
                I@
                
                
                CallStack (from HasCallStack):
                  internalError: Data.Array.Accelerate.LLVM.PTX.State:53:9
              
                This failure can be reproduced by running:
                > recheck (Size 8) (Seed 14608820497021135217 7063949255983217573) sum
              
            Use '--hedgehog-replay "Size 8 Seed 14608820497021135217 7063949255983217573"' to reproduce.
      Double
        DIM1
          sum:                FAIL
              ✗ sum failed at src/Data/Array/Accelerate/Test/NoFib/Prelude/Scan.hs:699:3
                after 1 test and 2 discards.
              
                ━━━ Exception (ErrorCall) ━━━
                
                *** Internal error in package accelerate ***
                *** Please submit a bug report at https://github.com/AccelerateHS/accelerate/issues
                
                CUDA Exception: an illegal memory access was encountered
                `&
                
                
                CallStack (from HasCallStack):
                  internalError: Data.Array.Accelerate.LLVM.PTX.State:53:9
              
                This failure can be reproduced by running:
                > recheck (Size 2) (Seed 16081670381309899847 6463829337677343715) sum
              
            Use '--hedgehog-replay "Size 2 Seed 16081670381309899847 6463829337677343715"' to reproduce.
        DIM2
          sum:                FAIL
              ✗ sum failed at src/Data/Array/Accelerate/Test/NoFib/Prelude/Scan.hs:699:3
                after 1 test and 4 discards.
              
                ━━━ Exception (ErrorCall) ━━━
                
                *** Internal error in package accelerate ***
                *** Please submit a bug report at https://github.com/AccelerateHS/accelerate/issues
                
                CUDA Exception: an illegal memory access was encountered
                xMB
                
                
                CallStack (from HasCallStack):
                  internalError: Data.Array.Accelerate.LLVM.PTX.State:53:9
              
                This failure can be reproduced by running:
                > recheck (Size 4) (Seed 17596056833052466942 17831875599304307731) sum
              
            Use '--hedgehog-replay "Size 4 Seed 17596056833052466942 17831875599304307731"' to reproduce.
        DIM3
          sum:                FAIL
              ✗ sum failed at src/Data/Array/Accelerate/Test/NoFib/Prelude/Scan.hs:699:3
                after 1 test and 7 discards.
              
                ━━━ Exception (ErrorCall) ━━━
                
                *** Internal error in package accelerate ***
                *** Please submit a bug report at https://github.com/AccelerateHS/accelerate/issues
                
                CUDA Exception: an illegal memory access was encountered
                AU
                
                
                CallStack (from HasCallStack):
                  internalError: Data.Array.Accelerate.LLVM.PTX.State:53:9
              
                This failure can be reproduced by running:
                > recheck (Size 7) (Seed 11906593569793103901 14841900763755508045) sum
              
            Use '--hedgehog-replay "Size 7 Seed 11906593569793103901 14841900763755508045"' to reproduce.
    scanr'Seg
      Int64
        DIM1
          sum:                FAIL (0.02s)
              ✗ sum failed at src/Data/Array/Accelerate/Test/NoFib/Prelude/Scan.hs:715:3
                after 1 test.
              
                ━━━ Exception (ErrorCall) ━━━
                
                *** Internal error in package accelerate ***
                *** Please submit a bug report at https://github.com/AccelerateHS/accelerate/issues
                
                CUDA Exception: an illegal memory access was encountered
                ?C
                
                
                CallStack (from HasCallStack):
                  internalError: Data.Array.Accelerate.LLVM.PTX.State:53:9
              
                This failure can be reproduced by running:
                > recheck (Size 0) (Seed 5492174825655267868 9280493948188154297) sum
              
            Use '--hedgehog-replay "Size 0 Seed 5492174825655267868 9280493948188154297"' to reproduce.
          non-neutral sum:    FAIL (0.02s)
              ✗ non-neutral sum failed at src/Data/Array/Accelerate/Test/NoFib/Prelude/Scan.hs:715:3
                after 1 test.
              
                ━━━ Exception (ErrorCall) ━━━
                
                *** Internal error in package accelerate ***
                *** Please submit a bug report at https://github.com/AccelerateHS/accelerate/issues
                
                CUDA Exception: an illegal memory access was encountered
                \`
                
                
                CallStack (from HasCallStack):
                  internalError: Data.Array.Accelerate.LLVM.PTX.State:53:9
              
                This failure can be reproduced by running:
                > recheck (Size 0) (Seed 16983208834293245942 13346433404496359143) non-neutral sum
              
            Use '--hedgehog-replay "Size 0 Seed 16983208834293245942 13346433404496359143"' to reproduce.
        DIM2
          sum:                FAIL (0.03s)
              ✗ sum failed at src/Data/Array/Accelerate/Test/NoFib/Prelude/Scan.hs:715:3
                after 1 test.
              
                ━━━ Exception (ErrorCall) ━━━
                
                *** Internal error in package accelerate ***
                *** Please submit a bug report at https://github.com/AccelerateHS/accelerate/issues
                
                CUDA Exception: an illegal memory access was encountered
                ͬ
                
                
                CallStack (from HasCallStack):
                  internalError: Data.Array.Accelerate.LLVM.PTX.State:53:9
              
                This failure can be reproduced by running:
                > recheck (Size 0) (Seed 17285118551006045383 7236040232374590259) sum
              
            Use '--hedgehog-replay "Size 0 Seed 17285118551006045383 7236040232374590259"' to reproduce.
          non-neutral sum:    FAIL (0.01s)
              ✗ non-neutral sum failed at src/Data/Array/Accelerate/Test/NoFib/Prelude/Scan.hs:715:3
                after 1 test.
              
                ━━━ Exception (ErrorCall) ━━━
                
                *** Internal error in package accelerate ***
                *** Please submit a bug report at https://github.com/AccelerateHS/accelerate/issues
                
                CUDA Exception: an illegal memory access was encountered
                oY
                
                
                CallStack (from HasCallStack):
                  internalError: Data.Array.Accelerate.LLVM.PTX.State:53:9
              
                This failure can be reproduced by running:
                > recheck (Size 0) (Seed 12122825984950321242 7480646680870855175) non-neutral sum
              
            Use '--hedgehog-replay "Size 0 Seed 12122825984950321242 7480646680870855175"' to reproduce.
        DIM3
          sum:                FAIL (0.02s)
              ✗ sum failed at src/Data/Array/Accelerate/Test/NoFib/Prelude/Scan.hs:715:3
                after 1 test.
              
                ━━━ Exception (ErrorCall) ━━━
                
                *** Internal error in package accelerate ***
                *** Please submit a bug report at https://github.com/AccelerateHS/accelerate/issues
                
                CUDA Exception: an illegal memory access was encountered
                
                
                
                CallStack (from HasCallStack):
                  internalError: Data.Array.Accelerate.LLVM.PTX.State:53:9
              
                This failure can be reproduced by running:
                > recheck (Size 0) (Seed 5958950093907378363 4892907246185903879) sum
              
            Use '--hedgehog-replay "Size 0 Seed 5958950093907378363 4892907246185903879"' to reproduce.
          non-neutral sum:    FAIL (0.02s)
              ✗ non-neutral sum failed at src/Data/Array/Accelerate/Test/NoFib/Prelude/Scan.hs:715:3
                after 1 test.
              
                ━━━ Exception (ErrorCall) ━━━
                
                *** Internal error in package accelerate ***
                *** Please submit a bug report at https://github.com/AccelerateHS/accelerate/issues
                
                CUDA Exception: an illegal memory access was encountered
                @.
                
                
                CallStack (from HasCallStack):
                  internalError: Data.Array.Accelerate.LLVM.PTX.State:53:9
              
                This failure can be reproduced by running:
                > recheck (Size 0) (Seed 16231975852196225855 2862065505554727409) non-neutral sum
              
            Use '--hedgehog-replay "Size 0 Seed 16231975852196225855 2862065505554727409"' to reproduce.
      Double
        DIM1
          sum:                FAIL (0.01s)
              ✗ sum failed at src/Data/Array/Accelerate/Test/NoFib/Prelude/Scan.hs:715:3
                after 1 test.
              
                ━━━ Exception (ErrorCall) ━━━
                
                *** Internal error in package accelerate ***
                *** Please submit a bug report at https://github.com/AccelerateHS/accelerate/issues
                
                CUDA Exception: an illegal memory access was encountered
                
                
                
                CallStack (from HasCallStack):
                  internalError: Data.Array.Accelerate.LLVM.PTX.State:53:9
              
                This failure can be reproduced by running:
                > recheck (Size 0) (Seed 17120946641832983249 13441176217039777969) sum
              
            Use '--hedgehog-replay "Size 0 Seed 17120946641832983249 13441176217039777969"' to reproduce.
          non-neutral sum:    FAIL (0.01s)
              ✗ non-neutral sum failed at src/Data/Array/Accelerate/Test/NoFib/Prelude/Scan.hs:715:3
                after 1 test.
              
                ━━━ Exception (ErrorCall) ━━━
                
                *** Internal error in package accelerate ***
                *** Please submit a bug report at https://github.com/AccelerateHS/accelerate/issues
                
                CUDA Exception: an illegal memory access was encountered
                ?F
                
                
                CallStack (from HasCallStack):
                  internalError: Data.Array.Accelerate.LLVM.PTX.State:53:9
              
                This failure can be reproduced by running:
                > recheck (Size 0) (Seed 1218078491230898726 13945777931940348869) non-neutral sum
              
            Use '--hedgehog-replay "Size 0 Seed 1218078491230898726 13945777931940348869"' to reproduce.
        DIM2
          sum:                FAIL (0.02s)
              ✗ sum failed at src/Data/Array/Accelerate/Test/NoFib/Prelude/Scan.hs:715:3
                after 1 test.
              
                ━━━ Exception (ErrorCall) ━━━
                
                *** Internal error in package accelerate ***
                *** Please submit a bug report at https://github.com/AccelerateHS/accelerate/issues
                
                CUDA Exception: an illegal memory access was encountered
                BB
                
                
                CallStack (from HasCallStack):
                  internalError: Data.Array.Accelerate.LLVM.PTX.State:53:9
              
                This failure can be reproduced by running:
                > recheck (Size 0) (Seed 9945270190285718196 8961502222525053323) sum
              
            Use '--hedgehog-replay "Size 0 Seed 9945270190285718196 8961502222525053323"' to reproduce.
          non-neutral sum:    FAIL (0.02s)
              ✗ non-neutral sum failed at src/Data/Array/Accelerate/Test/NoFib/Prelude/Scan.hs:715:3
                after 1 test.
              
                ━━━ Exception (ErrorCall) ━━━
                
                *** Internal error in package accelerate ***
                *** Please submit a bug report at https://github.com/AccelerateHS/accelerate/issues
                
                CUDA Exception: an illegal memory access was encountered
                OG
                
                
                CallStack (from HasCallStack):
                  internalError: Data.Array.Accelerate.LLVM.PTX.State:53:9
              
                This failure can be reproduced by running:
                > recheck (Size 0) (Seed 10652410596263527588 10349965395486510569) non-neutral sum
              
            Use '--hedgehog-replay "Size 0 Seed 10652410596263527588 10349965395486510569"' to reproduce.
        DIM3
          sum:                FAIL (0.02s)
              ✗ sum failed at src/Data/Array/Accelerate/Test/NoFib/Prelude/Scan.hs:715:3
                after 1 test.
              
                ━━━ Exception (ErrorCall) ━━━
                
                *** Internal error in package accelerate ***
                *** Please submit a bug report at https://github.com/AccelerateHS/accelerate/issues
                
                CUDA Exception: an illegal memory access was encountered
                b
                
                
                CallStack (from HasCallStack):
                  internalError: Data.Array.Accelerate.LLVM.PTX.State:53:9
              
                This failure can be reproduced by running:
                > recheck (Size 0) (Seed 3297463940827449855 10972975870005745085) sum
              
            Use '--hedgehog-replay "Size 0 Seed 3297463940827449855 10972975870005745085"' to reproduce.
          non-neutral sum:    FAIL (0.02s)
              ✗ non-neutral sum failed at src/Data/Array/Accelerate/Test/NoFib/Prelude/Scan.hs:715:3
                after 1 test.
              
                ━━━ Exception (ErrorCall) ━━━
                
                *** Internal error in package accelerate ***
                *** Please submit a bug report at https://github.com/AccelerateHS/accelerate/issues
                
                CUDA Exception: an illegal memory access was encountered
                oB
                
                
                CallStack (from HasCallStack):
                  internalError: Data.Array.Accelerate.LLVM.PTX.State:53:9
              
                This failure can be reproduced by running:
                > recheck (Size 0) (Seed 443445555846201472 5611714620616876281) non-neutral sum
              
            Use '--hedgehog-replay "Size 0 Seed 443445555846201472 5611714620616876281"' to reproduce.
    filter
      Int64
        DIM1
          even:               FAIL
              ✗ even failed at src/Data/Array/Accelerate/Test/NoFib/Prelude/Filter.hs:106:3
                after 1 test.
              
                ━━━ Exception (ErrorCall) ━━━
                
                *** Internal error in package accelerate ***
                *** Please submit a bug report at https://github.com/AccelerateHS/accelerate/issues
                
                CUDA Exception: an illegal memory access was encountered
                `B
                
                
                CallStack (from HasCallStack):
                  internalError: Data.Array.Accelerate.LLVM.PTX.State:53:9
              
                This failure can be reproduced by running:
                > recheck (Size 0) (Seed 7529306578307098641 14510144370886828573) even
              
            Use '--hedgehog-replay "Size 0 Seed 7529306578307098641 14510144370886828573"' to reproduce.
        DIM2
          even:               FAIL
              ✗ even failed at src/Data/Array/Accelerate/Test/NoFib/Prelude/Filter.hs:106:3
                after 1 test.
              
                ━━━ Exception (ErrorCall) ━━━
                
                *** Internal error in package accelerate ***
                *** Please submit a bug report at https://github.com/AccelerateHS/accelerate/issues
                
                CUDA Exception: an illegal memory access was encountered
                B
                
                
                CallStack (from HasCallStack):
                  internalError: Data.Array.Accelerate.LLVM.PTX.State:53:9
              
                This failure can be reproduced by running:
                > recheck (Size 0) (Seed 15435148370782056823 5829701027799169221) even
              
            Use '--hedgehog-replay "Size 0 Seed 15435148370782056823 5829701027799169221"' to reproduce.
        DIM3
          even:               FAIL
              ✗ even failed at src/Data/Array/Accelerate/Test/NoFib/Prelude/Filter.hs:106:3
                after 1 test.
              
                ━━━ Exception (ErrorCall) ━━━
                
                *** Internal error in package accelerate ***
                *** Please submit a bug report at https://github.com/AccelerateHS/accelerate/issues
                
                CUDA Exception: an illegal memory access was encountered
                
                
                
                CallStack (from HasCallStack):
                  internalError: Data.Array.Accelerate.LLVM.PTX.State:53:9
              
                This failure can be reproduced by running:
                > recheck (Size 0) (Seed 11308287348142001771 7456777212510936881) even
              
            Use '--hedgehog-replay "Size 0 Seed 11308287348142001771 7456777212510936881"' to reproduce.
      Double
        DIM1
          positive:           FAIL
              ✗ positive failed at src/Data/Array/Accelerate/Test/NoFib/Prelude/Filter.hs:118:3
                after 1 test.
              
                ━━━ Exception (ErrorCall) ━━━
                
                *** Internal error in package accelerate ***
                *** Please submit a bug report at https://github.com/AccelerateHS/accelerate/issues
                
                CUDA Exception: an illegal memory access was encountered
                h	
                
                
                CallStack (from HasCallStack):
                  internalError: Data.Array.Accelerate.LLVM.PTX.State:53:9
              
                This failure can be reproduced by running:
                > recheck (Size 0) (Seed 6293455711779618541 18237103117197683751) positive
              
            Use '--hedgehog-replay "Size 0 Seed 6293455711779618541 18237103117197683751"' to reproduce.
        DIM2
          positive:           FAIL
              ✗ positive failed at src/Data/Array/Accelerate/Test/NoFib/Prelude/Filter.hs:118:3
                after 1 test.
              
                ━━━ Exception (ErrorCall) ━━━
                
                *** Internal error in package accelerate ***
                *** Please submit a bug report at https://github.com/AccelerateHS/accelerate/issues
                
                CUDA Exception: an illegal memory access was encountered
                xK
                
                
                CallStack (from HasCallStack):
                  internalError: Data.Array.Accelerate.LLVM.PTX.State:53:9
              
                This failure can be reproduced by running:
                > recheck (Size 0) (Seed 4638130241672866975 10128921527151225779) positive
              
            Use '--hedgehog-replay "Size 0 Seed 4638130241672866975 10128921527151225779"' to reproduce.
        DIM3
          positive:           FAIL
              ✗ positive failed at src/Data/Array/Accelerate/Test/NoFib/Prelude/Filter.hs:118:3
                after 1 test.
              
                ━━━ Exception (ErrorCall) ━━━
                
                *** Internal error in package accelerate ***
                *** Please submit a bug report at https://github.com/AccelerateHS/accelerate/issues
                
                CUDA Exception: an illegal memory access was encountered
                B
                
                
                CallStack (from HasCallStack):
                  internalError: Data.Array.Accelerate.LLVM.PTX.State:53:9
              
                This failure can be reproduced by running:
                > recheck (Size 0) (Seed 6989192030581903004 12999712438198946165) positive
              
            Use '--hedgehog-replay "Size 0 Seed 6989192030581903004 12999712438198946165"' to reproduce.
    stencil
      Int64
        DIM1
          stencil3:           FAIL (0.04s)
              ✗ stencil3 failed at src/Data/Array/Accelerate/Test/NoFib/Prelude/Stencil.hs:106:3
                after 1 test.
              
                ━━━ Exception (ErrorCall) ━━━
                
                *** Internal error in package accelerate ***
                *** Please submit a bug report at https://github.com/AccelerateHS/accelerate/issues
                
                CUDA Exception: an illegal memory access was encountered
                e
                
                
                CallStack (from HasCallStack):
                  internalError: Data.Array.Accelerate.LLVM.PTX.State:53:9
              
                This failure can be reproduced by running:
                > recheck (Size 0) (Seed 6922207615216880163 14013827514689781531) stencil3
              
            Use '--hedgehog-replay "Size 0 Seed 6922207615216880163 14013827514689781531"' to reproduce.
          stencil5:           FAIL (0.05s)
              ✗ stencil5 failed at src/Data/Array/Accelerate/Test/NoFib/Prelude/Stencil.hs:125:3
                after 1 test.
              
                ━━━ Exception (ErrorCall) ━━━
                
                *** Internal error in package accelerate ***
                *** Please submit a bug report at https://github.com/AccelerateHS/accelerate/issues
                
                CUDA Exception: an illegal memory access was encountered
                
                
                
                CallStack (from HasCallStack):
                  internalError: Data.Array.Accelerate.LLVM.PTX.State:53:9
              
                This failure can be reproduced by running:
                > recheck (Size 0) (Seed 2724266277683622042 17749261783024495925) stencil5
              
            Use '--hedgehog-replay "Size 0 Seed 2724266277683622042 17749261783024495925"' to reproduce.
          stencil7:           FAIL (0.05s)
              ✗ stencil7 failed at src/Data/Array/Accelerate/Test/NoFib/Prelude/Stencil.hs:144:3
                after 1 test.
              
                ━━━ Exception (ErrorCall) ━━━
                
                *** Internal error in package accelerate ***
                *** Please submit a bug report at https://github.com/AccelerateHS/accelerate/issues
                
                CUDA Exception: an illegal memory access was encountered
                while1.top
                
                
                CallStack (from HasCallStack):
                  internalError: Data.Array.Accelerate.LLVM.PTX.State:53:9
              
                This failure can be reproduced by running:
                > recheck (Size 0) (Seed 2526817255668320865 16405970409111507193) stencil7
              
            Use '--hedgehog-replay "Size 0 Seed 2526817255668320865 16405970409111507193"' to reproduce.
          stencil9:           FAIL (0.05s)
              ✗ stencil9 failed at src/Data/Array/Accelerate/Test/NoFib/Prelude/Stencil.hs:163:3
                after 1 test.
              
                ━━━ Exception (ErrorCall) ━━━
                
                *** Internal error in package accelerate ***
                *** Please submit a bug report at https://github.com/AccelerateHS/accelerate/issues
                
                CUDA Exception: an illegal memory access was encountered
                
                
                
                CallStack (from HasCallStack):
                  internalError: Data.Array.Accelerate.LLVM.PTX.State:53:9
              
                This failure can be reproduced by running:
                > recheck (Size 0) (Seed 8586583762927145304 11106720371507782097) stencil9
              
            Use '--hedgehog-replay "Size 0 Seed 8586583762927145304 11106720371507782097"' to reproduce.
        DIM2
          stencil3x3:         FAIL (0.06s)
              ✗ stencil3x3 failed at src/Data/Array/Accelerate/Test/NoFib/Prelude/Stencil.hs:183:3
                after 1 test.
              
                ━━━ Exception (ErrorCall) ━━━
                
                *** Internal error in package accelerate ***
                *** Please submit a bug report at https://github.com/AccelerateHS/accelerate/issues
                
                CUDA Exception: an illegal memory access was encountered
                
                
                
                CallStack (from HasCallStack):
                  internalError: Data.Array.Accelerate.LLVM.PTX.State:53:9
              
                This failure can be reproduced by running:
                > recheck (Size 0) (Seed 10382011550834961672 7334319644634217003) stencil3x3
              
            Use '--hedgehog-replay "Size 0 Seed 10382011550834961672 7334319644634217003"' to reproduce.
          stencil5x5:         FAIL (0.08s)
              ✗ stencil5x5 failed at src/Data/Array/Accelerate/Test/NoFib/Prelude/Stencil.hs:204:3
                after 1 test.
              
                ━━━ Exception (ErrorCall) ━━━
                
                *** Internal error in package accelerate ***
                *** Please submit a bug report at https://github.com/AccelerateHS/accelerate/issues
                
                CUDA Exception: an illegal memory access was encountered
                h
                
                
                CallStack (from HasCallStack):
                  internalError: Data.Array.Accelerate.LLVM.PTX.State:53:9
              
                This failure can be reproduced by running:
                > recheck (Size 0) (Seed 17337630368784800872 6743910788894646003) stencil5x5
              
            Use '--hedgehog-replay "Size 0 Seed 17337630368784800872 6743910788894646003"' to reproduce.
          stencil7x7:         FAIL (0.18s)
              ✗ stencil7x7 failed at src/Data/Array/Accelerate/Test/NoFib/Prelude/Stencil.hs:225:3
                after 1 test.
              
                ━━━ Exception (ErrorCall) ━━━
                
                *** Internal error in package accelerate ***
                *** Please submit a bug report at https://github.com/AccelerateHS/accelerate/issues
                
                CUDA Exception: an illegal memory access was encountered
                x
                
                
                CallStack (from HasCallStack):
                  internalError: Data.Array.Accelerate.LLVM.PTX.State:53:9
              
                This failure can be reproduced by running:
                > recheck (Size 0) (Seed 5467748817774784193 12488711095571445989) stencil7x7
              
            Use '--hedgehog-replay "Size 0 Seed 5467748817774784193 12488711095571445989"' to reproduce.
          stencil9x9:         FAIL (0.17s)
              ✗ stencil9x9 failed at src/Data/Array/Accelerate/Test/NoFib/Prelude/Stencil.hs:246:3
                after 1 test.
              
                ━━━ Exception (ErrorCall) ━━━
                
                *** Internal error in package accelerate ***
                *** Please submit a bug report at https://github.com/AccelerateHS/accelerate/issues
                
                CUDA Exception: an illegal memory access was encountered
                
                
                
                CallStack (from HasCallStack):
                  internalError: Data.Array.Accelerate.LLVM.PTX.State:53:9
              
                This failure can be reproduced by running:
                > recheck (Size 0) (Seed 8779160344317376133 7690181386794882055) stencil9x9
              
            Use '--hedgehog-replay "Size 0 Seed 8779160344317376133 7690181386794882055"' to reproduce.
        DIM3
          stencil3x3x3:       FAIL (0.11s)
              ✗ stencil3x3x3 failed at src/Data/Array/Accelerate/Test/NoFib/Prelude/Stencil.hs:267:3
                after 1 test.
              
                ━━━ Exception (ErrorCall) ━━━
                
                *** Internal error in package accelerate ***
                *** Please submit a bug report at https://github.com/AccelerateHS/accelerate/issues
                
                CUDA Exception: an illegal memory access was encountered
                	
                
                
                CallStack (from HasCallStack):
                  internalError: Data.Array.Accelerate.LLVM.PTX.State:53:9
              
                This failure can be reproduced by running:
                > recheck (Size 0) (Seed 17267246165487018166 16543582044539677603) stencil3x3x3
              
            Use '--hedgehog-replay "Size 0 Seed 17267246165487018166 16543582044539677603"' to reproduce.
      Double
        DIM1
          stencil3:           FAIL (0.05s)
              ✗ stencil3 failed at src/Data/Array/Accelerate/Test/NoFib/Prelude/Stencil.hs:106:3
                after 1 test.
              
                ━━━ Exception (ErrorCall) ━━━
                
                *** Internal error in package accelerate ***
                *** Please submit a bug report at https://github.com/AccelerateHS/accelerate/issues
                
                CUDA Exception: an illegal memory access was encountered
                "
                
                
                CallStack (from HasCallStack):
                  internalError: Data.Array.Accelerate.LLVM.PTX.State:53:9
              
                This failure can be reproduced by running:
                > recheck (Size 0) (Seed 16069941549228400326 10812361554336363649) stencil3
              
            Use '--hedgehog-replay "Size 0 Seed 16069941549228400326 10812361554336363649"' to reproduce.
          stencil5:           FAIL (0.05s)
              ✗ stencil5 failed at src/Data/Array/Accelerate/Test/NoFib/Prelude/Stencil.hs:125:3
                after 1 test.
              
                ━━━ Exception (ErrorCall) ━━━
                
                *** Internal error in package accelerate ***
                *** Please submit a bug report at https://github.com/AccelerateHS/accelerate/issues
                
                CUDA Exception: an illegal memory access was encountered
                8
                
                
                CallStack (from HasCallStack):
                  internalError: Data.Array.Accelerate.LLVM.PTX.State:53:9
              
                This failure can be reproduced by running:
                > recheck (Size 0) (Seed 6189872412136985070 5030092392488439397) stencil5
              
            Use '--hedgehog-replay "Size 0 Seed 6189872412136985070 5030092392488439397"' to reproduce.
          stencil7:           FAIL (0.05s)
              ✗ stencil7 failed at src/Data/Array/Accelerate/Test/NoFib/Prelude/Stencil.hs:144:3
                after 1 test.
              
                ━━━ Exception (ErrorCall) ━━━
                
                *** Internal error in package accelerate ***
                *** Please submit a bug report at https://github.com/AccelerateHS/accelerate/issues
                
                CUDA Exception: an illegal memory access was encountered
                qe
                
                
                CallStack (from HasCallStack):
                  internalError: Data.Array.Accelerate.LLVM.PTX.State:53:9
              
                This failure can be reproduced by running:
                > recheck (Size 0) (Seed 6429363199012866791 12416480589570283607) stencil7
              
            Use '--hedgehog-replay "Size 0 Seed 6429363199012866791 12416480589570283607"' to reproduce.
          stencil9:           FAIL (0.05s)
              ✗ stencil9 failed at src/Data/Array/Accelerate/Test/NoFib/Prelude/Stencil.hs:163:3
                after 1 test.
              
                ━━━ Exception (ErrorCall) ━━━
                
                *** Internal error in package accelerate ***
                *** Please submit a bug report at https://github.com/AccelerateHS/accelerate/issues
                
                CUDA Exception: an illegal memory access was encountered
                qe
                
                
                CallStack (from HasCallStack):
                  internalError: Data.Array.Accelerate.LLVM.PTX.State:53:9
              
                This failure can be reproduced by running:
                > recheck (Size 0) (Seed 1415750601686215020 10330923418849758317) stencil9
              
            Use '--hedgehog-replay "Size 0 Seed 1415750601686215020 10330923418849758317"' to reproduce.
        DIM2
          stencil3x3:         FAIL (0.06s)
              ✗ stencil3x3 failed at src/Data/Array/Accelerate/Test/NoFib/Prelude/Stencil.hs:183:3
                after 1 test.
              
                ━━━ Exception (ErrorCall) ━━━
                
                *** Internal error in package accelerate ***
                *** Please submit a bug report at https://github.com/AccelerateHS/accelerate/issues
                
                CUDA Exception: an illegal memory access was encountered
                0n
                
                
                CallStack (from HasCallStack):
                  internalError: Data.Array.Accelerate.LLVM.PTX.State:53:9
              
                This failure can be reproduced by running:
                > recheck (Size 0) (Seed 8416371482512485828 13438286064272644033) stencil3x3
              
            Use '--hedgehog-replay "Size 0 Seed 8416371482512485828 13438286064272644033"' to reproduce.
          stencil5x5:         FAIL (0.08s)
              ✗ stencil5x5 failed at src/Data/Array/Accelerate/Test/NoFib/Prelude/Stencil.hs:204:3
                after 1 test.
              
                ━━━ Exception (ErrorCall) ━━━
                
                *** Internal error in package accelerate ***
                *** Please submit a bug report at https://github.com/AccelerateHS/accelerate/issues
                
                CUDA Exception: an illegal memory access was encountered
                 >
                
                
                CallStack (from HasCallStack):
                  internalError: Data.Array.Accelerate.LLVM.PTX.State:53:9
              
                This failure can be reproduced by running:
                > recheck (Size 0) (Seed 11799432721630851187 10214231507650918595) stencil5x5
              
            Use '--hedgehog-replay "Size 0 Seed 11799432721630851187 10214231507650918595"' to reproduce.
          stencil7x7:         FAIL (0.16s)
              ✗ stencil7x7 failed at src/Data/Array/Accelerate/Test/NoFib/Prelude/Stencil.hs:225:3
                after 1 test.
              
                ━━━ Exception (ErrorCall) ━━━
                
                *** Internal error in package accelerate ***
                *** Please submit a bug report at https://github.com/AccelerateHS/accelerate/issues
                
                CUDA Exception: an illegal memory access was encountered
                ͓
                
                
                CallStack (from HasCallStack):
                  internalError: Data.Array.Accelerate.LLVM.PTX.State:53:9
              
                This failure can be reproduced by running:
                > recheck (Size 0) (Seed 10091103803337764721 16891219126646406273) stencil7x7
              
            Use '--hedgehog-replay "Size 0 Seed 10091103803337764721 16891219126646406273"' to reproduce.
          stencil9x9:         FAIL (0.23s)
              ✗ stencil9x9 failed at src/Data/Array/Accelerate/Test/NoFib/Prelude/Stencil.hs:246:3
                after 1 test.
              
                ━━━ Exception (ErrorCall) ━━━
                
                *** Internal error in package accelerate ***
                *** Please submit a bug report at https://github.com/AccelerateHS/accelerate/issues
                
                CUDA Exception: an illegal memory access was encountered
                9
                
                
                CallStack (from HasCallStack):
                  internalError: Data.Array.Accelerate.LLVM.PTX.State:53:9
              
                This failure can be reproduced by running:
                > recheck (Size 0) (Seed 11742889358949606127 10918616535266472723) stencil9x9
              
            Use '--hedgehog-replay "Size 0 Seed 11742889358949606127 10918616535266472723"' to reproduce.
        DIM3
          stencil3x3x3:       FAIL (0.10s)
              ✗ stencil3x3x3 failed at src/Data/Array/Accelerate/Test/NoFib/Prelude/Stencil.hs:267:3
                after 1 test.
              
                ━━━ Exception (ErrorCall) ━━━
                
                *** Internal error in package accelerate ***
                *** Please submit a bug report at https://github.com/AccelerateHS/accelerate/issues
                
                CUDA Exception: an illegal memory access was encountered
                
                
                
                CallStack (from HasCallStack):
                  internalError: Data.Array.Accelerate.LLVM.PTX.State:53:9
              
                This failure can be reproduced by running:
                > recheck (Size 0) (Seed 8098374416555762765 980745164130634801) stencil3x3x3
              
            Use '--hedgehog-replay "Size 0 Seed 8098374416555762765 980745164130634801"' to reproduce.
  imaginary
    sasum
      Int64:                  FAIL (0.08s)
          ✗ Int64 failed at src/Data/Array/Accelerate/Test/NoFib/Imaginary/SASUM.hs:69:3
            after 1 test.
          
            ━━━ Exception (ErrorCall) ━━━
            
            *** Internal error in package accelerate ***
            *** Please submit a bug report at https://github.com/AccelerateHS/accelerate/issues
            
            ptxas - -o /home/dpvanbalen/.cache/accelerate/accelerate-llvm-1.3.0.0/accelerate-llvm-ptx-1.3.0.0/llvm-hs-9.0.1/nvptx64-nvidia-cuda/sm75/rel/morp980756cb624ff884f2b9542fa5be480339ff495af9f078d2dd44b2b53125c30d.sass -arch=sm_75 (exit 255)
            ptxas fatal   : Unresolved extern function 'llabs'
            
            
            CallStack (from HasCallStack):
              internalError: Data.Array.Accelerate.LLVM.PTX.Compile:185:24
              compileCUBIN: Data.Array.Accelerate.LLVM.PTX.Compile:123:20
              compile: Data.Array.Accelerate.LLVM.PTX.Compile:88:22
          
            This failure can be reproduced by running:
            > recheck (Size 0) (Seed 724958988790561998 6251159815638017899) Int64
          
        Use '--hedgehog-replay "Size 0 Seed 724958988790561998 6251159815638017899"' to reproduce.
      Double:                 FAIL
          ✗ Double failed at src/Data/Array/Accelerate/Test/NoFib/Imaginary/SASUM.hs:69:3
            after 1 test.
          
            ━━━ Exception (ErrorCall) ━━━
            
            *** Internal error in package accelerate ***
            *** Please submit a bug report at https://github.com/AccelerateHS/accelerate/issues
            
            CUDA Exception: an illegal memory access was encountered
            1
            
            
            CallStack (from HasCallStack):
              internalError: Data.Array.Accelerate.LLVM.PTX.State:53:9
          
            This failure can be reproduced by running:
            > recheck (Size 0) (Seed 10254941162496224187 5921159285389513083) Double
          
        Use '--hedgehog-replay "Size 0 Seed 10254941162496224187 5921159285389513083"' to reproduce.
    saxpy
      Int64:                  FAIL
          ✗ Int64 failed at src/Data/Array/Accelerate/Test/NoFib/Imaginary/SAXPY.hs:70:3
            after 1 test.
          
            ━━━ Exception (ErrorCall) ━━━
            
            *** Internal error in package accelerate ***
            *** Please submit a bug report at https://github.com/AccelerateHS/accelerate/issues
            
            CUDA Exception: an illegal memory access was encountered
            
            
            
            CallStack (from HasCallStack):
              internalError: Data.Array.Accelerate.LLVM.PTX.State:53:9
          
            This failure can be reproduced by running:
            > recheck (Size 0) (Seed 13289840024856768482 13785676747952244331) Int64
          
        Use '--hedgehog-replay "Size 0 Seed 13289840024856768482 13785676747952244331"' to reproduce.
      Double:                 FAIL
          ✗ Double failed at src/Data/Array/Accelerate/Test/NoFib/Imaginary/SAXPY.hs:70:3
            after 1 test.
          
            ━━━ Exception (ErrorCall) ━━━
            
            *** Internal error in package accelerate ***
            *** Please submit a bug report at https://github.com/AccelerateHS/accelerate/issues
            
            CUDA Exception: an illegal memory access was encountered
            >
            
            
            CallStack (from HasCallStack):
              internalError: Data.Array.Accelerate.LLVM.PTX.State:53:9
          
            This failure can be reproduced by running:
            > recheck (Size 0) (Seed 15773392336625618816 17973134273591561573) Double
          
        Use '--hedgehog-replay "Size 0 Seed 15773392336625618816 17973134273591561573"' to reproduce.
    dot product
      Int64:                  FAIL
          ✗ Int64 failed at src/Data/Array/Accelerate/Test/NoFib/Imaginary/DotP.hs:69:3
            after 1 test.
          
            ━━━ Exception (ErrorCall) ━━━
            
            *** Internal error in package accelerate ***
            *** Please submit a bug report at https://github.com/AccelerateHS/accelerate/issues
            
            CUDA Exception: an illegal memory access was encountered
            
            
            
            CallStack (from HasCallStack):
              internalError: Data.Array.Accelerate.LLVM.PTX.State:53:9
          
            This failure can be reproduced by running:
            > recheck (Size 0) (Seed 7630745952480803655 11721351468348793331) Int64
          
        Use '--hedgehog-replay "Size 0 Seed 7630745952480803655 11721351468348793331"' to reproduce.
      Double:                 FAIL
          ✗ Double failed at src/Data/Array/Accelerate/Test/NoFib/Imaginary/DotP.hs:69:3
            after 1 test.
          
            ━━━ Exception (ErrorCall) ━━━
            
            *** Internal error in package accelerate ***
            *** Please submit a bug report at https://github.com/AccelerateHS/accelerate/issues
            
            CUDA Exception: an illegal memory access was encountered
            B
            
            
            CallStack (from HasCallStack):
              internalError: Data.Array.Accelerate.LLVM.PTX.State:53:9
          
            This failure can be reproduced by running:
            > recheck (Size 0) (Seed 10644001734688972728 9565039098876837649) Double
          
        Use '--hedgehog-replay "Size 0 Seed 10644001734688972728 9565039098876837649"' to reproduce.
  spectral
    blackscholes
      Double:                 FAIL
          ✗ Double failed at src/Data/Array/Accelerate/Test/NoFib/Spectral/BlackScholes.hs:64:3
            after 1 test.
          
            ━━━ Exception (ErrorCall) ━━━
            
            *** Internal error in package accelerate ***
            *** Please submit a bug report at https://github.com/AccelerateHS/accelerate/issues
            
            CUDA Exception: an illegal memory access was encountered
            !X
            
            
            CallStack (from HasCallStack):
              internalError: Data.Array.Accelerate.LLVM.PTX.State:53:9
          
            This failure can be reproduced by running:
            > recheck (Size 0) (Seed 3796800308007456380 15311003047550127419) Double
          
        Use '--hedgehog-replay "Size 0 Seed 3796800308007456380 15311003047550127419"' to reproduce.
    smvm
      Double:                 FAIL
          ✗ Double failed at src/Data/Array/Accelerate/Test/NoFib/Spectral/SMVM.hs:57:3
            after 1 test.
          
            ━━━ Exception (ErrorCall) ━━━
            
            *** Internal error in package accelerate ***
            *** Please submit a bug report at https://github.com/AccelerateHS/accelerate/issues
            
            CUDA Exception: an illegal memory access was encountered
            /
            
            
            CallStack (from HasCallStack):
              internalError: Data.Array.Accelerate.LLVM.PTX.State:53:9
          
            This failure can be reproduced by running:
            > recheck (Size 0) (Seed 7198366292109520514 555800567755511689) Double
          
        Use '--hedgehog-replay "Size 0 Seed 7198366292109520514 555800567755511689"' to reproduce.
    radixsort
      Int64
        ascending:            FAIL (0.58s)
            ✗ ascending failed at src/Data/Array/Accelerate/Test/NoFib/Spectral/RadixSort.hs:76:3
              after 1 test.
            
              ━━━ Exception (ErrorCall) ━━━
              
              *** Internal error in package accelerate ***
              *** Please submit a bug report at https://github.com/AccelerateHS/accelerate/issues
              
              CUDA Exception: an illegal memory access was encountered
              `
              
              
              CallStack (from HasCallStack):
                internalError: Data.Array.Accelerate.LLVM.PTX.State:53:9
            
              This failure can be reproduced by running:
              > recheck (Size 0) (Seed 15279300388876562744 10416820884764262593) ascending
            
          Use '--hedgehog-replay "Size 0 Seed 15279300388876562744 10416820884764262593"' to reproduce.
        descending:           FAIL (0.56s)
            ✗ descending failed at src/Data/Array/Accelerate/Test/NoFib/Spectral/RadixSort.hs:87:3
              after 1 test.
            
              ━━━ Exception (ErrorCall) ━━━
              
              *** Internal error in package accelerate ***
              *** Please submit a bug report at https://github.com/AccelerateHS/accelerate/issues
              
              CUDA Exception: an illegal memory access was encountered
               U
              
              
              CallStack (from HasCallStack):
                internalError: Data.Array.Accelerate.LLVM.PTX.State:53:9
            
              This failure can be reproduced by running:
              > recheck (Size 0) (Seed 10648935259911939371 10265037805798169417) descending
            
          Use '--hedgehog-replay "Size 0 Seed 10648935259911939371 10265037805798169417"' to reproduce.
        key-value:            FAIL (0.65s)
            ✗ key-value failed at src/Data/Array/Accelerate/Test/NoFib/Spectral/RadixSort.hs:99:3
              after 1 test.
            
              ━━━ Exception (ErrorCall) ━━━
              
              *** Internal error in package accelerate ***
              *** Please submit a bug report at https://github.com/AccelerateHS/accelerate/issues
              
              CUDA Exception: an illegal memory access was encountered
              
              
              
              CallStack (from HasCallStack):
                internalError: Data.Array.Accelerate.LLVM.PTX.State:53:9
            
              This failure can be reproduced by running:
              > recheck (Size 0) (Seed 10652290603358042354 11103347664115972811) key-value
            
          Use '--hedgehog-replay "Size 0 Seed 10652290603358042354 11103347664115972811"' to reproduce.
  issues
    93:                       FAIL
      Exception: 
      *** Internal error in package accelerate ***
      *** Please submit a bug report at https://github.com/AccelerateHS/accelerate/issues
      
      CUDA Exception: an illegal memory access was encountered
      O
      
      
      CallStack (from HasCallStack):
        internalError: Data.Array.Accelerate.LLVM.PTX.State:53:9
    102:                      FAIL
      Exception: 
      *** Internal error in package accelerate ***
      *** Please submit a bug report at https://github.com/AccelerateHS/accelerate/issues
      
      CUDA Exception: an illegal memory access was encountered
      
      
      
      CallStack (from HasCallStack):
        internalError: Data.Array.Accelerate.LLVM.PTX.State:53:9
    114
      A:                      FAIL
        Exception: 
        *** Internal error in package accelerate ***
        *** Please submit a bug report at https://github.com/AccelerateHS/accelerate/issues
        
        CUDA Exception: an illegal memory access was encountered
        Ѳ
        
        
        CallStack (from HasCallStack):
          internalError: Data.Array.Accelerate.LLVM.PTX.State:53:9
      B:                      FAIL
        Exception: 
        *** Internal error in package accelerate ***
        *** Please submit a bug report at https://github.com/AccelerateHS/accelerate/issues
        
        CUDA Exception: an illegal memory access was encountered
        p
        
        
        CallStack (from HasCallStack):
          internalError: Data.Array.Accelerate.LLVM.PTX.State:53:9
    119
      A:                      FAIL
        Exception: 
        *** Internal error in package accelerate ***
        *** Please submit a bug report at https://github.com/AccelerateHS/accelerate/issues
        
        CUDA Exception: an illegal memory access was encountered
        
        
        
        CallStack (from HasCallStack):
          internalError: Data.Array.Accelerate.LLVM.PTX.State:53:9
      B:                      FAIL
        Exception: 
        *** Internal error in package accelerate ***
        *** Please submit a bug report at https://github.com/AccelerateHS/accelerate/issues
        
        CUDA Exception: an illegal memory access was encountered
        z^CB
        
        
        CallStack (from HasCallStack):
          internalError: Data.Array.Accelerate.LLVM.PTX.State:53:9
      C:                      FAIL
        Exception: 
        *** Internal error in package accelerate ***
        *** Please submit a bug report at https://github.com/AccelerateHS/accelerate/issues
        
        CUDA Exception: an illegal memory access was encountered
        B
        
        
        CallStack (from HasCallStack):
          internalError: Data.Array.Accelerate.LLVM.PTX.State:53:9
      D:                      FAIL
        Exception: 
        *** Internal error in package accelerate ***
        *** Please submit a bug report at https://github.com/AccelerateHS/accelerate/issues
        
        CUDA Exception: an illegal memory access was encountered
        
        
        
        CallStack (from HasCallStack):
          internalError: Data.Array.Accelerate.LLVM.PTX.State:53:9
      E:                      FAIL
        Exception: 
        *** Internal error in package accelerate ***
        *** Please submit a bug report at https://github.com/AccelerateHS/accelerate/issues
        
        CUDA Exception: an illegal memory access was encountered
        [B
        
        
        CallStack (from HasCallStack):
          internalError: Data.Array.Accelerate.LLVM.PTX.State:53:9
      F:                      FAIL
        Exception: 
        *** Internal error in package accelerate ***
        *** Please submit a bug report at https://github.com/AccelerateHS/accelerate/issues
        
        CUDA Exception: an illegal memory access was encountered
        C
        
        
        CallStack (from HasCallStack):
          internalError: Data.Array.Accelerate.LLVM.PTX.State:53:9
      G:                      FAIL
        Exception: 
        *** Internal error in package accelerate ***
        *** Please submit a bug report at https://github.com/AccelerateHS/accelerate/issues
        
        CUDA Exception: an illegal memory access was encountered
        :
        
        
        CallStack (from HasCallStack):
          internalError: Data.Array.Accelerate.LLVM.PTX.State:53:9
      H:                      FAIL
        Exception: 
        *** Internal error in package accelerate ***
        *** Please submit a bug report at https://github.com/AccelerateHS/accelerate/issues
        
        CUDA Exception: an illegal memory access was encountered
        ȯ
        
        
        CallStack (from HasCallStack):
          internalError: Data.Array.Accelerate.LLVM.PTX.State:53:9
      I:                      FAIL
        Exception: 
        *** Internal error in package accelerate ***
        *** Please submit a bug report at https://github.com/AccelerateHS/accelerate/issues
        
        CUDA Exception: an illegal memory access was encountered
        8B
        
        
        CallStack (from HasCallStack):
          internalError: Data.Array.Accelerate.LLVM.PTX.State:53:9
      J:                      FAIL
        Exception: 
        *** Internal error in package accelerate ***
        *** Please submit a bug report at https://github.com/AccelerateHS/accelerate/issues
        
        CUDA Exception: an illegal memory access was encountered
        C
        
        
        CallStack (from HasCallStack):
          internalError: Data.Array.Accelerate.LLVM.PTX.State:53:9
      K:                      FAIL
        Exception: 
        *** Internal error in package accelerate ***
        *** Please submit a bug report at https://github.com/AccelerateHS/accelerate/issues
        
        CUDA Exception: an illegal memory access was encountered
        x
        
        
        CallStack (from HasCallStack):
          internalError: Data.Array.Accelerate.LLVM.PTX.State:53:9
    123:                      FAIL
      Exception: 
      *** Internal error in package accelerate ***
      *** Please submit a bug report at https://github.com/AccelerateHS/accelerate/issues
      
      CUDA Exception: an illegal memory access was encountered
      X,
      
      
      CallStack (from HasCallStack):
        internalError: Data.Array.Accelerate.LLVM.PTX.State:53:9
    137:                      FAIL
      Exception: 
      *** Internal error in package accelerate ***
      *** Please submit a bug report at https://github.com/AccelerateHS/accelerate/issues
      
      ptxas - -o /home/dpvanbalen/.cache/accelerate/accelerate-llvm-1.3.0.0/accelerate-llvm-ptx-1.3.0.0/llvm-hs-9.0.1/nvptx64-nvidia-cuda/sm75/rel/morpb5348fc923d18497fac39eb2b86f305d0926b4cb37271dbac387984ee5f1bcd5.sass -arch=sm_75 (exit 255)
      ptxas fatal   : Unresolved extern function 'llabs'
      
      
      CallStack (from HasCallStack):
        internalError: Data.Array.Accelerate.LLVM.PTX.Compile:185:24
        compileCUBIN: Data.Array.Accelerate.LLVM.PTX.Compile:123:20
        compile: Data.Array.Accelerate.LLVM.PTX.Compile:88:22
    168
      A:                      FAIL
        Exception: 
        *** Internal error in package accelerate ***
        *** Please submit a bug report at https://github.com/AccelerateHS/accelerate/issues
        
        CUDA Exception: an illegal memory access was encountered
        8M
        
        
        CallStack (from HasCallStack):
          internalError: Data.Array.Accelerate.LLVM.PTX.State:53:9
      B:                      FAIL
        Exception: 
        *** Internal error in package accelerate ***
        *** Please submit a bug report at https://github.com/AccelerateHS/accelerate/issues
        
        CUDA Exception: an illegal memory access was encountered
        
        
        
        CallStack (from HasCallStack):
          internalError: Data.Array.Accelerate.LLVM.PTX.State:53:9
      C:                      FAIL
        Exception: 
        *** Internal error in package accelerate ***
        *** Please submit a bug report at https://github.com/AccelerateHS/accelerate/issues
        
        CUDA Exception: an illegal memory access was encountered
        
        ?
        
        
        CallStack (from HasCallStack):
          internalError: Data.Array.Accelerate.LLVM.PTX.State:53:9
    184
      A:                      FAIL
        Exception: 
        *** Internal error in package accelerate ***
        *** Please submit a bug report at https://github.com/AccelerateHS/accelerate/issues
        
        CUDA Exception: an illegal memory access was encountered
        /
        
        
        CallStack (from HasCallStack):
          internalError: Data.Array.Accelerate.LLVM.PTX.State:53:9
      B:                      FAIL
        Exception: 
        *** Internal error in package accelerate ***
        *** Please submit a bug report at https://github.com/AccelerateHS/accelerate/issues
        
        CUDA Exception: an illegal memory access was encountered
        
        CallStack (from HasCallStack):
          internalError: Data.Array.Accelerate.LLVM.PTX.State:53:9
      C:                      FAIL
        Exception: 
        *** Internal error in package accelerate ***
        *** Please submit a bug report at https://github.com/AccelerateHS/accelerate/issues
        
        CUDA Exception: an illegal memory access was encountered
        
        CallStack (from HasCallStack):
          internalError: Data.Array.Accelerate.LLVM.PTX.State:53:9
    185
      A:                      FAIL
        Exception: 
        *** Internal error in package accelerate ***
        *** Please submit a bug report at https://github.com/AccelerateHS/accelerate/issues
        
        CUDA Exception: an illegal memory access was encountered
        {sB
        
        
        CallStack (from HasCallStack):
          internalError: Data.Array.Accelerate.LLVM.PTX.State:53:9
      B:                      FAIL
        Exception: 
        *** Internal error in package accelerate ***
        *** Please submit a bug report at https://github.com/AccelerateHS/accelerate/issues
        
        CUDA Exception: an illegal memory access was encountered
        1
        
        
        CallStack (from HasCallStack):
          internalError: Data.Array.Accelerate.LLVM.PTX.State:53:9
      C:                      FAIL
        Exception: 
        *** Internal error in package accelerate ***
        *** Please submit a bug report at https://github.com/AccelerateHS/accelerate/issues
        
        CUDA Exception: an illegal memory access was encountered
        
        
        
        CallStack (from HasCallStack):
          internalError: Data.Array.Accelerate.LLVM.PTX.State:53:9
      D:                      FAIL
        Exception: 
        *** Internal error in package accelerate ***
        *** Please submit a bug report at https://github.com/AccelerateHS/accelerate/issues
        
        CUDA Exception: an illegal memory access was encountered
        C
        
        
        CallStack (from HasCallStack):
          internalError: Data.Array.Accelerate.LLVM.PTX.State:53:9
      E:                      FAIL
        Exception: 
        *** Internal error in package accelerate ***
        *** Please submit a bug report at https://github.com/AccelerateHS/accelerate/issues
        
        CUDA Exception: an illegal memory access was encountered
        0?
        
        
        CallStack (from HasCallStack):
          internalError: Data.Array.Accelerate.LLVM.PTX.State:53:9
      F:                      FAIL
        Exception: 
        *** Internal error in package accelerate ***
        *** Please submit a bug report at https://github.com/AccelerateHS/accelerate/issues
        
        CUDA Exception: an illegal memory access was encountered
        L
        
        
        CallStack (from HasCallStack):
          internalError: Data.Array.Accelerate.LLVM.PTX.State:53:9
    187
      A:                      FAIL
        Exception: 
        *** Internal error in package accelerate ***
        *** Please submit a bug report at https://github.com/AccelerateHS/accelerate/issues
        
        CUDA Exception: an illegal memory access was encountered
        
        
        
        CallStack (from HasCallStack):
          internalError: Data.Array.Accelerate.LLVM.PTX.State:53:9
      B:                      FAIL
        Exception: 
        *** Internal error in package accelerate ***
        *** Please submit a bug report at https://github.com/AccelerateHS/accelerate/issues
        
        CUDA Exception: an illegal memory access was encountered
        B
        
        
        CallStack (from HasCallStack):
          internalError: Data.Array.Accelerate.LLVM.PTX.State:53:9
    228
      A:                      FAIL
        Exception: 
        *** Internal error in package accelerate ***
        *** Please submit a bug report at https://github.com/AccelerateHS/accelerate/issues
        
        CUDA Exception: an illegal memory access was encountered
        _?
        
        
        CallStack (from HasCallStack):
          internalError: Data.Array.Accelerate.LLVM.PTX.State:53:9
      B:                      FAIL
        Exception: 
        *** Internal error in package accelerate ***
        *** Please submit a bug report at https://github.com/AccelerateHS/accelerate/issues
        
        CUDA Exception: an illegal memory access was encountered
        ]
        
        
        CallStack (from HasCallStack):
          internalError: Data.Array.Accelerate.LLVM.PTX.State:53:9
    255
      0:                      FAIL
        Exception: 
        *** Internal error in package accelerate ***
        *** Please submit a bug report at https://github.com/AccelerateHS/accelerate/issues
        
        CUDA Exception: an illegal memory access was encountered
        zS
        
        
        CallStack (from HasCallStack):
          internalError: Data.Array.Accelerate.LLVM.PTX.State:53:9
      2:                      FAIL
        Exception: 
        *** Internal error in package accelerate ***
        *** Please submit a bug report at https://github.com/AccelerateHS/accelerate/issues
        
        CUDA Exception: an illegal memory access was encountered
        zS
        
        
        CallStack (from HasCallStack):
          internalError: Data.Array.Accelerate.LLVM.PTX.State:53:9
      4:                      FAIL
        Exception: 
        *** Internal error in package accelerate ***
        *** Please submit a bug report at https://github.com/AccelerateHS/accelerate/issues
        
        CUDA Exception: an illegal memory access was encountered
        zS
        
        
        CallStack (from HasCallStack):
          internalError: Data.Array.Accelerate.LLVM.PTX.State:53:9
      20:                     FAIL
        Exception: 
        *** Internal error in package accelerate ***
        *** Please submit a bug report at https://github.com/AccelerateHS/accelerate/issues
        
        CUDA Exception: an illegal memory access was encountered
        zS
        
        
        CallStack (from HasCallStack):
          internalError: Data.Array.Accelerate.LLVM.PTX.State:53:9
      100:                    FAIL
        Exception: 
        *** Internal error in package accelerate ***
        *** Please submit a bug report at https://github.com/AccelerateHS/accelerate/issues
        
        CUDA Exception: an illegal memory access was encountered
        zS
        
        
        CallStack (from HasCallStack):
          internalError: Data.Array.Accelerate.LLVM.PTX.State:53:9
    264
      Bool
        not.not:              FAIL
            ✗ not.not failed at src/Data/Array/Accelerate/Test/NoFib/Issues/Issue264.hs:84:51
              after 1 test and 1 shrink.
            
              forAll0 =
                Scalar Z [ False ]
            
              ━━━ Exception (ErrorCall) ━━━
              
              *** Internal error in package accelerate ***
              *** Please submit a bug report at https://github.com/AccelerateHS/accelerate/issues
              
              CUDA Exception: an illegal memory access was encountered
              
              CallStack (from HasCallStack):
                internalError: Data.Array.Accelerate.LLVM.PTX.State:53:9
            
              This failure can be reproduced by running:
              > recheck (Size 0) (Seed 2144942423055752173 7252284106758792479) not.not
            
          Use '--hedgehog-replay "Size 0 Seed 2144942423055752173 7252284106758792479"' to reproduce.
        not(&&):              FAIL
            ✗ not(&&) failed at src/Data/Array/Accelerate/Test/NoFib/Issues/Issue264.hs:90:3
              after 1 test.
            
              ━━━ Exception (ErrorCall) ━━━
              
              *** Internal error in package accelerate ***
              *** Please submit a bug report at https://github.com/AccelerateHS/accelerate/issues
              
              CUDA Exception: an illegal memory access was encountered
              b>
              
              
              CallStack (from HasCallStack):
                internalError: Data.Array.Accelerate.LLVM.PTX.State:53:9
            
              This failure can be reproduced by running:
              > recheck (Size 0) (Seed 7325984319484819373 17091713052091413155) not(&&)
            
          Use '--hedgehog-replay "Size 0 Seed 7325984319484819373 17091713052091413155"' to reproduce.
        not(||):              FAIL
            ✗ not(||) failed at src/Data/Array/Accelerate/Test/NoFib/Issues/Issue264.hs:99:3
              after 1 test.
            
              ━━━ Exception (ErrorCall) ━━━
              
              *** Internal error in package accelerate ***
              *** Please submit a bug report at https://github.com/AccelerateHS/accelerate/issues
              
              CUDA Exception: an illegal memory access was encountered
              
              
              
              CallStack (from HasCallStack):
                internalError: Data.Array.Accelerate.LLVM.PTX.State:53:9
            
              This failure can be reproduced by running:
              > recheck (Size 0) (Seed 17653200138565151958 6847026741146249293) not(||)
            
          Use '--hedgehog-replay "Size 0 Seed 17653200138565151958 6847026741146249293"' to reproduce.
        not(not(&&)):         FAIL
            ✗ not(not(&&)) failed at src/Data/Array/Accelerate/Test/NoFib/Issues/Issue264.hs:108:3
              after 1 test.
            
              ━━━ Exception (ErrorCall) ━━━
              
              *** Internal error in package accelerate ***
              *** Please submit a bug report at https://github.com/AccelerateHS/accelerate/issues
              
              CUDA Exception: an illegal memory access was encountered
              p
              
              
              CallStack (from HasCallStack):
                internalError: Data.Array.Accelerate.LLVM.PTX.State:53:9
            
              This failure can be reproduced by running:
              > recheck (Size 0) (Seed 4598099753595423699 1168980593698546423) not(not(&&))
            
          Use '--hedgehog-replay "Size 0 Seed 4598099753595423699 1168980593698546423"' to reproduce.
        not(not(||)):         FAIL
            ✗ not(not(||)) failed at src/Data/Array/Accelerate/Test/NoFib/Issues/Issue264.hs:117:3
              after 1 test.
            
              ━━━ Exception (ErrorCall) ━━━
              
              *** Internal error in package accelerate ***
              *** Please submit a bug report at https://github.com/AccelerateHS/accelerate/issues
              
              CUDA Exception: an illegal memory access was encountered
              
              
              
              CallStack (from HasCallStack):
                internalError: Data.Array.Accelerate.LLVM.PTX.State:53:9
            
              This failure can be reproduced by running:
              > recheck (Size 0) (Seed 13202993177228945850 16323383973940149289) not(not(||))
            
          Use '--hedgehog-replay "Size 0 Seed 13202993177228945850 16323383973940149289"' to reproduce.
      Int64
        neg.neg:              FAIL
            ✗ neg.neg failed at src/Data/Array/Accelerate/Test/NoFib/Issues/Issue264.hs:131:53
              after 1 test.
            
              forAll0 =
                Vector (Z :. 0) []
              
              forAll1 =
                Z :. 0
            
              ━━━ Exception (ErrorCall) ━━━
              
              *** Internal error in package accelerate ***
              *** Please submit a bug report at https://github.com/AccelerateHS/accelerate/issues
              
              CUDA Exception: an illegal memory access was encountered
              
              CallStack (from HasCallStack):
                internalError: Data.Array.Accelerate.LLVM.PTX.State:53:9
            
              This failure can be reproduced by running:
              > recheck (Size 0) (Seed 9546682128198764549 9495200323686526485) neg.neg
            
          Use '--hedgehog-replay "Size 0 Seed 9546682128198764549 9495200323686526485"' to reproduce.
      Double
        neg.neg:              FAIL
            ✗ neg.neg failed at src/Data/Array/Accelerate/Test/NoFib/Issues/Issue264.hs:131:53
              after 1 test.
            
              forAll0 =
                Vector (Z :. 0) []
              
              forAll1 =
                Z :. 0
            
              ━━━ Exception (ErrorCall) ━━━
              
              *** Internal error in package accelerate ***
              *** Please submit a bug report at https://github.com/AccelerateHS/accelerate/issues
              
              CUDA Exception: an illegal memory access was encountered
              
              CallStack (from HasCallStack):
                internalError: Data.Array.Accelerate.LLVM.PTX.State:53:9
            
              This failure can be reproduced by running:
              > recheck (Size 0) (Seed 13375978789046165479 812353994982308983) neg.neg
            
          Use '--hedgehog-replay "Size 0 Seed 13375978789046165479 812353994982308983"' to reproduce.
    287
      A:                      FAIL
        Exception: 
        *** Internal error in package accelerate ***
        *** Please submit a bug report at https://github.com/AccelerateHS/accelerate/issues
        
        CUDA Exception: an illegal memory access was encountered
        ՙ
        
        
        CallStack (from HasCallStack):
          internalError: Data.Array.Accelerate.LLVM.PTX.State:53:9
      B:                      FAIL
        Exception: 
        *** Internal error in package accelerate ***
        *** Please submit a bug report at https://github.com/AccelerateHS/accelerate/issues
        
        CUDA Exception: an illegal memory access was encountered
        _B
        
        
        CallStack (from HasCallStack):
          internalError: Data.Array.Accelerate.LLVM.PTX.State:53:9
      C:                      FAIL
        Exception: 
        *** Internal error in package accelerate ***
        *** Please submit a bug report at https://github.com/AccelerateHS/accelerate/issues
        
        CUDA Exception: an illegal memory access was encountered
        ߟ
        
        
        CallStack (from HasCallStack):
          internalError: Data.Array.Accelerate.LLVM.PTX.State:53:9
    288:                      FAIL
      Exception: 
      *** Internal error in package accelerate ***
      *** Please submit a bug report at https://github.com/AccelerateHS/accelerate/issues
      
      CUDA Exception: an illegal memory access was encountered
      o
      
      
      CallStack (from HasCallStack):
        internalError: Data.Array.Accelerate.LLVM.PTX.State:53:9
    362
      A:                      FAIL
        Exception: 
        *** Internal error in package accelerate ***
        *** Please submit a bug report at https://github.com/AccelerateHS/accelerate/issues
        
        CUDA Exception: an illegal memory access was encountered
        
        
        
        CallStack (from HasCallStack):
          internalError: Data.Array.Accelerate.LLVM.PTX.State:53:9
      B:                      FAIL
        Exception: 
        *** Internal error in package accelerate ***
        *** Please submit a bug report at https://github.com/AccelerateHS/accelerate/issues
        
        CUDA Exception: an illegal memory access was encountered
        `
        
        
        CallStack (from HasCallStack):
          internalError: Data.Array.Accelerate.LLVM.PTX.State:53:9
    issue364
      Int64
        A:                    FAIL
          Exception: 
          *** Internal error in package accelerate ***
          *** Please submit a bug report at https://github.com/AccelerateHS/accelerate/issues
          
          CUDA Exception: an illegal memory access was encountered
          p`C
          
          
          CallStack (from HasCallStack):
            internalError: Data.Array.Accelerate.LLVM.PTX.State:53:9
        B:                    FAIL
          Exception: 
          *** Internal error in package accelerate ***
          *** Please submit a bug report at https://github.com/AccelerateHS/accelerate/issues
          
          CUDA Exception: an illegal memory access was encountered
          B
          
          
          CallStack (from HasCallStack):
            internalError: Data.Array.Accelerate.LLVM.PTX.State:53:9
      Double
        A:                    FAIL
          Exception: 
          *** Internal error in package accelerate ***
          *** Please submit a bug report at https://github.com/AccelerateHS/accelerate/issues
          
          CUDA Exception: an illegal memory access was encountered
          /W
          
          
          CallStack (from HasCallStack):
            internalError: Data.Array.Accelerate.LLVM.PTX.State:53:9
        B:                    FAIL
          Exception: 
          *** Internal error in package accelerate ***
          *** Please submit a bug report at https://github.com/AccelerateHS/accelerate/issues
          
          CUDA Exception: an illegal memory access was encountered
          =
          
          
          CallStack (from HasCallStack):
            internalError: Data.Array.Accelerate.LLVM.PTX.State:53:9
    407
      Float
        isNaN:                FAIL
          Exception: 
          *** Internal error in package accelerate ***
          *** Please submit a bug report at https://github.com/AccelerateHS/accelerate/issues
          
          CUDA Exception: an illegal memory access was encountered
          ]1B
          
          
          CallStack (from HasCallStack):
            internalError: Data.Array.Accelerate.LLVM.PTX.State:53:9
        isInfinite:           FAIL
          Exception: 
          *** Internal error in package accelerate ***
          *** Please submit a bug report at https://github.com/AccelerateHS/accelerate/issues
          
          CUDA Exception: an illegal memory access was encountered
          
          
          
          CallStack (from HasCallStack):
            internalError: Data.Array.Accelerate.LLVM.PTX.State:53:9
      Double
        isNaN:                FAIL
          Exception: 
          *** Internal error in package accelerate ***
          *** Please submit a bug report at https://github.com/AccelerateHS/accelerate/issues
          
          CUDA Exception: an illegal memory access was encountered
          pB
          
          
          CallStack (from HasCallStack):
            internalError: Data.Array.Accelerate.LLVM.PTX.State:53:9
        isInfinite:           FAIL
          Exception: 
          *** Internal error in package accelerate ***
          *** Please submit a bug report at https://github.com/AccelerateHS/accelerate/issues
          
          CUDA Exception: an illegal memory access was encountered
          O
          
          
          CallStack (from HasCallStack):
            internalError: Data.Array.Accelerate.LLVM.PTX.State:53:9
    409
      Float
        A:                    FAIL
          Exception: 
          *** Internal error in package accelerate ***
          *** Please submit a bug report at https://github.com/AccelerateHS/accelerate/issues
          
          CUDA Exception: an illegal memory access was encountered
          if209.exitB
          
          
          CallStack (from HasCallStack):
            internalError: Data.Array.Accelerate.LLVM.PTX.State:53:9
      Double
        A:                    FAIL
          Exception: 
          *** Internal error in package accelerate ***
          *** Please submit a bug report at https://github.com/AccelerateHS/accelerate/issues
          
          CUDA Exception: an illegal memory access was encountered
          1*
          
          
          CallStack (from HasCallStack):
            internalError: Data.Array.Accelerate.LLVM.PTX.State:53:9
    436
      A:                      FAIL
        Exception: 
        *** Internal error in package accelerate ***
        *** Please submit a bug report at https://github.com/AccelerateHS/accelerate/issues
        
        CUDA Exception: an illegal memory access was encountered
        cPB
        
        
        CallStack (from HasCallStack):
          internalError: Data.Array.Accelerate.LLVM.PTX.State:53:9
      B:                      FAIL
        Exception: 
        *** Internal error in package accelerate ***
        *** Please submit a bug report at https://github.com/AccelerateHS/accelerate/issues
        
        CUDA Exception: an illegal memory access was encountered
        0
        
        
        CallStack (from HasCallStack):
          internalError: Data.Array.Accelerate.LLVM.PTX.State:53:9
    437:                      FAIL (expected)
      src/Data/Array/Accelerate/Test/NoFib/Issues/Issue437.hs:42:
      This test requires building with -fdebug(expected failure)
    439:                      FAIL
      Exception: 
      *** Internal error in package accelerate ***
      *** Please submit a bug report at https://github.com/AccelerateHS/accelerate/issues
      
      CUDA Exception: an illegal memory access was encountered
      B
      
      
      CallStack (from HasCallStack):
        internalError: Data.Array.Accelerate.LLVM.PTX.State:53:9

258 out of 615 tests failed (139.48s)

accelerate-llvm-ptx> Test suite nofib-llvm-ptx failed
Completed 2 action(s).
Test suite failure for package accelerate-llvm-ptx-1.3.0.0
    nofib-llvm-ptx:  exited with: ExitFailure 1
Logs printed to console

